00:13:13.397 [QuartzScheduler_RuoyiScheduler-LAPTOP-054BLB7L1674462123784_ClusterManager] ERROR c.a.d.f.s.StatFilter - [internalAfterStatementExecute,478] - slow sql 1048 millis. SELECT * FROM QRTZ_SCHEDULER_STATE WHERE SCHED_NAME = 'RuoyiScheduler'[]
00:43:10.102 [QuartzScheduler_RuoyiScheduler-LAPTOP-054BLB7L1674462123784_ClusterManager] ERROR c.a.d.f.s.StatFilter - [internalAfterStatementExecute,478] - slow sql 1271 millis. SELECT * FROM QRTZ_SCHEDULER_STATE WHERE SCHED_NAME = 'RuoyiScheduler'[]
00:43:13.928 [RuoyiScheduler_QuartzSchedulerThread] ERROR c.a.d.f.s.StatFilter - [internalAfterStatementExecute,478] - slow sql 1156 millis. SELECT TRIGGER_NAME, TRIGGER_GROUP, NEXT_FIRE_TIME, PRIORITY FROM QRTZ_TRIGGERS WHERE SCHED_NAME = 'RuoyiScheduler' AND TRIGGER_STATE = ? AND NEXT_FIRE_TIME <= ? AND (MISFIRE_INSTR = -1 OR (MISFIRE_INSTR != -1 AND NEXT_FIRE_TIME >= ?)) ORDER BY NEXT_FIRE_TIME ASC, PRIORITY DESC["WAITING",1674492219075,1674492180772]
00:48:25.429 [QuartzScheduler_RuoyiScheduler-LAPTOP-054BLB7L1674462123784_MisfireHandler] ERROR c.a.d.f.s.StatFilter - [internalAfterStatementExecute,478] - slow sql 1049 millis. SELECT COUNT(TRIGGER_NAME) FROM QRTZ_TRIGGERS WHERE SCHED_NAME = 'RuoyiScheduler' AND NOT (MISFIRE_INSTR = -1) AND NEXT_FIRE_TIME < ? AND TRIGGER_STATE = ?[1674492492378,"WAITING"]
01:18:24.693 [QuartzScheduler_RuoyiScheduler-LAPTOP-054BLB7L1674462123784_ClusterManager] ERROR c.a.d.f.s.StatFilter - [internalAfterStatementExecute,478] - slow sql 1128 millis. SELECT * FROM QRTZ_SCHEDULER_STATE WHERE SCHED_NAME = 'RuoyiScheduler'[]
01:23:26.221 [QuartzScheduler_RuoyiScheduler-LAPTOP-054BLB7L1674462123784_MisfireHandler] ERROR c.a.d.f.s.StatFilter - [internalAfterStatementExecute,478] - slow sql 1275 millis. SELECT COUNT(TRIGGER_NAME) FROM QRTZ_TRIGGERS WHERE SCHED_NAME = 'RuoyiScheduler' AND NOT (MISFIRE_INSTR = -1) AND NEXT_FIRE_TIME < ? AND TRIGGER_STATE = ?[1674494592946,"WAITING"]
01:23:28.861 [QuartzScheduler_RuoyiScheduler-LAPTOP-054BLB7L1674462123784_ClusterManager] ERROR c.a.d.f.s.StatFilter - [internalAfterStatementExecute,478] - slow sql 1264 millis. UPDATE QRTZ_SCHEDULER_STATE SET LAST_CHECKIN_TIME = ? WHERE SCHED_NAME = 'RuoyiScheduler' AND INSTANCE_NAME = ?[1674494607596,"LAPTOP-054BLB7L1674462123784"]
01:23:35.035 [RuoyiScheduler_QuartzSchedulerThread] ERROR c.a.d.f.s.StatFilter - [internalAfterStatementExecute,478] - slow sql 1090 millis. SELECT TRIGGER_NAME, TRIGGER_GROUP, NEXT_FIRE_TIME, PRIORITY FROM QRTZ_TRIGGERS WHERE SCHED_NAME = 'RuoyiScheduler' AND TRIGGER_STATE = ? AND NEXT_FIRE_TIME <= ? AND (MISFIRE_INSTR = -1 OR (MISFIRE_INSTR != -1 AND NEXT_FIRE_TIME >= ?)) ORDER BY NEXT_FIRE_TIME ASC, PRIORITY DESC["WAITING",1674494643599,1674494601944]
01:23:38.313 [QuartzScheduler_RuoyiScheduler-LAPTOP-054BLB7L1674462123784_MisfireHandler] ERROR c.a.d.f.s.StatFilter - [internalAfterStatementExecute,478] - slow sql 1090 millis. SELECT COUNT(TRIGGER_NAME) FROM QRTZ_TRIGGERS WHERE SCHED_NAME = 'RuoyiScheduler' AND NOT (MISFIRE_INSTR = -1) AND NEXT_FIRE_TIME < ? AND TRIGGER_STATE = ?[1674494605222,"WAITING"]
01:53:38.121 [QuartzScheduler_RuoyiScheduler-LAPTOP-054BLB7L1674462123784_MisfireHandler] ERROR c.a.d.f.s.StatFilter - [internalAfterStatementExecute,478] - slow sql 1286 millis. SELECT COUNT(TRIGGER_NAME) FROM QRTZ_TRIGGERS WHERE SCHED_NAME = 'RuoyiScheduler' AND NOT (MISFIRE_INSTR = -1) AND NEXT_FIRE_TIME < ? AND TRIGGER_STATE = ?[1674496404834,"WAITING"]
01:53:40.530 [QuartzScheduler_RuoyiScheduler-LAPTOP-054BLB7L1674462123784_ClusterManager] ERROR c.a.d.f.s.StatFilter - [internalAfterStatementExecute,478] - slow sql 1059 millis. SELECT * FROM QRTZ_SCHEDULER_STATE WHERE SCHED_NAME = 'RuoyiScheduler'[]
01:53:44.848 [Druid-ConnectionPool-Create-1039802168] ERROR c.a.d.p.DruidDataSource - [put,2486] - create connection holder error
com.mysql.cj.jdbc.exceptions.CommunicationsException: Communications link failure

The last packet successfully received from the server was 1,003 milliseconds ago. The last packet sent successfully to the server was 1,042 milliseconds ago.
	at com.mysql.cj.jdbc.exceptions.SQLError.createCommunicationsException(SQLError.java:174)
	at com.mysql.cj.jdbc.exceptions.SQLExceptionsMapping.translateException(SQLExceptionsMapping.java:64)
	at com.mysql.cj.jdbc.ConnectionImpl.isReadOnly(ConnectionImpl.java:1414)
	at com.mysql.cj.jdbc.ConnectionImpl.isReadOnly(ConnectionImpl.java:1399)
	at com.alibaba.druid.filter.FilterChainImpl.connection_isReadOnly(FilterChainImpl.java:463)
	at com.alibaba.druid.filter.FilterAdapter.connection_isReadOnly(FilterAdapter.java:894)
	at com.alibaba.druid.filter.FilterChainImpl.connection_isReadOnly(FilterChainImpl.java:459)
	at com.alibaba.druid.proxy.jdbc.ConnectionProxyImpl.isReadOnly(ConnectionProxyImpl.java:291)
	at com.alibaba.druid.pool.DruidConnectionHolder.<init>(DruidConnectionHolder.java:140)
	at com.alibaba.druid.pool.DruidConnectionHolder.<init>(DruidConnectionHolder.java:79)
	at com.alibaba.druid.pool.DruidDataSource.put(DruidDataSource.java:2476)
	at com.alibaba.druid.pool.DruidDataSource$CreateConnectionThread.run(DruidDataSource.java:2821)
Caused by: com.mysql.cj.exceptions.CJCommunicationsException: Communications link failure

The last packet successfully received from the server was 1,003 milliseconds ago. The last packet sent successfully to the server was 1,042 milliseconds ago.
	at sun.reflect.NativeConstructorAccessorImpl.newInstance0(Native Method)
	at sun.reflect.NativeConstructorAccessorImpl.newInstance(NativeConstructorAccessorImpl.java:62)
	at sun.reflect.DelegatingConstructorAccessorImpl.newInstance(DelegatingConstructorAccessorImpl.java:45)
	at java.lang.reflect.Constructor.newInstance(Constructor.java:423)
	at com.mysql.cj.exceptions.ExceptionFactory.createException(ExceptionFactory.java:61)
	at com.mysql.cj.exceptions.ExceptionFactory.createException(ExceptionFactory.java:105)
	at com.mysql.cj.exceptions.ExceptionFactory.createException(ExceptionFactory.java:151)
	at com.mysql.cj.exceptions.ExceptionFactory.createCommunicationsException(ExceptionFactory.java:167)
	at com.mysql.cj.protocol.a.NativeProtocol.clearInputStream(NativeProtocol.java:807)
	at com.mysql.cj.protocol.a.NativeProtocol.sendCommand(NativeProtocol.java:622)
	at com.mysql.cj.protocol.a.NativeProtocol.sendCommand(NativeProtocol.java:128)
	at com.mysql.cj.NativeSession.sendCommand(NativeSession.java:311)
	at com.mysql.cj.NativeSession.queryServerVariable(NativeSession.java:1008)
	at com.mysql.cj.jdbc.ConnectionImpl.isReadOnly(ConnectionImpl.java:1406)
	... 9 common frames omitted
Caused by: java.io.IOException: Socket is closed
	at com.mysql.cj.protocol.AbstractSocketConnection.getMysqlInput(AbstractSocketConnection.java:72)
	at com.mysql.cj.protocol.a.NativeProtocol.clearInputStream(NativeProtocol.java:803)
	... 14 common frames omitted
01:58:43.707 [QuartzScheduler_RuoyiScheduler-LAPTOP-054BLB7L1674462123784_ClusterManager] ERROR c.a.d.f.s.StatFilter - [internalAfterStatementExecute,478] - slow sql 1240 millis. UPDATE QRTZ_SCHEDULER_STATE SET LAST_CHECKIN_TIME = ? WHERE SCHED_NAME = 'RuoyiScheduler' AND INSTANCE_NAME = ?[1674496722468,"LAPTOP-054BLB7L1674462123784"]
01:58:50.648 [QuartzScheduler_RuoyiScheduler-LAPTOP-054BLB7L1674462123784_MisfireHandler] ERROR c.a.d.f.s.StatFilter - [internalAfterStatementExecute,478] - slow sql 1169 millis. SELECT COUNT(TRIGGER_NAME) FROM QRTZ_TRIGGERS WHERE SCHED_NAME = 'RuoyiScheduler' AND NOT (MISFIRE_INSTR = -1) AND NEXT_FIRE_TIME < ? AND TRIGGER_STATE = ?[1674496717478,"WAITING"]
02:33:53.590 [RuoyiScheduler_QuartzSchedulerThread] ERROR c.a.d.f.s.StatFilter - [internalAfterStatementExecute,478] - slow sql 1091 millis. SELECT TRIGGER_NAME, TRIGGER_GROUP, NEXT_FIRE_TIME, PRIORITY FROM QRTZ_TRIGGERS WHERE SCHED_NAME = 'RuoyiScheduler' AND TRIGGER_STATE = ? AND NEXT_FIRE_TIME <= ? AND (MISFIRE_INSTR = -1 OR (MISFIRE_INSTR != -1 AND NEXT_FIRE_TIME >= ?)) ORDER BY NEXT_FIRE_TIME ASC, PRIORITY DESC["WAITING",1674498861897,1674498820498]
02:33:58.398 [QuartzScheduler_RuoyiScheduler-LAPTOP-054BLB7L1674462123784_ClusterManager] ERROR c.a.d.f.s.StatFilter - [internalAfterStatementExecute,478] - slow sql 1210 millis. SELECT * FROM QRTZ_SCHEDULER_STATE WHERE SCHED_NAME = 'RuoyiScheduler'[]
03:03:55.722 [QuartzScheduler_RuoyiScheduler-LAPTOP-054BLB7L1674462123784_ClusterManager] ERROR c.a.d.f.s.StatFilter - [internalAfterStatementExecute,478] - slow sql 1284 millis. SELECT * FROM QRTZ_SCHEDULER_STATE WHERE SCHED_NAME = 'RuoyiScheduler'[]
03:08:59.769 [RuoyiScheduler_QuartzSchedulerThread] ERROR c.a.d.f.s.StatFilter - [internalAfterStatementExecute,478] - slow sql 1221 millis. SELECT TRIGGER_NAME, TRIGGER_GROUP, NEXT_FIRE_TIME, PRIORITY FROM QRTZ_TRIGGERS WHERE SCHED_NAME = 'RuoyiScheduler' AND TRIGGER_STATE = ? AND NEXT_FIRE_TIME <= ? AND (MISFIRE_INSTR = -1 OR (MISFIRE_INSTR != -1 AND NEXT_FIRE_TIME >= ?)) ORDER BY NEXT_FIRE_TIME ASC, PRIORITY DESC["WAITING",1674500968409,1674500926547]
03:09:02.335 [QuartzScheduler_RuoyiScheduler-LAPTOP-054BLB7L1674462123784_MisfireHandler] ERROR c.a.d.f.s.StatFilter - [internalAfterStatementExecute,478] - slow sql 1266 millis. SELECT COUNT(TRIGGER_NAME) FROM QRTZ_TRIGGERS WHERE SCHED_NAME = 'RuoyiScheduler' AND NOT (MISFIRE_INSTR = -1) AND NEXT_FIRE_TIME < ? AND TRIGGER_STATE = ?[1674500929068,"WAITING"]
03:39:02.828 [QuartzScheduler_RuoyiScheduler-LAPTOP-054BLB7L1674462123784_MisfireHandler] ERROR c.a.d.f.s.StatFilter - [internalAfterStatementExecute,478] - slow sql 1289 millis. SELECT COUNT(TRIGGER_NAME) FROM QRTZ_TRIGGERS WHERE SCHED_NAME = 'RuoyiScheduler' AND NOT (MISFIRE_INSTR = -1) AND NEXT_FIRE_TIME < ? AND TRIGGER_STATE = ?[1674502729538,"WAITING"]
03:39:06.611 [RuoyiScheduler_QuartzSchedulerThread] ERROR c.a.d.f.s.StatFilter - [internalAfterStatementExecute,478] - slow sql 1318 millis. SELECT TRIGGER_NAME, TRIGGER_GROUP, NEXT_FIRE_TIME, PRIORITY FROM QRTZ_TRIGGERS WHERE SCHED_NAME = 'RuoyiScheduler' AND TRIGGER_STATE = ? AND NEXT_FIRE_TIME <= ? AND (MISFIRE_INSTR = -1 OR (MISFIRE_INSTR != -1 AND NEXT_FIRE_TIME >= ?)) ORDER BY NEXT_FIRE_TIME ASC, PRIORITY DESC["WAITING",1674502774864,1674502733291]
03:44:05.520 [RuoyiScheduler_QuartzSchedulerThread] ERROR c.a.d.f.s.StatFilter - [internalAfterStatementExecute,478] - slow sql 1313 millis. SELECT TRIGGER_NAME, TRIGGER_GROUP, NEXT_FIRE_TIME, PRIORITY FROM QRTZ_TRIGGERS WHERE SCHED_NAME = 'RuoyiScheduler' AND TRIGGER_STATE = ? AND NEXT_FIRE_TIME <= ? AND (MISFIRE_INSTR = -1 OR (MISFIRE_INSTR != -1 AND NEXT_FIRE_TIME >= ?)) ORDER BY NEXT_FIRE_TIME ASC, PRIORITY DESC["WAITING",1674503073124,1674503032206]
03:44:14.178 [QuartzScheduler_RuoyiScheduler-LAPTOP-054BLB7L1674462123784_ClusterManager] ERROR c.a.d.f.s.StatFilter - [internalAfterStatementExecute,478] - slow sql 1092 millis. SELECT * FROM QRTZ_SCHEDULER_STATE WHERE SCHED_NAME = 'RuoyiScheduler'[]
03:44:15.240 [QuartzScheduler_RuoyiScheduler-LAPTOP-054BLB7L1674462123784_ClusterManager] ERROR c.a.d.f.s.StatFilter - [internalAfterStatementExecute,478] - slow sql 1052 millis. UPDATE QRTZ_SCHEDULER_STATE SET LAST_CHECKIN_TIME = ? WHERE SCHED_NAME = 'RuoyiScheduler' AND INSTANCE_NAME = ?[1674503054178,"LAPTOP-054BLB7L1674462123784"]
03:44:17.467 [QuartzScheduler_RuoyiScheduler-LAPTOP-054BLB7L1674462123784_MisfireHandler] ERROR c.a.d.f.s.StatFilter - [internalAfterStatementExecute,478] - slow sql 1052 millis. SELECT COUNT(TRIGGER_NAME) FROM QRTZ_TRIGGERS WHERE SCHED_NAME = 'RuoyiScheduler' AND NOT (MISFIRE_INSTR = -1) AND NEXT_FIRE_TIME < ? AND TRIGGER_STATE = ?[1674503044414,"WAITING"]
03:44:19.761 [Druid-ConnectionPool-Create-1039802168] ERROR c.a.d.p.DruidDataSource - [put,2486] - create connection holder error
com.mysql.cj.jdbc.exceptions.CommunicationsException: Communications link failure

The last packet successfully received from the server was 1,002 milliseconds ago. The last packet sent successfully to the server was 1,040 milliseconds ago.
	at com.mysql.cj.jdbc.exceptions.SQLError.createCommunicationsException(SQLError.java:174)
	at com.mysql.cj.jdbc.exceptions.SQLExceptionsMapping.translateException(SQLExceptionsMapping.java:64)
	at com.mysql.cj.jdbc.ConnectionImpl.isReadOnly(ConnectionImpl.java:1414)
	at com.mysql.cj.jdbc.ConnectionImpl.isReadOnly(ConnectionImpl.java:1399)
	at com.alibaba.druid.filter.FilterChainImpl.connection_isReadOnly(FilterChainImpl.java:463)
	at com.alibaba.druid.filter.FilterAdapter.connection_isReadOnly(FilterAdapter.java:894)
	at com.alibaba.druid.filter.FilterChainImpl.connection_isReadOnly(FilterChainImpl.java:459)
	at com.alibaba.druid.proxy.jdbc.ConnectionProxyImpl.isReadOnly(ConnectionProxyImpl.java:291)
	at com.alibaba.druid.pool.DruidConnectionHolder.<init>(DruidConnectionHolder.java:140)
	at com.alibaba.druid.pool.DruidConnectionHolder.<init>(DruidConnectionHolder.java:79)
	at com.alibaba.druid.pool.DruidDataSource.put(DruidDataSource.java:2476)
	at com.alibaba.druid.pool.DruidDataSource$CreateConnectionThread.run(DruidDataSource.java:2821)
Caused by: com.mysql.cj.exceptions.CJCommunicationsException: Communications link failure

The last packet successfully received from the server was 1,002 milliseconds ago. The last packet sent successfully to the server was 1,040 milliseconds ago.
	at sun.reflect.NativeConstructorAccessorImpl.newInstance0(Native Method)
	at sun.reflect.NativeConstructorAccessorImpl.newInstance(NativeConstructorAccessorImpl.java:62)
	at sun.reflect.DelegatingConstructorAccessorImpl.newInstance(DelegatingConstructorAccessorImpl.java:45)
	at java.lang.reflect.Constructor.newInstance(Constructor.java:423)
	at com.mysql.cj.exceptions.ExceptionFactory.createException(ExceptionFactory.java:61)
	at com.mysql.cj.exceptions.ExceptionFactory.createException(ExceptionFactory.java:105)
	at com.mysql.cj.exceptions.ExceptionFactory.createException(ExceptionFactory.java:151)
	at com.mysql.cj.exceptions.ExceptionFactory.createCommunicationsException(ExceptionFactory.java:167)
	at com.mysql.cj.protocol.a.NativeProtocol.clearInputStream(NativeProtocol.java:807)
	at com.mysql.cj.protocol.a.NativeProtocol.sendCommand(NativeProtocol.java:622)
	at com.mysql.cj.protocol.a.NativeProtocol.sendCommand(NativeProtocol.java:128)
	at com.mysql.cj.NativeSession.sendCommand(NativeSession.java:311)
	at com.mysql.cj.NativeSession.queryServerVariable(NativeSession.java:1008)
	at com.mysql.cj.jdbc.ConnectionImpl.isReadOnly(ConnectionImpl.java:1406)
	... 9 common frames omitted
Caused by: java.io.IOException: Socket is closed
	at com.mysql.cj.protocol.AbstractSocketConnection.getMysqlInput(AbstractSocketConnection.java:72)
	at com.mysql.cj.protocol.a.NativeProtocol.clearInputStream(NativeProtocol.java:803)
	... 14 common frames omitted
04:14:12.330 [QuartzScheduler_RuoyiScheduler-LAPTOP-054BLB7L1674462123784_ClusterManager] ERROR c.a.d.f.s.StatFilter - [internalAfterStatementExecute,478] - slow sql 1298 millis. SELECT * FROM QRTZ_SCHEDULER_STATE WHERE SCHED_NAME = 'RuoyiScheduler'[]
04:14:13.629 [QuartzScheduler_RuoyiScheduler-LAPTOP-054BLB7L1674462123784_ClusterManager] ERROR c.a.d.f.s.StatFilter - [internalAfterStatementExecute,478] - slow sql 1298 millis. UPDATE QRTZ_SCHEDULER_STATE SET LAST_CHECKIN_TIME = ? WHERE SCHED_NAME = 'RuoyiScheduler' AND INSTANCE_NAME = ?[1674504852331,"LAPTOP-054BLB7L1674462123784"]
04:14:14.772 [QuartzScheduler_RuoyiScheduler-LAPTOP-054BLB7L1674462123784_MisfireHandler] ERROR c.a.d.f.s.StatFilter - [internalAfterStatementExecute,478] - slow sql 1089 millis. SELECT COUNT(TRIGGER_NAME) FROM QRTZ_TRIGGERS WHERE SCHED_NAME = 'RuoyiScheduler' AND NOT (MISFIRE_INSTR = -1) AND NEXT_FIRE_TIME < ? AND TRIGGER_STATE = ?[1674504841697,"WAITING"]
04:19:16.273 [QuartzScheduler_RuoyiScheduler-LAPTOP-054BLB7L1674462123784_ClusterManager] ERROR c.a.d.f.s.StatFilter - [internalAfterStatementExecute,478] - slow sql 1239 millis. UPDATE QRTZ_SCHEDULER_STATE SET LAST_CHECKIN_TIME = ? WHERE SCHED_NAME = 'RuoyiScheduler' AND INSTANCE_NAME = ?[1674505155033,"LAPTOP-054BLB7L1674462123784"]
04:19:27.358 [QuartzScheduler_RuoyiScheduler-LAPTOP-054BLB7L1674462123784_MisfireHandler] ERROR c.a.d.f.s.StatFilter - [internalAfterStatementExecute,478] - slow sql 1088 millis. SELECT COUNT(TRIGGER_NAME) FROM QRTZ_TRIGGERS WHERE SCHED_NAME = 'RuoyiScheduler' AND NOT (MISFIRE_INSTR = -1) AND NEXT_FIRE_TIME < ? AND TRIGGER_STATE = ?[1674505154269,"WAITING"]
04:49:29.569 [QuartzScheduler_RuoyiScheduler-LAPTOP-054BLB7L1674462123784_ClusterManager] ERROR c.a.d.f.s.StatFilter - [internalAfterStatementExecute,478] - slow sql 1052 millis. UPDATE QRTZ_SCHEDULER_STATE SET LAST_CHECKIN_TIME = ? WHERE SCHED_NAME = 'RuoyiScheduler' AND INSTANCE_NAME = ?[1674506968517,"LAPTOP-054BLB7L1674462123784"]
04:54:28.893 [RuoyiScheduler_QuartzSchedulerThread] ERROR c.a.d.f.s.StatFilter - [internalAfterStatementExecute,478] - slow sql 1137 millis. SELECT TRIGGER_NAME, TRIGGER_GROUP, NEXT_FIRE_TIME, PRIORITY FROM QRTZ_TRIGGERS WHERE SCHED_NAME = 'RuoyiScheduler' AND TRIGGER_STATE = ? AND NEXT_FIRE_TIME <= ? AND (MISFIRE_INSTR = -1 OR (MISFIRE_INSTR != -1 AND NEXT_FIRE_TIME >= ?)) ORDER BY NEXT_FIRE_TIME ASC, PRIORITY DESC["WAITING",1674507297718,1674507255755]
04:54:31.751 [QuartzScheduler_RuoyiScheduler-LAPTOP-054BLB7L1674462123784_ClusterManager] ERROR c.a.d.f.s.StatFilter - [internalAfterStatementExecute,478] - slow sql 1278 millis. SELECT * FROM QRTZ_SCHEDULER_STATE WHERE SCHED_NAME = 'RuoyiScheduler'[]
05:24:39.375 [QuartzScheduler_RuoyiScheduler-LAPTOP-054BLB7L1674462123784_MisfireHandler] ERROR c.a.d.f.s.StatFilter - [internalAfterStatementExecute,478] - slow sql 1051 millis. SELECT COUNT(TRIGGER_NAME) FROM QRTZ_TRIGGERS WHERE SCHED_NAME = 'RuoyiScheduler' AND NOT (MISFIRE_INSTR = -1) AND NEXT_FIRE_TIME < ? AND TRIGGER_STATE = ?[1674509066323,"WAITING"]
05:24:40.545 [RuoyiScheduler_QuartzSchedulerThread] ERROR c.a.d.f.s.StatFilter - [internalAfterStatementExecute,478] - slow sql 1092 millis. SELECT TRIGGER_NAME, TRIGGER_GROUP, NEXT_FIRE_TIME, PRIORITY FROM QRTZ_TRIGGERS WHERE SCHED_NAME = 'RuoyiScheduler' AND TRIGGER_STATE = ? AND NEXT_FIRE_TIME <= ? AND (MISFIRE_INSTR = -1 OR (MISFIRE_INSTR != -1 AND NEXT_FIRE_TIME >= ?)) ORDER BY NEXT_FIRE_TIME ASC, PRIORITY DESC["WAITING",1674509108782,1674509067452]
05:24:44.146 [QuartzScheduler_RuoyiScheduler-LAPTOP-054BLB7L1674462123784_ClusterManager] ERROR c.a.d.f.s.StatFilter - [internalAfterStatementExecute,478] - slow sql 1180 millis. SELECT * FROM QRTZ_SCHEDULER_STATE WHERE SCHED_NAME = 'RuoyiScheduler'[]
05:29:36.218 [RuoyiScheduler_QuartzSchedulerThread] ERROR c.a.d.f.s.StatFilter - [internalAfterStatementExecute,478] - slow sql 1279 millis. SELECT TRIGGER_NAME, TRIGGER_GROUP, NEXT_FIRE_TIME, PRIORITY FROM QRTZ_TRIGGERS WHERE SCHED_NAME = 'RuoyiScheduler' AND TRIGGER_STATE = ? AND NEXT_FIRE_TIME <= ? AND (MISFIRE_INSTR = -1 OR (MISFIRE_INSTR != -1 AND NEXT_FIRE_TIME >= ?)) ORDER BY NEXT_FIRE_TIME ASC, PRIORITY DESC["WAITING",1674509403801,1674509362937]
05:29:39.973 [QuartzScheduler_RuoyiScheduler-LAPTOP-054BLB7L1674462123784_MisfireHandler] ERROR c.a.d.f.s.StatFilter - [internalAfterStatementExecute,478] - slow sql 1257 millis. SELECT COUNT(TRIGGER_NAME) FROM QRTZ_TRIGGERS WHERE SCHED_NAME = 'RuoyiScheduler' AND NOT (MISFIRE_INSTR = -1) AND NEXT_FIRE_TIME < ? AND TRIGGER_STATE = ?[1674509366716,"WAITING"]
05:29:46.902 [QuartzScheduler_RuoyiScheduler-LAPTOP-054BLB7L1674462123784_ClusterManager] ERROR c.a.d.f.s.StatFilter - [internalAfterStatementExecute,478] - slow sql 1041 millis. SELECT * FROM QRTZ_SCHEDULER_STATE WHERE SCHED_NAME = 'RuoyiScheduler'[]
05:59:44.451 [QuartzScheduler_RuoyiScheduler-LAPTOP-054BLB7L1674462123784_ClusterManager] ERROR c.a.d.f.s.StatFilter - [internalAfterStatementExecute,478] - slow sql 1217 millis. SELECT * FROM QRTZ_SCHEDULER_STATE WHERE SCHED_NAME = 'RuoyiScheduler'[]
05:59:49.285 [RuoyiScheduler_QuartzSchedulerThread] ERROR c.a.d.f.s.StatFilter - [internalAfterStatementExecute,478] - slow sql 1087 millis. SELECT TRIGGER_NAME, TRIGGER_GROUP, NEXT_FIRE_TIME, PRIORITY FROM QRTZ_TRIGGERS WHERE SCHED_NAME = 'RuoyiScheduler' AND TRIGGER_STATE = ? AND NEXT_FIRE_TIME <= ? AND (MISFIRE_INSTR = -1 OR (MISFIRE_INSTR != -1 AND NEXT_FIRE_TIME >= ?)) ORDER BY NEXT_FIRE_TIME ASC, PRIORITY DESC["WAITING",1674511218097,1674511176197]
06:04:48.502 [QuartzScheduler_RuoyiScheduler-LAPTOP-054BLB7L1674462123784_ClusterManager] ERROR c.a.d.f.s.StatFilter - [internalAfterStatementExecute,478] - slow sql 1118 millis. SELECT * FROM QRTZ_SCHEDULER_STATE WHERE SCHED_NAME = 'RuoyiScheduler'[]
06:04:52.381 [QuartzScheduler_RuoyiScheduler-LAPTOP-054BLB7L1674462123784_MisfireHandler] ERROR c.a.d.f.s.StatFilter - [internalAfterStatementExecute,478] - slow sql 1319 millis. SELECT COUNT(TRIGGER_NAME) FROM QRTZ_TRIGGERS WHERE SCHED_NAME = 'RuoyiScheduler' AND NOT (MISFIRE_INSTR = -1) AND NEXT_FIRE_TIME < ? AND TRIGGER_STATE = ?[1674511479062,"WAITING"]
06:34:59.116 [RuoyiScheduler_QuartzSchedulerThread] ERROR c.a.d.f.s.StatFilter - [internalAfterStatementExecute,478] - slow sql 1481 millis. SELECT TRIGGER_NAME, TRIGGER_GROUP, NEXT_FIRE_TIME, PRIORITY FROM QRTZ_TRIGGERS WHERE SCHED_NAME = 'RuoyiScheduler' AND TRIGGER_STATE = ? AND NEXT_FIRE_TIME <= ? AND (MISFIRE_INSTR = -1 OR (MISFIRE_INSTR != -1 AND NEXT_FIRE_TIME >= ?)) ORDER BY NEXT_FIRE_TIME ASC, PRIORITY DESC["WAITING",1674513326207,1674513285635]
06:40:00.890 [RuoyiScheduler_QuartzSchedulerThread] ERROR c.a.d.f.s.StatFilter - [internalAfterStatementExecute,478] - slow sql 1325 millis. SELECT TRIGGER_NAME, TRIGGER_GROUP, NEXT_FIRE_TIME, PRIORITY FROM QRTZ_TRIGGERS WHERE SCHED_NAME = 'RuoyiScheduler' AND TRIGGER_STATE = ? AND NEXT_FIRE_TIME <= ? AND (MISFIRE_INSTR = -1 OR (MISFIRE_INSTR != -1 AND NEXT_FIRE_TIME >= ?)) ORDER BY NEXT_FIRE_TIME ASC, PRIORITY DESC["WAITING",1674513628744,1674513587565]
06:40:04.335 [QuartzScheduler_RuoyiScheduler-LAPTOP-054BLB7L1674462123784_MisfireHandler] ERROR c.a.d.f.s.StatFilter - [internalAfterStatementExecute,478] - slow sql 1088 millis. SELECT COUNT(TRIGGER_NAME) FROM QRTZ_TRIGGERS WHERE SCHED_NAME = 'RuoyiScheduler' AND NOT (MISFIRE_INSTR = -1) AND NEXT_FIRE_TIME < ? AND TRIGGER_STATE = ?[1674513591250,"WAITING"]
06:40:06.523 [QuartzScheduler_RuoyiScheduler-LAPTOP-054BLB7L1674462123784_ClusterManager] ERROR c.a.d.f.s.StatFilter - [internalAfterStatementExecute,478] - slow sql 1044 millis. UPDATE QRTZ_SCHEDULER_STATE SET LAST_CHECKIN_TIME = ? WHERE SCHED_NAME = 'RuoyiScheduler' AND INSTANCE_NAME = ?[1674513605478,"LAPTOP-054BLB7L1674462123784"]
07:10:04.038 [QuartzScheduler_RuoyiScheduler-LAPTOP-054BLB7L1674462123784_MisfireHandler] ERROR c.a.d.f.s.StatFilter - [internalAfterStatementExecute,478] - slow sql 1228 millis. SELECT COUNT(TRIGGER_NAME) FROM QRTZ_TRIGGERS WHERE SCHED_NAME = 'RuoyiScheduler' AND NOT (MISFIRE_INSTR = -1) AND NEXT_FIRE_TIME < ? AND TRIGGER_STATE = ?[1674515390817,"WAITING"]
07:10:06.666 [QuartzScheduler_RuoyiScheduler-LAPTOP-054BLB7L1674462123784_ClusterManager] ERROR c.a.d.f.s.StatFilter - [internalAfterStatementExecute,478] - slow sql 1264 millis. SELECT * FROM QRTZ_SCHEDULER_STATE WHERE SCHED_NAME = 'RuoyiScheduler'[]
07:10:09.917 [Druid-ConnectionPool-Create-1039802168] ERROR c.a.d.p.DruidDataSource - [put,2486] - create connection holder error
com.mysql.cj.jdbc.exceptions.CommunicationsException: Communications link failure

The last packet successfully received from the server was 1,002 milliseconds ago. The last packet sent successfully to the server was 1,039 milliseconds ago.
	at com.mysql.cj.jdbc.exceptions.SQLError.createCommunicationsException(SQLError.java:174)
	at com.mysql.cj.jdbc.exceptions.SQLExceptionsMapping.translateException(SQLExceptionsMapping.java:64)
	at com.mysql.cj.jdbc.ConnectionImpl.isReadOnly(ConnectionImpl.java:1414)
	at com.mysql.cj.jdbc.ConnectionImpl.isReadOnly(ConnectionImpl.java:1399)
	at com.alibaba.druid.filter.FilterChainImpl.connection_isReadOnly(FilterChainImpl.java:463)
	at com.alibaba.druid.filter.FilterAdapter.connection_isReadOnly(FilterAdapter.java:894)
	at com.alibaba.druid.filter.FilterChainImpl.connection_isReadOnly(FilterChainImpl.java:459)
	at com.alibaba.druid.proxy.jdbc.ConnectionProxyImpl.isReadOnly(ConnectionProxyImpl.java:291)
	at com.alibaba.druid.pool.DruidConnectionHolder.<init>(DruidConnectionHolder.java:140)
	at com.alibaba.druid.pool.DruidConnectionHolder.<init>(DruidConnectionHolder.java:79)
	at com.alibaba.druid.pool.DruidDataSource.put(DruidDataSource.java:2476)
	at com.alibaba.druid.pool.DruidDataSource$CreateConnectionThread.run(DruidDataSource.java:2821)
Caused by: com.mysql.cj.exceptions.CJCommunicationsException: Communications link failure

The last packet successfully received from the server was 1,002 milliseconds ago. The last packet sent successfully to the server was 1,039 milliseconds ago.
	at sun.reflect.GeneratedConstructorAccessor116.newInstance(Unknown Source)
	at sun.reflect.DelegatingConstructorAccessorImpl.newInstance(DelegatingConstructorAccessorImpl.java:45)
	at java.lang.reflect.Constructor.newInstance(Constructor.java:423)
	at com.mysql.cj.exceptions.ExceptionFactory.createException(ExceptionFactory.java:61)
	at com.mysql.cj.exceptions.ExceptionFactory.createException(ExceptionFactory.java:105)
	at com.mysql.cj.exceptions.ExceptionFactory.createException(ExceptionFactory.java:151)
	at com.mysql.cj.exceptions.ExceptionFactory.createCommunicationsException(ExceptionFactory.java:167)
	at com.mysql.cj.protocol.a.NativeProtocol.clearInputStream(NativeProtocol.java:807)
	at com.mysql.cj.protocol.a.NativeProtocol.sendCommand(NativeProtocol.java:622)
	at com.mysql.cj.protocol.a.NativeProtocol.sendCommand(NativeProtocol.java:128)
	at com.mysql.cj.NativeSession.sendCommand(NativeSession.java:311)
	at com.mysql.cj.NativeSession.queryServerVariable(NativeSession.java:1008)
	at com.mysql.cj.jdbc.ConnectionImpl.isReadOnly(ConnectionImpl.java:1406)
	... 9 common frames omitted
Caused by: java.io.IOException: Socket is closed
	at com.mysql.cj.protocol.AbstractSocketConnection.getMysqlInput(AbstractSocketConnection.java:72)
	at com.mysql.cj.protocol.a.NativeProtocol.clearInputStream(NativeProtocol.java:803)
	... 14 common frames omitted
07:45:16.450 [QuartzScheduler_RuoyiScheduler-LAPTOP-054BLB7L1674462123784_MisfireHandler] ERROR c.a.d.f.s.StatFilter - [internalAfterStatementExecute,478] - slow sql 1276 millis. SELECT COUNT(TRIGGER_NAME) FROM QRTZ_TRIGGERS WHERE SCHED_NAME = 'RuoyiScheduler' AND NOT (MISFIRE_INSTR = -1) AND NEXT_FIRE_TIME < ? AND TRIGGER_STATE = ?[1674517503173,"WAITING"]
07:45:22.365 [QuartzScheduler_RuoyiScheduler-LAPTOP-054BLB7L1674462123784_ClusterManager] ERROR c.a.d.f.s.StatFilter - [internalAfterStatementExecute,478] - slow sql 1169 millis. SELECT * FROM QRTZ_SCHEDULER_STATE WHERE SCHED_NAME = 'RuoyiScheduler'[]
07:50:26.115 [QuartzScheduler_RuoyiScheduler-LAPTOP-054BLB7L1674462123784_ClusterManager] ERROR c.a.d.f.s.StatFilter - [internalAfterStatementExecute,478] - slow sql 1049 millis. SELECT * FROM QRTZ_SCHEDULER_STATE WHERE SCHED_NAME = 'RuoyiScheduler'[]
07:50:28.600 [QuartzScheduler_RuoyiScheduler-LAPTOP-054BLB7L1674462123784_MisfireHandler] ERROR c.a.d.f.s.StatFilter - [internalAfterStatementExecute,478] - slow sql 1161 millis. SELECT COUNT(TRIGGER_NAME) FROM QRTZ_TRIGGERS WHERE SCHED_NAME = 'RuoyiScheduler' AND NOT (MISFIRE_INSTR = -1) AND NEXT_FIRE_TIME < ? AND TRIGGER_STATE = ?[1674517815444,"WAITING"]
08:20:23.444 [QuartzScheduler_RuoyiScheduler-LAPTOP-054BLB7L1674462123784_ClusterManager] ERROR c.a.d.f.s.StatFilter - [internalAfterStatementExecute,478] - slow sql 1095 millis. UPDATE QRTZ_SCHEDULER_STATE SET LAST_CHECKIN_TIME = ? WHERE SCHED_NAME = 'RuoyiScheduler' AND INSTANCE_NAME = ?[1674519622348,"LAPTOP-054BLB7L1674462123784"]
08:20:32.241 [RuoyiScheduler_QuartzSchedulerThread] ERROR c.a.d.f.s.StatFilter - [internalAfterStatementExecute,478] - slow sql 1145 millis. SELECT TRIGGER_NAME, TRIGGER_GROUP, NEXT_FIRE_TIME, PRIORITY FROM QRTZ_TRIGGERS WHERE SCHED_NAME = 'RuoyiScheduler' AND TRIGGER_STATE = ? AND NEXT_FIRE_TIME <= ? AND (MISFIRE_INSTR = -1 OR (MISFIRE_INSTR != -1 AND NEXT_FIRE_TIME >= ?)) ORDER BY NEXT_FIRE_TIME ASC, PRIORITY DESC["WAITING",1674519659822,1674519619095]
08:25:26.198 [QuartzScheduler_RuoyiScheduler-LAPTOP-054BLB7L1674462123784_ClusterManager] ERROR c.a.d.f.s.StatFilter - [internalAfterStatementExecute,478] - slow sql 1232 millis. SELECT * FROM QRTZ_SCHEDULER_STATE WHERE SCHED_NAME = 'RuoyiScheduler'[]
08:25:26.238 [RuoyiScheduler_QuartzSchedulerThread] ERROR c.a.d.f.s.StatFilter - [internalAfterStatementExecute,478] - slow sql 1271 millis. SELECT TRIGGER_NAME, TRIGGER_GROUP, NEXT_FIRE_TIME, PRIORITY FROM QRTZ_TRIGGERS WHERE SCHED_NAME = 'RuoyiScheduler' AND TRIGGER_STATE = ? AND NEXT_FIRE_TIME <= ? AND (MISFIRE_INSTR = -1 OR (MISFIRE_INSTR != -1 AND NEXT_FIRE_TIME >= ?)) ORDER BY NEXT_FIRE_TIME ASC, PRIORITY DESC["WAITING",1674519954719,1674519912967]
08:25:28.702 [QuartzScheduler_RuoyiScheduler-LAPTOP-054BLB7L1674462123784_MisfireHandler] ERROR c.a.d.f.s.StatFilter - [internalAfterStatementExecute,478] - slow sql 1127 millis. SELECT COUNT(TRIGGER_NAME) FROM QRTZ_TRIGGERS WHERE SCHED_NAME = 'RuoyiScheduler' AND NOT (MISFIRE_INSTR = -1) AND NEXT_FIRE_TIME < ? AND TRIGGER_STATE = ?[1674519915569,"WAITING"]
08:25:33.624 [Druid-ConnectionPool-Create-1039802168] ERROR c.a.d.p.DruidDataSource - [put,2486] - create connection holder error
com.mysql.cj.jdbc.exceptions.CommunicationsException: Communications link failure

The last packet successfully received from the server was 1,001 milliseconds ago. The last packet sent successfully to the server was 1,045 milliseconds ago.
	at com.mysql.cj.jdbc.exceptions.SQLError.createCommunicationsException(SQLError.java:174)
	at com.mysql.cj.jdbc.exceptions.SQLExceptionsMapping.translateException(SQLExceptionsMapping.java:64)
	at com.mysql.cj.jdbc.ConnectionImpl.isReadOnly(ConnectionImpl.java:1414)
	at com.mysql.cj.jdbc.ConnectionImpl.isReadOnly(ConnectionImpl.java:1399)
	at com.alibaba.druid.filter.FilterChainImpl.connection_isReadOnly(FilterChainImpl.java:463)
	at com.alibaba.druid.filter.FilterAdapter.connection_isReadOnly(FilterAdapter.java:894)
	at com.alibaba.druid.filter.FilterChainImpl.connection_isReadOnly(FilterChainImpl.java:459)
	at com.alibaba.druid.proxy.jdbc.ConnectionProxyImpl.isReadOnly(ConnectionProxyImpl.java:291)
	at com.alibaba.druid.pool.DruidConnectionHolder.<init>(DruidConnectionHolder.java:140)
	at com.alibaba.druid.pool.DruidConnectionHolder.<init>(DruidConnectionHolder.java:79)
	at com.alibaba.druid.pool.DruidDataSource.put(DruidDataSource.java:2476)
	at com.alibaba.druid.pool.DruidDataSource$CreateConnectionThread.run(DruidDataSource.java:2821)
Caused by: com.mysql.cj.exceptions.CJCommunicationsException: Communications link failure

The last packet successfully received from the server was 1,001 milliseconds ago. The last packet sent successfully to the server was 1,045 milliseconds ago.
	at sun.reflect.GeneratedConstructorAccessor116.newInstance(Unknown Source)
	at sun.reflect.DelegatingConstructorAccessorImpl.newInstance(DelegatingConstructorAccessorImpl.java:45)
	at java.lang.reflect.Constructor.newInstance(Constructor.java:423)
	at com.mysql.cj.exceptions.ExceptionFactory.createException(ExceptionFactory.java:61)
	at com.mysql.cj.exceptions.ExceptionFactory.createException(ExceptionFactory.java:105)
	at com.mysql.cj.exceptions.ExceptionFactory.createException(ExceptionFactory.java:151)
	at com.mysql.cj.exceptions.ExceptionFactory.createCommunicationsException(ExceptionFactory.java:167)
	at com.mysql.cj.protocol.a.NativeProtocol.clearInputStream(NativeProtocol.java:807)
	at com.mysql.cj.protocol.a.NativeProtocol.sendCommand(NativeProtocol.java:622)
	at com.mysql.cj.protocol.a.NativeProtocol.sendCommand(NativeProtocol.java:128)
	at com.mysql.cj.NativeSession.sendCommand(NativeSession.java:311)
	at com.mysql.cj.NativeSession.queryServerVariable(NativeSession.java:1008)
	at com.mysql.cj.jdbc.ConnectionImpl.isReadOnly(ConnectionImpl.java:1406)
	... 9 common frames omitted
Caused by: java.io.IOException: Socket is closed
	at com.mysql.cj.protocol.AbstractSocketConnection.getMysqlInput(AbstractSocketConnection.java:72)
	at com.mysql.cj.protocol.a.NativeProtocol.clearInputStream(NativeProtocol.java:803)
	... 14 common frames omitted
08:55:39.319 [QuartzScheduler_RuoyiScheduler-LAPTOP-054BLB7L1674462123784_ClusterManager] ERROR c.a.d.f.s.StatFilter - [internalAfterStatementExecute,478] - slow sql 1052 millis. UPDATE QRTZ_SCHEDULER_STATE SET LAST_CHECKIN_TIME = ? WHERE SCHED_NAME = 'RuoyiScheduler' AND INSTANCE_NAME = ?[1674521738266,"LAPTOP-054BLB7L1674462123784"]
09:00:40.812 [QuartzScheduler_RuoyiScheduler-LAPTOP-054BLB7L1674462123784_MisfireHandler] ERROR c.a.d.f.s.StatFilter - [internalAfterStatementExecute,478] - slow sql 1258 millis. SELECT COUNT(TRIGGER_NAME) FROM QRTZ_TRIGGERS WHERE SCHED_NAME = 'RuoyiScheduler' AND NOT (MISFIRE_INSTR = -1) AND NEXT_FIRE_TIME < ? AND TRIGGER_STATE = ?[1674522027553,"WAITING"]
09:00:43.356 [QuartzScheduler_RuoyiScheduler-LAPTOP-054BLB7L1674462123784_ClusterManager] ERROR c.a.d.f.s.StatFilter - [internalAfterStatementExecute,478] - slow sql 1261 millis. UPDATE QRTZ_SCHEDULER_STATE SET LAST_CHECKIN_TIME = ? WHERE SCHED_NAME = 'RuoyiScheduler' AND INSTANCE_NAME = ?[1674522042094,"LAPTOP-054BLB7L1674462123784"]
09:30:41.169 [QuartzScheduler_RuoyiScheduler-LAPTOP-054BLB7L1674462123784_MisfireHandler] ERROR c.a.d.f.s.StatFilter - [internalAfterStatementExecute,478] - slow sql 1266 millis. SELECT COUNT(TRIGGER_NAME) FROM QRTZ_TRIGGERS WHERE SCHED_NAME = 'RuoyiScheduler' AND NOT (MISFIRE_INSTR = -1) AND NEXT_FIRE_TIME < ? AND TRIGGER_STATE = ?[1674523827903,"WAITING"]
09:30:53.458 [QuartzScheduler_RuoyiScheduler-LAPTOP-054BLB7L1674462123784_MisfireHandler] ERROR c.a.d.f.s.StatFilter - [internalAfterStatementExecute,478] - slow sql 1252 millis. SELECT COUNT(TRIGGER_NAME) FROM QRTZ_TRIGGERS WHERE SCHED_NAME = 'RuoyiScheduler' AND NOT (MISFIRE_INSTR = -1) AND NEXT_FIRE_TIME < ? AND TRIGGER_STATE = ?[1674523840209,"WAITING"]
09:30:54.674 [QuartzScheduler_RuoyiScheduler-LAPTOP-054BLB7L1674462123784_ClusterManager] ERROR c.a.d.f.s.StatFilter - [internalAfterStatementExecute,478] - slow sql 1174 millis. SELECT * FROM QRTZ_SCHEDULER_STATE WHERE SCHED_NAME = 'RuoyiScheduler'[]
09:35:51.576 [RuoyiScheduler_QuartzSchedulerThread] ERROR c.a.d.f.s.StatFilter - [internalAfterStatementExecute,478] - slow sql 1254 millis. SELECT TRIGGER_NAME, TRIGGER_GROUP, NEXT_FIRE_TIME, PRIORITY FROM QRTZ_TRIGGERS WHERE SCHED_NAME = 'RuoyiScheduler' AND TRIGGER_STATE = ? AND NEXT_FIRE_TIME <= ? AND (MISFIRE_INSTR = -1 OR (MISFIRE_INSTR != -1 AND NEXT_FIRE_TIME >= ?)) ORDER BY NEXT_FIRE_TIME ASC, PRIORITY DESC["WAITING",1674524179764,1674524138321]
09:35:57.881 [QuartzScheduler_RuoyiScheduler-LAPTOP-054BLB7L1674462123784_ClusterManager] ERROR c.a.d.f.s.StatFilter - [internalAfterStatementExecute,478] - slow sql 1288 millis. UPDATE QRTZ_SCHEDULER_STATE SET LAST_CHECKIN_TIME = ? WHERE SCHED_NAME = 'RuoyiScheduler' AND INSTANCE_NAME = ?[1674524156585,"LAPTOP-054BLB7L1674462123784"]
10:05:53.287 [QuartzScheduler_RuoyiScheduler-LAPTOP-054BLB7L1674462123784_MisfireHandler] ERROR c.a.d.f.s.StatFilter - [internalAfterStatementExecute,478] - slow sql 1264 millis. SELECT COUNT(TRIGGER_NAME) FROM QRTZ_TRIGGERS WHERE SCHED_NAME = 'RuoyiScheduler' AND NOT (MISFIRE_INSTR = -1) AND NEXT_FIRE_TIME < ? AND TRIGGER_STATE = ?[1674525940035,"WAITING"]
10:05:55.781 [QuartzScheduler_RuoyiScheduler-LAPTOP-054BLB7L1674462123784_ClusterManager] ERROR c.a.d.f.s.StatFilter - [internalAfterStatementExecute,478] - slow sql 1113 millis. UPDATE QRTZ_SCHEDULER_STATE SET LAST_CHECKIN_TIME = ? WHERE SCHED_NAME = 'RuoyiScheduler' AND INSTANCE_NAME = ?[1674525954667,"LAPTOP-054BLB7L1674462123784"]
10:05:57.050 [RuoyiScheduler_QuartzSchedulerThread] ERROR c.a.d.f.s.StatFilter - [internalAfterStatementExecute,478] - slow sql 1229 millis. SELECT TRIGGER_NAME, TRIGGER_GROUP, NEXT_FIRE_TIME, PRIORITY FROM QRTZ_TRIGGERS WHERE SCHED_NAME = 'RuoyiScheduler' AND TRIGGER_STATE = ? AND NEXT_FIRE_TIME <= ? AND (MISFIRE_INSTR = -1 OR (MISFIRE_INSTR != -1 AND NEXT_FIRE_TIME >= ?)) ORDER BY NEXT_FIRE_TIME ASC, PRIORITY DESC["WAITING",1674525984697,1674525943819]
10:10:58.599 [QuartzScheduler_RuoyiScheduler-LAPTOP-054BLB7L1674462123784_ClusterManager] ERROR c.a.d.f.s.StatFilter - [internalAfterStatementExecute,478] - slow sql 1239 millis. UPDATE QRTZ_SCHEDULER_STATE SET LAST_CHECKIN_TIME = ? WHERE SCHED_NAME = 'RuoyiScheduler' AND INSTANCE_NAME = ?[1674526257366,"LAPTOP-054BLB7L1674462123784"]
10:11:04.903 [RuoyiScheduler_QuartzSchedulerThread] ERROR c.a.d.f.s.StatFilter - [internalAfterStatementExecute,478] - slow sql 1280 millis. SELECT TRIGGER_NAME, TRIGGER_GROUP, NEXT_FIRE_TIME, PRIORITY FROM QRTZ_TRIGGERS WHERE SCHED_NAME = 'RuoyiScheduler' AND TRIGGER_STATE = ? AND NEXT_FIRE_TIME <= ? AND (MISFIRE_INSTR = -1 OR (MISFIRE_INSTR != -1 AND NEXT_FIRE_TIME >= ?)) ORDER BY NEXT_FIRE_TIME ASC, PRIORITY DESC["WAITING",1674526292774,1674526251622]
10:11:07.125 [QuartzScheduler_RuoyiScheduler-LAPTOP-054BLB7L1674462123784_MisfireHandler] ERROR c.a.d.f.s.StatFilter - [internalAfterStatementExecute,478] - slow sql 1091 millis. SELECT COUNT(TRIGGER_NAME) FROM QRTZ_TRIGGERS WHERE SCHED_NAME = 'RuoyiScheduler' AND NOT (MISFIRE_INSTR = -1) AND NEXT_FIRE_TIME < ? AND TRIGGER_STATE = ?[1674526254033,"WAITING"]
10:11:10.306 [Druid-ConnectionPool-Create-1039802168] ERROR c.a.d.p.DruidDataSource - [put,2486] - create connection holder error
com.mysql.cj.jdbc.exceptions.CommunicationsException: Communications link failure

The last packet successfully received from the server was 1,001 milliseconds ago. The last packet sent successfully to the server was 1,041 milliseconds ago.
	at com.mysql.cj.jdbc.exceptions.SQLError.createCommunicationsException(SQLError.java:174)
	at com.mysql.cj.jdbc.exceptions.SQLExceptionsMapping.translateException(SQLExceptionsMapping.java:64)
	at com.mysql.cj.jdbc.ConnectionImpl.isReadOnly(ConnectionImpl.java:1414)
	at com.mysql.cj.jdbc.ConnectionImpl.isReadOnly(ConnectionImpl.java:1399)
	at com.alibaba.druid.filter.FilterChainImpl.connection_isReadOnly(FilterChainImpl.java:463)
	at com.alibaba.druid.filter.FilterAdapter.connection_isReadOnly(FilterAdapter.java:894)
	at com.alibaba.druid.filter.FilterChainImpl.connection_isReadOnly(FilterChainImpl.java:459)
	at com.alibaba.druid.proxy.jdbc.ConnectionProxyImpl.isReadOnly(ConnectionProxyImpl.java:291)
	at com.alibaba.druid.pool.DruidConnectionHolder.<init>(DruidConnectionHolder.java:140)
	at com.alibaba.druid.pool.DruidConnectionHolder.<init>(DruidConnectionHolder.java:79)
	at com.alibaba.druid.pool.DruidDataSource.put(DruidDataSource.java:2476)
	at com.alibaba.druid.pool.DruidDataSource$CreateConnectionThread.run(DruidDataSource.java:2821)
Caused by: com.mysql.cj.exceptions.CJCommunicationsException: Communications link failure

The last packet successfully received from the server was 1,001 milliseconds ago. The last packet sent successfully to the server was 1,041 milliseconds ago.
	at sun.reflect.GeneratedConstructorAccessor116.newInstance(Unknown Source)
	at sun.reflect.DelegatingConstructorAccessorImpl.newInstance(DelegatingConstructorAccessorImpl.java:45)
	at java.lang.reflect.Constructor.newInstance(Constructor.java:423)
	at com.mysql.cj.exceptions.ExceptionFactory.createException(ExceptionFactory.java:61)
	at com.mysql.cj.exceptions.ExceptionFactory.createException(ExceptionFactory.java:105)
	at com.mysql.cj.exceptions.ExceptionFactory.createException(ExceptionFactory.java:151)
	at com.mysql.cj.exceptions.ExceptionFactory.createCommunicationsException(ExceptionFactory.java:167)
	at com.mysql.cj.protocol.a.NativeProtocol.clearInputStream(NativeProtocol.java:807)
	at com.mysql.cj.protocol.a.NativeProtocol.sendCommand(NativeProtocol.java:622)
	at com.mysql.cj.protocol.a.NativeProtocol.sendCommand(NativeProtocol.java:128)
	at com.mysql.cj.NativeSession.sendCommand(NativeSession.java:311)
	at com.mysql.cj.NativeSession.queryServerVariable(NativeSession.java:1008)
	at com.mysql.cj.jdbc.ConnectionImpl.isReadOnly(ConnectionImpl.java:1406)
	... 9 common frames omitted
Caused by: java.io.IOException: Socket is closed
	at com.mysql.cj.protocol.AbstractSocketConnection.getMysqlInput(AbstractSocketConnection.java:72)
	at com.mysql.cj.protocol.a.NativeProtocol.clearInputStream(NativeProtocol.java:803)
	... 14 common frames omitted
10:41:05.466 [QuartzScheduler_RuoyiScheduler-LAPTOP-054BLB7L1674462123784_MisfireHandler] ERROR c.a.d.f.s.StatFilter - [internalAfterStatementExecute,478] - slow sql 1289 millis. SELECT COUNT(TRIGGER_NAME) FROM QRTZ_TRIGGERS WHERE SCHED_NAME = 'RuoyiScheduler' AND NOT (MISFIRE_INSTR = -1) AND NEXT_FIRE_TIME < ? AND TRIGGER_STATE = ?[1674528052162,"WAITING"]
10:41:10.452 [QuartzScheduler_RuoyiScheduler-LAPTOP-054BLB7L1674462123784_ClusterManager] ERROR c.a.d.f.s.StatFilter - [internalAfterStatementExecute,478] - slow sql 1239 millis. SELECT * FROM QRTZ_SCHEDULER_STATE WHERE SCHED_NAME = 'RuoyiScheduler'[]
10:41:14.848 [RuoyiScheduler_QuartzSchedulerThread] ERROR c.a.d.f.s.StatFilter - [internalAfterStatementExecute,478] - slow sql 1091 millis. SELECT TRIGGER_NAME, TRIGGER_GROUP, NEXT_FIRE_TIME, PRIORITY FROM QRTZ_TRIGGERS WHERE SCHED_NAME = 'RuoyiScheduler' AND TRIGGER_STATE = ? AND NEXT_FIRE_TIME <= ? AND (MISFIRE_INSTR = -1 OR (MISFIRE_INSTR != -1 AND NEXT_FIRE_TIME >= ?)) ORDER BY NEXT_FIRE_TIME ASC, PRIORITY DESC["WAITING",1674528103089,1674528061757]
10:46:13.504 [QuartzScheduler_RuoyiScheduler-LAPTOP-054BLB7L1674462123784_ClusterManager] ERROR c.a.d.f.s.StatFilter - [internalAfterStatementExecute,478] - slow sql 1246 millis. UPDATE QRTZ_SCHEDULER_STATE SET LAST_CHECKIN_TIME = ? WHERE SCHED_NAME = 'RuoyiScheduler' AND INSTANCE_NAME = ?[1674528372258,"LAPTOP-054BLB7L1674462123784"]
10:46:17.006 [QuartzScheduler_RuoyiScheduler-LAPTOP-054BLB7L1674462123784_MisfireHandler] ERROR c.a.d.f.s.StatFilter - [internalAfterStatementExecute,478] - slow sql 1055 millis. SELECT COUNT(TRIGGER_NAME) FROM QRTZ_TRIGGERS WHERE SCHED_NAME = 'RuoyiScheduler' AND NOT (MISFIRE_INSTR = -1) AND NEXT_FIRE_TIME < ? AND TRIGGER_STATE = ?[1674528363950,"WAITING"]
11:16:18.350 [QuartzScheduler_RuoyiScheduler-LAPTOP-054BLB7L1674462123784_MisfireHandler] ERROR c.a.d.f.s.StatFilter - [internalAfterStatementExecute,478] - slow sql 1262 millis. SELECT COUNT(TRIGGER_NAME) FROM QRTZ_TRIGGERS WHERE SCHED_NAME = 'RuoyiScheduler' AND NOT (MISFIRE_INSTR = -1) AND NEXT_FIRE_TIME < ? AND TRIGGER_STATE = ?[1674530165085,"WAITING"]
11:21:22.416 [RuoyiScheduler_QuartzSchedulerThread] ERROR c.a.d.f.s.StatFilter - [internalAfterStatementExecute,478] - slow sql 1322 millis. SELECT TRIGGER_NAME, TRIGGER_GROUP, NEXT_FIRE_TIME, PRIORITY FROM QRTZ_TRIGGERS WHERE SCHED_NAME = 'RuoyiScheduler' AND TRIGGER_STATE = ? AND NEXT_FIRE_TIME <= ? AND (MISFIRE_INSTR = -1 OR (MISFIRE_INSTR != -1 AND NEXT_FIRE_TIME >= ?)) ORDER BY NEXT_FIRE_TIME ASC, PRIORITY DESC["WAITING",1674530510072,1674530469092]
11:21:28.086 [QuartzScheduler_RuoyiScheduler-LAPTOP-054BLB7L1674462123784_ClusterManager] ERROR c.a.d.f.s.StatFilter - [internalAfterStatementExecute,478] - slow sql 1090 millis. SELECT * FROM QRTZ_SCHEDULER_STATE WHERE SCHED_NAME = 'RuoyiScheduler'[]
11:21:29.413 [QuartzScheduler_RuoyiScheduler-LAPTOP-054BLB7L1674462123784_MisfireHandler] ERROR c.a.d.f.s.StatFilter - [internalAfterStatementExecute,478] - slow sql 1312 millis. SELECT COUNT(TRIGGER_NAME) FROM QRTZ_TRIGGERS WHERE SCHED_NAME = 'RuoyiScheduler' AND NOT (MISFIRE_INSTR = -1) AND NEXT_FIRE_TIME < ? AND TRIGGER_STATE = ?[1674530476102,"WAITING"]
11:51:25.723 [RuoyiScheduler_QuartzSchedulerThread] ERROR c.a.d.f.s.StatFilter - [internalAfterStatementExecute,478] - slow sql 1222 millis. SELECT TRIGGER_NAME, TRIGGER_GROUP, NEXT_FIRE_TIME, PRIORITY FROM QRTZ_TRIGGERS WHERE SCHED_NAME = 'RuoyiScheduler' AND TRIGGER_STATE = ? AND NEXT_FIRE_TIME <= ? AND (MISFIRE_INSTR = -1 OR (MISFIRE_INSTR != -1 AND NEXT_FIRE_TIME >= ?)) ORDER BY NEXT_FIRE_TIME ASC, PRIORITY DESC["WAITING",1674532313771,1674532272502]
11:51:28.145 [QuartzScheduler_RuoyiScheduler-LAPTOP-054BLB7L1674462123784_ClusterManager] ERROR c.a.d.f.s.StatFilter - [internalAfterStatementExecute,478] - slow sql 1079 millis. SELECT * FROM QRTZ_SCHEDULER_STATE WHERE SCHED_NAME = 'RuoyiScheduler'[]
11:56:25.352 [RuoyiScheduler_QuartzSchedulerThread] ERROR c.a.d.f.s.StatFilter - [internalAfterStatementExecute,478] - slow sql 1129 millis. SELECT TRIGGER_NAME, TRIGGER_GROUP, NEXT_FIRE_TIME, PRIORITY FROM QRTZ_TRIGGERS WHERE SCHED_NAME = 'RuoyiScheduler' AND TRIGGER_STATE = ? AND NEXT_FIRE_TIME <= ? AND (MISFIRE_INSTR = -1 OR (MISFIRE_INSTR != -1 AND NEXT_FIRE_TIME >= ?)) ORDER BY NEXT_FIRE_TIME ASC, PRIORITY DESC["WAITING",1674532613968,1674532572224]
12:26:33.593 [RuoyiScheduler_QuartzSchedulerThread] ERROR c.a.d.f.s.StatFilter - [internalAfterStatementExecute,478] - slow sql 1168 millis. SELECT TRIGGER_NAME, TRIGGER_GROUP, NEXT_FIRE_TIME, PRIORITY FROM QRTZ_TRIGGERS WHERE SCHED_NAME = 'RuoyiScheduler' AND TRIGGER_STATE = ? AND NEXT_FIRE_TIME <= ? AND (MISFIRE_INSTR = -1 OR (MISFIRE_INSTR != -1 AND NEXT_FIRE_TIME >= ?)) ORDER BY NEXT_FIRE_TIME ASC, PRIORITY DESC["WAITING",1674534421651,1674534380425]
12:31:36.369 [RuoyiScheduler_QuartzSchedulerThread] ERROR c.a.d.f.s.StatFilter - [internalAfterStatementExecute,478] - slow sql 1264 millis. SELECT TRIGGER_NAME, TRIGGER_GROUP, NEXT_FIRE_TIME, PRIORITY FROM QRTZ_TRIGGERS WHERE SCHED_NAME = 'RuoyiScheduler' AND TRIGGER_STATE = ? AND NEXT_FIRE_TIME <= ? AND (MISFIRE_INSTR = -1 OR (MISFIRE_INSTR != -1 AND NEXT_FIRE_TIME >= ?)) ORDER BY NEXT_FIRE_TIME ASC, PRIORITY DESC["WAITING",1674534724705,1674534683104]
12:31:42.749 [QuartzScheduler_RuoyiScheduler-LAPTOP-054BLB7L1674462123784_MisfireHandler] ERROR c.a.d.f.s.StatFilter - [internalAfterStatementExecute,478] - slow sql 1254 millis. SELECT COUNT(TRIGGER_NAME) FROM QRTZ_TRIGGERS WHERE SCHED_NAME = 'RuoyiScheduler' AND NOT (MISFIRE_INSTR = -1) AND NEXT_FIRE_TIME < ? AND TRIGGER_STATE = ?[1674534689494,"WAITING"]
12:31:46.019 [QuartzScheduler_RuoyiScheduler-LAPTOP-054BLB7L1674462123784_ClusterManager] ERROR c.a.d.f.s.StatFilter - [internalAfterStatementExecute,478] - slow sql 1054 millis. SELECT * FROM QRTZ_SCHEDULER_STATE WHERE SCHED_NAME = 'RuoyiScheduler'[]
13:01:42.190 [QuartzScheduler_RuoyiScheduler-LAPTOP-054BLB7L1674462123784_MisfireHandler] ERROR c.a.d.f.s.StatFilter - [internalAfterStatementExecute,478] - slow sql 1330 millis. SELECT COUNT(TRIGGER_NAME) FROM QRTZ_TRIGGERS WHERE SCHED_NAME = 'RuoyiScheduler' AND NOT (MISFIRE_INSTR = -1) AND NEXT_FIRE_TIME < ? AND TRIGGER_STATE = ?[1674536488868,"WAITING"]
13:01:44.587 [QuartzScheduler_RuoyiScheduler-LAPTOP-054BLB7L1674462123784_ClusterManager] ERROR c.a.d.f.s.StatFilter - [internalAfterStatementExecute,478] - slow sql 1232 millis. UPDATE QRTZ_SCHEDULER_STATE SET LAST_CHECKIN_TIME = ? WHERE SCHED_NAME = 'RuoyiScheduler' AND INSTANCE_NAME = ?[1674536503353,"LAPTOP-054BLB7L1674462123784"]
13:06:47.487 [QuartzScheduler_RuoyiScheduler-LAPTOP-054BLB7L1674462123784_ClusterManager] ERROR c.a.d.f.s.StatFilter - [internalAfterStatementExecute,478] - slow sql 1271 millis. UPDATE QRTZ_SCHEDULER_STATE SET LAST_CHECKIN_TIME = ? WHERE SCHED_NAME = 'RuoyiScheduler' AND INSTANCE_NAME = ?[1674536806215,"LAPTOP-054BLB7L1674462123784"]
13:06:47.526 [RuoyiScheduler_QuartzSchedulerThread] ERROR c.a.d.f.s.StatFilter - [internalAfterStatementExecute,478] - slow sql 1307 millis. SELECT TRIGGER_NAME, TRIGGER_GROUP, NEXT_FIRE_TIME, PRIORITY FROM QRTZ_TRIGGERS WHERE SCHED_NAME = 'RuoyiScheduler' AND TRIGGER_STATE = ? AND NEXT_FIRE_TIME <= ? AND (MISFIRE_INSTR = -1 OR (MISFIRE_INSTR != -1 AND NEXT_FIRE_TIME >= ?)) ORDER BY NEXT_FIRE_TIME ASC, PRIORITY DESC["WAITING",1674536835997,1674536794219]
13:06:54.751 [QuartzScheduler_RuoyiScheduler-LAPTOP-054BLB7L1674462123784_MisfireHandler] ERROR c.a.d.f.s.StatFilter - [internalAfterStatementExecute,478] - slow sql 1088 millis. SELECT COUNT(TRIGGER_NAME) FROM QRTZ_TRIGGERS WHERE SCHED_NAME = 'RuoyiScheduler' AND NOT (MISFIRE_INSTR = -1) AND NEXT_FIRE_TIME < ? AND TRIGGER_STATE = ?[1674536801663,"WAITING"]
13:36:54.712 [QuartzScheduler_RuoyiScheduler-LAPTOP-054BLB7L1674462123784_MisfireHandler] ERROR c.a.d.f.s.StatFilter - [internalAfterStatementExecute,478] - slow sql 1281 millis. SELECT COUNT(TRIGGER_NAME) FROM QRTZ_TRIGGERS WHERE SCHED_NAME = 'RuoyiScheduler' AND NOT (MISFIRE_INSTR = -1) AND NEXT_FIRE_TIME < ? AND TRIGGER_STATE = ?[1674538601431,"WAITING"]
13:41:54.774 [QuartzScheduler_RuoyiScheduler-LAPTOP-054BLB7L1674462123784_MisfireHandler] ERROR c.a.d.f.s.StatFilter - [internalAfterStatementExecute,478] - slow sql 1243 millis. SELECT COUNT(TRIGGER_NAME) FROM QRTZ_TRIGGERS WHERE SCHED_NAME = 'RuoyiScheduler' AND NOT (MISFIRE_INSTR = -1) AND NEXT_FIRE_TIME < ? AND TRIGGER_STATE = ?[1674538901530,"WAITING"]
14:12:06.958 [QuartzScheduler_RuoyiScheduler-LAPTOP-054BLB7L1674462123784_MisfireHandler] ERROR c.a.d.f.s.StatFilter - [internalAfterStatementExecute,478] - slow sql 1270 millis. SELECT COUNT(TRIGGER_NAME) FROM QRTZ_TRIGGERS WHERE SCHED_NAME = 'RuoyiScheduler' AND NOT (MISFIRE_INSTR = -1) AND NEXT_FIRE_TIME < ? AND TRIGGER_STATE = ?[1674540713688,"WAITING"]
14:12:11.357 [QuartzScheduler_RuoyiScheduler-LAPTOP-054BLB7L1674462123784_ClusterManager] ERROR c.a.d.f.s.StatFilter - [internalAfterStatementExecute,478] - slow sql 1068 millis. SELECT * FROM QRTZ_SCHEDULER_STATE WHERE SCHED_NAME = 'RuoyiScheduler'[]
14:17:07.199 [QuartzScheduler_RuoyiScheduler-LAPTOP-054BLB7L1674462123784_MisfireHandler] ERROR c.a.d.f.s.StatFilter - [internalAfterStatementExecute,478] - slow sql 1285 millis. SELECT COUNT(TRIGGER_NAME) FROM QRTZ_TRIGGERS WHERE SCHED_NAME = 'RuoyiScheduler' AND NOT (MISFIRE_INSTR = -1) AND NEXT_FIRE_TIME < ? AND TRIGGER_STATE = ?[1674541013914,"WAITING"]
14:17:13.378 [RuoyiScheduler_QuartzSchedulerThread] ERROR c.a.d.f.s.StatFilter - [internalAfterStatementExecute,478] - slow sql 1091 millis. SELECT TRIGGER_NAME, TRIGGER_GROUP, NEXT_FIRE_TIME, PRIORITY FROM QRTZ_TRIGGERS WHERE SCHED_NAME = 'RuoyiScheduler' AND TRIGGER_STATE = ? AND NEXT_FIRE_TIME <= ? AND (MISFIRE_INSTR = -1 OR (MISFIRE_INSTR != -1 AND NEXT_FIRE_TIME >= ?)) ORDER BY NEXT_FIRE_TIME ASC, PRIORITY DESC["WAITING",1674541061651,1674541020286]
14:17:14.474 [QuartzScheduler_RuoyiScheduler-LAPTOP-054BLB7L1674462123784_ClusterManager] ERROR c.a.d.f.s.StatFilter - [internalAfterStatementExecute,478] - slow sql 1057 millis. SELECT * FROM QRTZ_SCHEDULER_STATE WHERE SCHED_NAME = 'RuoyiScheduler'[]
14:17:15.522 [QuartzScheduler_RuoyiScheduler-LAPTOP-054BLB7L1674462123784_ClusterManager] ERROR c.a.d.f.s.StatFilter - [internalAfterStatementExecute,478] - slow sql 1047 millis. UPDATE QRTZ_SCHEDULER_STATE SET LAST_CHECKIN_TIME = ? WHERE SCHED_NAME = 'RuoyiScheduler' AND INSTANCE_NAME = ?[1674541034474,"LAPTOP-054BLB7L1674462123784"]
14:47:11.756 [QuartzScheduler_RuoyiScheduler-LAPTOP-054BLB7L1674462123784_ClusterManager] ERROR c.a.d.f.s.StatFilter - [internalAfterStatementExecute,478] - slow sql 1327 millis. SELECT * FROM QRTZ_SCHEDULER_STATE WHERE SCHED_NAME = 'RuoyiScheduler'[]
14:47:19.035 [QuartzScheduler_RuoyiScheduler-LAPTOP-054BLB7L1674462123784_MisfireHandler] ERROR c.a.d.f.s.StatFilter - [internalAfterStatementExecute,478] - slow sql 1052 millis. SELECT COUNT(TRIGGER_NAME) FROM QRTZ_TRIGGERS WHERE SCHED_NAME = 'RuoyiScheduler' AND NOT (MISFIRE_INSTR = -1) AND NEXT_FIRE_TIME < ? AND TRIGGER_STATE = ?[1674542825982,"WAITING"]
14:52:15.708 [QuartzScheduler_RuoyiScheduler-LAPTOP-054BLB7L1674462123784_ClusterManager] ERROR c.a.d.f.s.StatFilter - [internalAfterStatementExecute,478] - slow sql 1228 millis. UPDATE QRTZ_SCHEDULER_STATE SET LAST_CHECKIN_TIME = ? WHERE SCHED_NAME = 'RuoyiScheduler' AND INSTANCE_NAME = ?[1674543134475,"LAPTOP-054BLB7L1674462123784"]
14:52:22.196 [RuoyiScheduler_QuartzSchedulerThread] ERROR c.a.d.f.s.StatFilter - [internalAfterStatementExecute,478] - slow sql 1058 millis. SELECT TRIGGER_NAME, TRIGGER_GROUP, NEXT_FIRE_TIME, PRIORITY FROM QRTZ_TRIGGERS WHERE SCHED_NAME = 'RuoyiScheduler' AND TRIGGER_STATE = ? AND NEXT_FIRE_TIME <= ? AND (MISFIRE_INSTR = -1 OR (MISFIRE_INSTR != -1 AND NEXT_FIRE_TIME >= ?)) ORDER BY NEXT_FIRE_TIME ASC, PRIORITY DESC["WAITING",1674543170727,1674543129137]
15:52:15.714 [QuartzScheduler_RuoyiScheduler-LAPTOP-054BLB7L1674462123784_MisfireHandler] ERROR c.a.d.f.s.StatFilter - [internalAfterStatementExecute,478] - slow sql 1271 millis. SELECT COUNT(TRIGGER_NAME) FROM QRTZ_TRIGGERS WHERE SCHED_NAME = 'RuoyiScheduler' AND NOT (MISFIRE_INSTR = -1) AND NEXT_FIRE_TIME < ? AND TRIGGER_STATE = ?[1674546722442,"WAITING"]
15:52:19.697 [QuartzScheduler_RuoyiScheduler-LAPTOP-054BLB7L1674462123784_ClusterManager] ERROR c.a.d.f.s.StatFilter - [internalAfterStatementExecute,478] - slow sql 1122 millis. UPDATE QRTZ_SCHEDULER_STATE SET LAST_CHECKIN_TIME = ? WHERE SCHED_NAME = 'RuoyiScheduler' AND INSTANCE_NAME = ?[1674546738575,"LAPTOP-054BLB7L1674462123784"]
15:57:22.637 [QuartzScheduler_RuoyiScheduler-LAPTOP-054BLB7L1674462123784_ClusterManager] ERROR c.a.d.f.s.StatFilter - [internalAfterStatementExecute,478] - slow sql 1266 millis. UPDATE QRTZ_SCHEDULER_STATE SET LAST_CHECKIN_TIME = ? WHERE SCHED_NAME = 'RuoyiScheduler' AND INSTANCE_NAME = ?[1674547041371,"LAPTOP-054BLB7L1674462123784"]
16:27:34.218 [QuartzScheduler_RuoyiScheduler-LAPTOP-054BLB7L1674462123784_ClusterManager] ERROR c.a.d.f.s.StatFilter - [internalAfterStatementExecute,478] - slow sql 1052 millis. SELECT * FROM QRTZ_SCHEDULER_STATE WHERE SCHED_NAME = 'RuoyiScheduler'[]
16:32:37.511 [QuartzScheduler_RuoyiScheduler-LAPTOP-054BLB7L1674462123784_ClusterManager] ERROR c.a.d.f.s.StatFilter - [internalAfterStatementExecute,478] - slow sql 1240 millis. UPDATE QRTZ_SCHEDULER_STATE SET LAST_CHECKIN_TIME = ? WHERE SCHED_NAME = 'RuoyiScheduler' AND INSTANCE_NAME = ?[1674549156270,"LAPTOP-054BLB7L1674462123784"]
16:32:38.607 [RuoyiScheduler_QuartzSchedulerThread] ERROR c.a.d.f.s.StatFilter - [internalAfterStatementExecute,478] - slow sql 1060 millis. SELECT TRIGGER_NAME, TRIGGER_GROUP, NEXT_FIRE_TIME, PRIORITY FROM QRTZ_TRIGGERS WHERE SCHED_NAME = 'RuoyiScheduler' AND TRIGGER_STATE = ? AND NEXT_FIRE_TIME <= ? AND (MISFIRE_INSTR = -1 OR (MISFIRE_INSTR != -1 AND NEXT_FIRE_TIME >= ?)) ORDER BY NEXT_FIRE_TIME ASC, PRIORITY DESC["WAITING",1674549186428,1674549145546]
16:32:44.226 [Druid-ConnectionPool-Create-1039802168] ERROR c.a.d.p.DruidDataSource - [put,2486] - create connection holder error
com.mysql.cj.jdbc.exceptions.CommunicationsException: Communications link failure

The last packet successfully received from the server was 1,011 milliseconds ago. The last packet sent successfully to the server was 1,047 milliseconds ago.
	at com.mysql.cj.jdbc.exceptions.SQLError.createCommunicationsException(SQLError.java:174)
	at com.mysql.cj.jdbc.exceptions.SQLExceptionsMapping.translateException(SQLExceptionsMapping.java:64)
	at com.mysql.cj.jdbc.ConnectionImpl.isReadOnly(ConnectionImpl.java:1414)
	at com.mysql.cj.jdbc.ConnectionImpl.isReadOnly(ConnectionImpl.java:1399)
	at com.alibaba.druid.filter.FilterChainImpl.connection_isReadOnly(FilterChainImpl.java:463)
	at com.alibaba.druid.filter.FilterAdapter.connection_isReadOnly(FilterAdapter.java:894)
	at com.alibaba.druid.filter.FilterChainImpl.connection_isReadOnly(FilterChainImpl.java:459)
	at com.alibaba.druid.proxy.jdbc.ConnectionProxyImpl.isReadOnly(ConnectionProxyImpl.java:291)
	at com.alibaba.druid.pool.DruidConnectionHolder.<init>(DruidConnectionHolder.java:140)
	at com.alibaba.druid.pool.DruidConnectionHolder.<init>(DruidConnectionHolder.java:79)
	at com.alibaba.druid.pool.DruidDataSource.put(DruidDataSource.java:2476)
	at com.alibaba.druid.pool.DruidDataSource$CreateConnectionThread.run(DruidDataSource.java:2821)
Caused by: com.mysql.cj.exceptions.CJCommunicationsException: Communications link failure

The last packet successfully received from the server was 1,011 milliseconds ago. The last packet sent successfully to the server was 1,047 milliseconds ago.
	at sun.reflect.GeneratedConstructorAccessor116.newInstance(Unknown Source)
	at sun.reflect.DelegatingConstructorAccessorImpl.newInstance(DelegatingConstructorAccessorImpl.java:45)
	at java.lang.reflect.Constructor.newInstance(Constructor.java:423)
	at com.mysql.cj.exceptions.ExceptionFactory.createException(ExceptionFactory.java:61)
	at com.mysql.cj.exceptions.ExceptionFactory.createException(ExceptionFactory.java:105)
	at com.mysql.cj.exceptions.ExceptionFactory.createException(ExceptionFactory.java:151)
	at com.mysql.cj.exceptions.ExceptionFactory.createCommunicationsException(ExceptionFactory.java:167)
	at com.mysql.cj.protocol.a.NativeProtocol.clearInputStream(NativeProtocol.java:807)
	at com.mysql.cj.protocol.a.NativeProtocol.sendCommand(NativeProtocol.java:622)
	at com.mysql.cj.protocol.a.NativeProtocol.sendCommand(NativeProtocol.java:128)
	at com.mysql.cj.NativeSession.sendCommand(NativeSession.java:311)
	at com.mysql.cj.NativeSession.queryServerVariable(NativeSession.java:1008)
	at com.mysql.cj.jdbc.ConnectionImpl.isReadOnly(ConnectionImpl.java:1406)
	... 9 common frames omitted
Caused by: java.io.IOException: Socket is closed
	at com.mysql.cj.protocol.AbstractSocketConnection.getMysqlInput(AbstractSocketConnection.java:72)
	at com.mysql.cj.protocol.a.NativeProtocol.clearInputStream(NativeProtocol.java:803)
	... 14 common frames omitted
17:02:39.094 [RuoyiScheduler_QuartzSchedulerThread] ERROR c.a.d.f.s.StatFilter - [internalAfterStatementExecute,478] - slow sql 1130 millis. SELECT TRIGGER_NAME, TRIGGER_GROUP, NEXT_FIRE_TIME, PRIORITY FROM QRTZ_TRIGGERS WHERE SCHED_NAME = 'RuoyiScheduler' AND TRIGGER_STATE = ? AND NEXT_FIRE_TIME <= ? AND (MISFIRE_INSTR = -1 OR (MISFIRE_INSTR != -1 AND NEXT_FIRE_TIME >= ?)) ORDER BY NEXT_FIRE_TIME ASC, PRIORITY DESC["WAITING",1674550987542,1674550945962]
17:02:48.655 [QuartzScheduler_RuoyiScheduler-LAPTOP-054BLB7L1674462123784_ClusterManager] ERROR c.a.d.f.s.StatFilter - [internalAfterStatementExecute,478] - slow sql 1320 millis. SELECT * FROM QRTZ_SCHEDULER_STATE WHERE SCHED_NAME = 'RuoyiScheduler'[]
17:07:47.342 [RuoyiScheduler_QuartzSchedulerThread] ERROR c.a.d.f.s.StatFilter - [internalAfterStatementExecute,478] - slow sql 1058 millis. SELECT TRIGGER_NAME, TRIGGER_GROUP, NEXT_FIRE_TIME, PRIORITY FROM QRTZ_TRIGGERS WHERE SCHED_NAME = 'RuoyiScheduler' AND TRIGGER_STATE = ? AND NEXT_FIRE_TIME <= ? AND (MISFIRE_INSTR = -1 OR (MISFIRE_INSTR != -1 AND NEXT_FIRE_TIME >= ?)) ORDER BY NEXT_FIRE_TIME ASC, PRIORITY DESC["WAITING",1674551295371,1674551254284]
17:37:48.361 [QuartzScheduler_RuoyiScheduler-LAPTOP-054BLB7L1674462123784_ClusterManager] ERROR c.a.d.f.s.StatFilter - [internalAfterStatementExecute,478] - slow sql 1052 millis. UPDATE QRTZ_SCHEDULER_STATE SET LAST_CHECKIN_TIME = ? WHERE SCHED_NAME = 'RuoyiScheduler' AND INSTANCE_NAME = ?[1674553067306,"LAPTOP-054BLB7L1674462123784"]
17:37:48.432 [RuoyiScheduler_QuartzSchedulerThread] ERROR c.a.d.f.s.StatFilter - [internalAfterStatementExecute,478] - slow sql 1089 millis. SELECT TRIGGER_NAME, TRIGGER_GROUP, NEXT_FIRE_TIME, PRIORITY FROM QRTZ_TRIGGERS WHERE SCHED_NAME = 'RuoyiScheduler' AND TRIGGER_STATE = ? AND NEXT_FIRE_TIME <= ? AND (MISFIRE_INSTR = -1 OR (MISFIRE_INSTR != -1 AND NEXT_FIRE_TIME >= ?)) ORDER BY NEXT_FIRE_TIME ASC, PRIORITY DESC["WAITING",1674553097253,1674553055342]
17:37:52.832 [QuartzScheduler_RuoyiScheduler-LAPTOP-054BLB7L1674462123784_MisfireHandler] ERROR c.a.d.f.s.StatFilter - [internalAfterStatementExecute,478] - slow sql 1150 millis. SELECT COUNT(TRIGGER_NAME) FROM QRTZ_TRIGGERS WHERE SCHED_NAME = 'RuoyiScheduler' AND NOT (MISFIRE_INSTR = -1) AND NEXT_FIRE_TIME < ? AND TRIGGER_STATE = ?[1674553059682,"WAITING"]
18:13:02.286 [QuartzScheduler_RuoyiScheduler-LAPTOP-054BLB7L1674462123784_ClusterManager] ERROR c.a.d.f.s.StatFilter - [internalAfterStatementExecute,478] - slow sql 1052 millis. UPDATE QRTZ_SCHEDULER_STATE SET LAST_CHECKIN_TIME = ? WHERE SCHED_NAME = 'RuoyiScheduler' AND INSTANCE_NAME = ?[1674555181233,"LAPTOP-054BLB7L1674462123784"]
18:13:04.433 [QuartzScheduler_RuoyiScheduler-LAPTOP-054BLB7L1674462123784_MisfireHandler] ERROR c.a.d.f.s.StatFilter - [internalAfterStatementExecute,478] - slow sql 1017 millis. SELECT COUNT(TRIGGER_NAME) FROM QRTZ_TRIGGERS WHERE SCHED_NAME = 'RuoyiScheduler' AND NOT (MISFIRE_INSTR = -1) AND NEXT_FIRE_TIME < ? AND TRIGGER_STATE = ?[1674555171415,"WAITING"]
18:18:04.947 [QuartzScheduler_RuoyiScheduler-LAPTOP-054BLB7L1674462123784_MisfireHandler] ERROR c.a.d.f.s.StatFilter - [internalAfterStatementExecute,478] - slow sql 1279 millis. SELECT COUNT(TRIGGER_NAME) FROM QRTZ_TRIGGERS WHERE SCHED_NAME = 'RuoyiScheduler' AND NOT (MISFIRE_INSTR = -1) AND NEXT_FIRE_TIME < ? AND TRIGGER_STATE = ?[1674555471668,"WAITING"]
18:18:11.009 [RuoyiScheduler_QuartzSchedulerThread] ERROR c.a.d.f.s.StatFilter - [internalAfterStatementExecute,478] - slow sql 1364 millis. SELECT TRIGGER_NAME, TRIGGER_GROUP, NEXT_FIRE_TIME, PRIORITY FROM QRTZ_TRIGGERS WHERE SCHED_NAME = 'RuoyiScheduler' AND TRIGGER_STATE = ? AND NEXT_FIRE_TIME <= ? AND (MISFIRE_INSTR = -1 OR (MISFIRE_INSTR != -1 AND NEXT_FIRE_TIME >= ?)) ORDER BY NEXT_FIRE_TIME ASC, PRIORITY DESC["WAITING",1674555519228,1674555477644]
18:48:04.504 [QuartzScheduler_RuoyiScheduler-LAPTOP-054BLB7L1674462123784_MisfireHandler] ERROR c.a.d.f.s.StatFilter - [internalAfterStatementExecute,478] - slow sql 1269 millis. SELECT COUNT(TRIGGER_NAME) FROM QRTZ_TRIGGERS WHERE SCHED_NAME = 'RuoyiScheduler' AND NOT (MISFIRE_INSTR = -1) AND NEXT_FIRE_TIME < ? AND TRIGGER_STATE = ?[1674557271234,"WAITING"]
19:23:15.193 [QuartzScheduler_RuoyiScheduler-LAPTOP-054BLB7L1674462123784_ClusterManager] ERROR c.a.d.f.s.StatFilter - [internalAfterStatementExecute,478] - slow sql 1119 millis. UPDATE QRTZ_SCHEDULER_STATE SET LAST_CHECKIN_TIME = ? WHERE SCHED_NAME = 'RuoyiScheduler' AND INSTANCE_NAME = ?[1674559394073,"LAPTOP-054BLB7L1674462123784"]
19:28:18.336 [RuoyiScheduler_QuartzSchedulerThread] ERROR c.a.d.f.s.StatFilter - [internalAfterStatementExecute,478] - slow sql 1319 millis. SELECT TRIGGER_NAME, TRIGGER_GROUP, NEXT_FIRE_TIME, PRIORITY FROM QRTZ_TRIGGERS WHERE SCHED_NAME = 'RuoyiScheduler' AND TRIGGER_STATE = ? AND NEXT_FIRE_TIME <= ? AND (MISFIRE_INSTR = -1 OR (MISFIRE_INSTR != -1 AND NEXT_FIRE_TIME >= ?)) ORDER BY NEXT_FIRE_TIME ASC, PRIORITY DESC["WAITING",1674559725778,1674559685017]
19:28:21.964 [QuartzScheduler_RuoyiScheduler-LAPTOP-054BLB7L1674462123784_ClusterManager] ERROR c.a.d.f.s.StatFilter - [internalAfterStatementExecute,478] - slow sql 1310 millis. SELECT * FROM QRTZ_SCHEDULER_STATE WHERE SCHED_NAME = 'RuoyiScheduler'[]
19:28:23.008 [Druid-ConnectionPool-Create-1039802168] ERROR c.a.d.p.DruidDataSource - [put,2486] - create connection holder error
com.mysql.cj.jdbc.exceptions.CommunicationsException: Communications link failure

The last packet successfully received from the server was 1,002 milliseconds ago. The last packet sent successfully to the server was 1,041 milliseconds ago.
	at com.mysql.cj.jdbc.exceptions.SQLError.createCommunicationsException(SQLError.java:174)
	at com.mysql.cj.jdbc.exceptions.SQLExceptionsMapping.translateException(SQLExceptionsMapping.java:64)
	at com.mysql.cj.jdbc.ConnectionImpl.isReadOnly(ConnectionImpl.java:1414)
	at com.mysql.cj.jdbc.ConnectionImpl.isReadOnly(ConnectionImpl.java:1399)
	at com.alibaba.druid.filter.FilterChainImpl.connection_isReadOnly(FilterChainImpl.java:463)
	at com.alibaba.druid.filter.FilterAdapter.connection_isReadOnly(FilterAdapter.java:894)
	at com.alibaba.druid.filter.FilterChainImpl.connection_isReadOnly(FilterChainImpl.java:459)
	at com.alibaba.druid.proxy.jdbc.ConnectionProxyImpl.isReadOnly(ConnectionProxyImpl.java:291)
	at com.alibaba.druid.pool.DruidConnectionHolder.<init>(DruidConnectionHolder.java:140)
	at com.alibaba.druid.pool.DruidConnectionHolder.<init>(DruidConnectionHolder.java:79)
	at com.alibaba.druid.pool.DruidDataSource.put(DruidDataSource.java:2476)
	at com.alibaba.druid.pool.DruidDataSource$CreateConnectionThread.run(DruidDataSource.java:2821)
Caused by: com.mysql.cj.exceptions.CJCommunicationsException: Communications link failure

The last packet successfully received from the server was 1,002 milliseconds ago. The last packet sent successfully to the server was 1,041 milliseconds ago.
	at sun.reflect.GeneratedConstructorAccessor116.newInstance(Unknown Source)
	at sun.reflect.DelegatingConstructorAccessorImpl.newInstance(DelegatingConstructorAccessorImpl.java:45)
	at java.lang.reflect.Constructor.newInstance(Constructor.java:423)
	at com.mysql.cj.exceptions.ExceptionFactory.createException(ExceptionFactory.java:61)
	at com.mysql.cj.exceptions.ExceptionFactory.createException(ExceptionFactory.java:105)
	at com.mysql.cj.exceptions.ExceptionFactory.createException(ExceptionFactory.java:151)
	at com.mysql.cj.exceptions.ExceptionFactory.createCommunicationsException(ExceptionFactory.java:167)
	at com.mysql.cj.protocol.a.NativeProtocol.clearInputStream(NativeProtocol.java:807)
	at com.mysql.cj.protocol.a.NativeProtocol.sendCommand(NativeProtocol.java:622)
	at com.mysql.cj.protocol.a.NativeProtocol.sendCommand(NativeProtocol.java:128)
	at com.mysql.cj.NativeSession.sendCommand(NativeSession.java:311)
	at com.mysql.cj.NativeSession.queryServerVariable(NativeSession.java:1008)
	at com.mysql.cj.jdbc.ConnectionImpl.isReadOnly(ConnectionImpl.java:1406)
	... 9 common frames omitted
Caused by: java.io.IOException: Socket is closed
	at com.mysql.cj.protocol.AbstractSocketConnection.getMysqlInput(AbstractSocketConnection.java:72)
	at com.mysql.cj.protocol.a.NativeProtocol.clearInputStream(NativeProtocol.java:803)
	... 14 common frames omitted
19:58:28.830 [QuartzScheduler_RuoyiScheduler-LAPTOP-054BLB7L1674462123784_MisfireHandler] ERROR c.a.d.f.s.StatFilter - [internalAfterStatementExecute,478] - slow sql 1266 millis. SELECT COUNT(TRIGGER_NAME) FROM QRTZ_TRIGGERS WHERE SCHED_NAME = 'RuoyiScheduler' AND NOT (MISFIRE_INSTR = -1) AND NEXT_FIRE_TIME < ? AND TRIGGER_STATE = ?[1674561495563,"WAITING"]
20:03:37.567 [QuartzScheduler_RuoyiScheduler-LAPTOP-054BLB7L1674462123784_ClusterManager] ERROR c.a.d.f.s.StatFilter - [internalAfterStatementExecute,478] - slow sql 1061 millis. SELECT * FROM QRTZ_SCHEDULER_STATE WHERE SCHED_NAME = 'RuoyiScheduler'[]
20:03:38.886 [QuartzScheduler_RuoyiScheduler-LAPTOP-054BLB7L1674462123784_ClusterManager] ERROR c.a.d.f.s.StatFilter - [internalAfterStatementExecute,478] - slow sql 1318 millis. UPDATE QRTZ_SCHEDULER_STATE SET LAST_CHECKIN_TIME = ? WHERE SCHED_NAME = 'RuoyiScheduler' AND INSTANCE_NAME = ?[1674561817567,"LAPTOP-054BLB7L1674462123784"]
