17:48:53.389 [restartedMain] INFO  c.r.RuoYiApplication - [logStarting,50] - Starting RuoYiApplication on LAPTOP-054BLB7L with PID 4320 (E:\food\Blockchain-APTrace-Fabric\blockchain-trace-basic-data\ruoyi-admin\target\classes started by 冯银发 in E:\food\Blockchain-APTrace-Fabric\blockchain-trace-basic-data)
17:48:53.399 [restartedMain] INFO  c.r.RuoYiApplication - [logStartupProfileInfo,652] - The following profiles are active: druid
17:48:57.959 [restartedMain] INFO  o.a.c.h.Http11NioProtocol - [log,173] - Initializing ProtocolHandler ["http-nio-8080"]
17:48:57.969 [restartedMain] INFO  o.a.c.c.StandardService - [log,173] - Starting service [Tomcat]
17:48:57.969 [restartedMain] INFO  o.a.c.c.StandardEngine - [log,173] - Starting Servlet engine: [Apache Tomcat/9.0.38]
17:48:58.074 [restartedMain] INFO  o.a.c.c.C.[.[.[/] - [log,173] - Initializing Spring embedded WebApplicationContext
17:49:02.770 [restartedMain] INFO  c.a.d.p.DruidDataSource - [init,994] - {dataSource-1} inited
17:49:03.044 [restartedMain] INFO  i.l.c.EpollProvider - [<clinit>,68] - Starting without optional epoll library
17:49:03.044 [restartedMain] INFO  i.l.c.KqueueProvider - [<clinit>,70] - Starting without optional kqueue library
17:49:05.840 [restartedMain] INFO  c.a.d.p.DruidDataSource - [close,2029] - {dataSource-1} closing ...
17:49:05.849 [restartedMain] INFO  c.a.d.p.DruidDataSource - [close,2101] - {dataSource-1} closed
17:49:06.079 [restartedMain] INFO  o.a.c.c.StandardService - [log,173] - Stopping service [Tomcat]
18:08:10.272 [restartedMain] INFO  c.r.RuoYiApplication - [logStarting,50] - Starting RuoYiApplication on LAPTOP-054BLB7L with PID 17112 (E:\food\Blockchain-APTrace-Fabric\blockchain-trace-basic-data\ruoyi-admin\target\classes started by 冯银发 in E:\food\Blockchain-APTrace-Fabric\blockchain-trace-basic-data)
18:08:10.275 [restartedMain] INFO  c.r.RuoYiApplication - [logStartupProfileInfo,652] - The following profiles are active: druid
18:08:12.667 [restartedMain] INFO  o.a.c.h.Http11NioProtocol - [log,173] - Initializing ProtocolHandler ["http-nio-8080"]
18:08:12.677 [restartedMain] INFO  o.a.c.c.StandardService - [log,173] - Starting service [Tomcat]
18:08:12.677 [restartedMain] INFO  o.a.c.c.StandardEngine - [log,173] - Starting Servlet engine: [Apache Tomcat/9.0.38]
18:08:12.767 [restartedMain] INFO  o.a.c.c.C.[.[.[/] - [log,173] - Initializing Spring embedded WebApplicationContext
18:08:16.758 [restartedMain] INFO  c.a.d.p.DruidDataSource - [init,994] - {dataSource-1} inited
18:08:16.969 [restartedMain] INFO  i.l.c.EpollProvider - [<clinit>,68] - Starting without optional epoll library
18:08:16.969 [restartedMain] INFO  i.l.c.KqueueProvider - [<clinit>,70] - Starting without optional kqueue library
18:08:19.482 [restartedMain] INFO  o.q.i.StdSchedulerFactory - [instantiate,1220] - Using default implementation for ThreadExecutor
18:08:19.497 [restartedMain] INFO  o.q.c.SchedulerSignalerImpl - [<init>,61] - Initialized Scheduler Signaller of type: class org.quartz.core.SchedulerSignalerImpl
18:08:19.497 [restartedMain] INFO  o.q.c.QuartzScheduler - [<init>,229] - Quartz Scheduler v.2.3.2 created.
18:08:19.502 [restartedMain] INFO  o.q.c.QuartzScheduler - [initialize,294] - Scheduler meta-data: Quartz Scheduler (v2.3.2) 'RuoyiScheduler' with instanceId 'LAPTOP-054BLB7L1697278099487'
  Scheduler class: 'org.quartz.core.QuartzScheduler' - running locally.
  NOT STARTED.
  Currently in standby mode.
  Number of jobs executed: 0
  Using thread pool 'org.quartz.simpl.SimpleThreadPool' - with 20 threads.
  Using job-store 'org.springframework.scheduling.quartz.LocalDataSourceJobStore' - which supports persistence. and is clustered.

18:08:19.502 [restartedMain] INFO  o.q.i.StdSchedulerFactory - [instantiate,1374] - Quartz scheduler 'RuoyiScheduler' initialized from an externally provided properties instance.
18:08:19.502 [restartedMain] INFO  o.q.i.StdSchedulerFactory - [instantiate,1378] - Quartz scheduler version: 2.3.2
18:08:19.502 [restartedMain] INFO  o.q.c.QuartzScheduler - [setJobFactory,2293] - JobFactory set to: org.springframework.scheduling.quartz.AdaptableJobFactory@326bf855
18:08:23.278 [restartedMain] INFO  s.d.s.w.PropertySourcedRequestMappingHandlerMapping - [initHandlerMethods,69] - Mapped URL path [/v2/api-docs] onto method [public org.springframework.http.ResponseEntity<springfox.documentation.spring.web.json.Json> springfox.documentation.swagger2.web.Swagger2Controller.getDocumentation(java.lang.String,javax.servlet.http.HttpServletRequest)]
18:08:24.357 [restartedMain] INFO  s.d.s.w.p.DocumentationPluginsBootstrapper - [start,160] - Context refreshed
18:08:24.377 [restartedMain] INFO  s.d.s.w.p.DocumentationPluginsBootstrapper - [start,163] - Found 1 custom documentation plugin(s)
18:08:24.417 [restartedMain] INFO  s.d.s.w.s.ApiListingReferenceScanner - [scan,41] - Scanning for api listing references
18:08:24.555 [restartedMain] INFO  o.a.c.h.Http11NioProtocol - [log,173] - Starting ProtocolHandler ["http-nio-8080"]
18:08:24.567 [restartedMain] INFO  c.r.RuoYiApplication - [logStarted,59] - Started RuoYiApplication in 14.668 seconds (JVM running for 15.775)
18:08:26.408 [Quartz Scheduler [RuoyiScheduler]] INFO  o.q.c.QuartzScheduler - [start,547] - Scheduler RuoyiScheduler_$_LAPTOP-054BLB7L1697278099487 started.
18:08:52.299 [http-nio-8080-exec-1] INFO  o.a.c.c.C.[.[.[/] - [log,173] - Initializing Spring DispatcherServlet 'dispatcherServlet'
18:17:34.524 [schedule-pool-1] INFO  sys-user - [run,54] - [127.0.0.1]内网IP[admin][Success][登录成功]
18:18:12.410 [schedule-pool-1] INFO  sys-user - [run,54] - [127.0.0.1]内网IP[admin][Logout][退出成功]
18:18:23.878 [schedule-pool-2] INFO  sys-user - [run,54] - [127.0.0.1]内网IP[lijie][Success][登录成功]
21:50:57.327 [schedule-pool-1] INFO  sys-user - [run,54] - [127.0.0.1]内网IP[lijie][Error][验证码错误]
21:51:02.441 [schedule-pool-3] INFO  sys-user - [run,54] - [127.0.0.1]内网IP[lijie][Success][登录成功]
