14:24:14.062 [QuartzScheduler_RuoyiScheduler-LAPTOP-054BLB7L1712555407467_ClusterManager] ERROR c.a.d.f.s.StatFilter - [internalAfterStatementExecute,478] - slow sql 1039 millis. UPDATE QRTZ_SCHEDULER_STATE SET LAST_CHECKIN_TIME = ? WHERE SCHED_NAME = 'RuoyiScheduler' AND INSTANCE_NAME = ?[1712557453020,"LAPTOP-054BLB7L1712555407467"]
15:34:35.424 [RuoyiScheduler_QuartzSchedulerThread] ERROR c.a.d.f.s.StatFilter - [internalAfterStatementExecute,478] - slow sql 1058 millis. SELECT TRIGGER_NAME, TRIGGER_GROUP, NEXT_FIRE_TIME, PRIORITY FROM QRTZ_TRIGGERS WHERE SCHED_NAME = 'RuoyiScheduler' AND TRIGGER_STATE = ? AND NEXT_FIRE_TIME <= ? AND (MISFIRE_INSTR = -1 OR (MISFIRE_INSTR != -1 AND NEXT_FIRE_TIME >= ?)) ORDER BY NEXT_FIRE_TIME ASC, PRIORITY DESC["WAITING",1712561704318,1712561662365]
16:04:37.223 [QuartzScheduler_RuoyiScheduler-LAPTOP-054BLB7L1712555407467_ClusterManager] ERROR c.a.d.f.s.StatFilter - [internalAfterStatementExecute,478] - slow sql 1044 millis. SELECT * FROM QRTZ_SCHEDULER_STATE WHERE SCHED_NAME = 'RuoyiScheduler'[]
16:09:42.123 [QuartzScheduler_RuoyiScheduler-LAPTOP-054BLB7L1712555407467_ClusterManager] ERROR c.a.d.f.s.StatFilter - [internalAfterStatementExecute,478] - slow sql 1033 millis. UPDATE QRTZ_SCHEDULER_STATE SET LAST_CHECKIN_TIME = ? WHERE SCHED_NAME = 'RuoyiScheduler' AND INSTANCE_NAME = ?[1712563781082,"LAPTOP-054BLB7L1712555407467"]
16:09:44.528 [QuartzScheduler_RuoyiScheduler-LAPTOP-054BLB7L1712555407467_MisfireHandler] ERROR c.a.d.f.s.StatFilter - [internalAfterStatementExecute,478] - slow sql 1192 millis. SELECT COUNT(TRIGGER_NAME) FROM QRTZ_TRIGGERS WHERE SCHED_NAME = 'RuoyiScheduler' AND NOT (MISFIRE_INSTR = -1) AND NEXT_FIRE_TIME < ? AND TRIGGER_STATE = ?[1712563771335,"WAITING"]
16:09:45.576 [Druid-ConnectionPool-Create-179910374] ERROR c.a.d.p.DruidDataSource - [put,2486] - create connection holder error
com.mysql.cj.jdbc.exceptions.CommunicationsException: Communications link failure

The last packet successfully received from the server was 1,002 milliseconds ago. The last packet sent successfully to the server was 1,043 milliseconds ago.
	at com.mysql.cj.jdbc.exceptions.SQLError.createCommunicationsException(SQLError.java:174)
	at com.mysql.cj.jdbc.exceptions.SQLExceptionsMapping.translateException(SQLExceptionsMapping.java:64)
	at com.mysql.cj.jdbc.ConnectionImpl.isReadOnly(ConnectionImpl.java:1414)
	at com.mysql.cj.jdbc.ConnectionImpl.isReadOnly(ConnectionImpl.java:1399)
	at com.alibaba.druid.filter.FilterChainImpl.connection_isReadOnly(FilterChainImpl.java:463)
	at com.alibaba.druid.filter.FilterAdapter.connection_isReadOnly(FilterAdapter.java:894)
	at com.alibaba.druid.filter.FilterChainImpl.connection_isReadOnly(FilterChainImpl.java:459)
	at com.alibaba.druid.proxy.jdbc.ConnectionProxyImpl.isReadOnly(ConnectionProxyImpl.java:291)
	at com.alibaba.druid.pool.DruidConnectionHolder.<init>(DruidConnectionHolder.java:140)
	at com.alibaba.druid.pool.DruidConnectionHolder.<init>(DruidConnectionHolder.java:79)
	at com.alibaba.druid.pool.DruidDataSource.put(DruidDataSource.java:2476)
	at com.alibaba.druid.pool.DruidDataSource$CreateConnectionThread.run(DruidDataSource.java:2821)
Caused by: com.mysql.cj.exceptions.CJCommunicationsException: Communications link failure

The last packet successfully received from the server was 1,002 milliseconds ago. The last packet sent successfully to the server was 1,043 milliseconds ago.
	at sun.reflect.NativeConstructorAccessorImpl.newInstance0(Native Method)
	at sun.reflect.NativeConstructorAccessorImpl.newInstance(NativeConstructorAccessorImpl.java:62)
	at sun.reflect.DelegatingConstructorAccessorImpl.newInstance(DelegatingConstructorAccessorImpl.java:45)
	at java.lang.reflect.Constructor.newInstance(Constructor.java:423)
	at com.mysql.cj.exceptions.ExceptionFactory.createException(ExceptionFactory.java:61)
	at com.mysql.cj.exceptions.ExceptionFactory.createException(ExceptionFactory.java:105)
	at com.mysql.cj.exceptions.ExceptionFactory.createException(ExceptionFactory.java:151)
	at com.mysql.cj.exceptions.ExceptionFactory.createCommunicationsException(ExceptionFactory.java:167)
	at com.mysql.cj.protocol.a.NativeProtocol.clearInputStream(NativeProtocol.java:807)
	at com.mysql.cj.protocol.a.NativeProtocol.sendCommand(NativeProtocol.java:622)
	at com.mysql.cj.protocol.a.NativeProtocol.sendCommand(NativeProtocol.java:128)
	at com.mysql.cj.NativeSession.sendCommand(NativeSession.java:311)
	at com.mysql.cj.NativeSession.queryServerVariable(NativeSession.java:1008)
	at com.mysql.cj.jdbc.ConnectionImpl.isReadOnly(ConnectionImpl.java:1406)
	... 9 common frames omitted
Caused by: java.io.IOException: Socket is closed
	at com.mysql.cj.protocol.AbstractSocketConnection.getMysqlInput(AbstractSocketConnection.java:72)
	at com.mysql.cj.protocol.a.NativeProtocol.clearInputStream(NativeProtocol.java:803)
	... 14 common frames omitted
17:14:53.814 [QuartzScheduler_RuoyiScheduler-LAPTOP-054BLB7L1712555407467_ClusterManager] ERROR c.a.d.f.s.StatFilter - [internalAfterStatementExecute,478] - slow sql 1221 millis. UPDATE QRTZ_SCHEDULER_STATE SET LAST_CHECKIN_TIME = ? WHERE SCHED_NAME = 'RuoyiScheduler' AND INSTANCE_NAME = ?[1712567692595,"LAPTOP-054BLB7L1712555407467"]
