00:23:19.248 [QuartzScheduler_RuoyiScheduler-LAPTOP-054BLB7L1675323381260_MisfireHandler] ERROR c.a.d.f.s.StatFilter - [internalAfterStatementExecute,478] - slow sql 1290 millis. SELECT COUNT(TRIGGER_NAME) FROM QRTZ_TRIGGERS WHERE SCHED_NAME = 'RuoyiScheduler' AND NOT (MISFIRE_INSTR = -1) AND NEXT_FIRE_TIME < ? AND TRIGGER_STATE = ?[1675354985958,"WAITING"]
00:23:27.577 [RuoyiScheduler_QuartzSchedulerThread] ERROR c.a.d.f.s.StatFilter - [internalAfterStatementExecute,478] - slow sql 1061 millis. SELECT TRIGGER_NAME, TRIGGER_GROUP, NEXT_FIRE_TIME, PRIORITY FROM QRTZ_TRIGGERS WHERE SCHED_NAME = 'RuoyiScheduler' AND TRIGGER_STATE = ? AND NEXT_FIRE_TIME <= ? AND (MISFIRE_INSTR = -1 OR (MISFIRE_INSTR != -1 AND NEXT_FIRE_TIME >= ?)) ORDER BY NEXT_FIRE_TIME ASC, PRIORITY DESC["WAITING",1675355036023,1675354994516]
00:28:24.502 [RuoyiScheduler_QuartzSchedulerThread] ERROR c.a.d.f.s.StatFilter - [internalAfterStatementExecute,478] - slow sql 1299 millis. SELECT TRIGGER_NAME, TRIGGER_GROUP, NEXT_FIRE_TIME, PRIORITY FROM QRTZ_TRIGGERS WHERE SCHED_NAME = 'RuoyiScheduler' AND TRIGGER_STATE = ? AND NEXT_FIRE_TIME <= ? AND (MISFIRE_INSTR = -1 OR (MISFIRE_INSTR != -1 AND NEXT_FIRE_TIME >= ?)) ORDER BY NEXT_FIRE_TIME ASC, PRIORITY DESC["WAITING",1675355332590,1675355291202]
00:28:30.682 [QuartzScheduler_RuoyiScheduler-LAPTOP-054BLB7L1675323381260_ClusterManager] ERROR c.a.d.f.s.StatFilter - [internalAfterStatementExecute,478] - slow sql 1085 millis. SELECT * FROM QRTZ_SCHEDULER_STATE WHERE SCHED_NAME = 'RuoyiScheduler'[]
00:28:34.015 [Druid-ConnectionPool-Create-1671065038] ERROR c.a.d.p.DruidDataSource - [put,2486] - create connection holder error
com.mysql.cj.jdbc.exceptions.CommunicationsException: Communications link failure

The last packet successfully received from the server was 1,001 milliseconds ago. The last packet sent successfully to the server was 1,001 milliseconds ago.
	at com.mysql.cj.jdbc.exceptions.SQLError.createCommunicationsException(SQLError.java:174)
	at com.mysql.cj.jdbc.exceptions.SQLExceptionsMapping.translateException(SQLExceptionsMapping.java:64)
	at com.mysql.cj.jdbc.ConnectionImpl.isReadOnly(ConnectionImpl.java:1414)
	at com.mysql.cj.jdbc.ConnectionImpl.isReadOnly(ConnectionImpl.java:1399)
	at com.alibaba.druid.filter.FilterChainImpl.connection_isReadOnly(FilterChainImpl.java:463)
	at com.alibaba.druid.filter.FilterAdapter.connection_isReadOnly(FilterAdapter.java:894)
	at com.alibaba.druid.filter.FilterChainImpl.connection_isReadOnly(FilterChainImpl.java:459)
	at com.alibaba.druid.proxy.jdbc.ConnectionProxyImpl.isReadOnly(ConnectionProxyImpl.java:291)
	at com.alibaba.druid.pool.DruidConnectionHolder.<init>(DruidConnectionHolder.java:140)
	at com.alibaba.druid.pool.DruidConnectionHolder.<init>(DruidConnectionHolder.java:79)
	at com.alibaba.druid.pool.DruidDataSource.put(DruidDataSource.java:2476)
	at com.alibaba.druid.pool.DruidDataSource$CreateConnectionThread.run(DruidDataSource.java:2821)
Caused by: com.mysql.cj.exceptions.CJCommunicationsException: Communications link failure

The last packet successfully received from the server was 1,001 milliseconds ago. The last packet sent successfully to the server was 1,001 milliseconds ago.
	at sun.reflect.NativeConstructorAccessorImpl.newInstance0(Native Method)
	at sun.reflect.NativeConstructorAccessorImpl.newInstance(NativeConstructorAccessorImpl.java:62)
	at sun.reflect.DelegatingConstructorAccessorImpl.newInstance(DelegatingConstructorAccessorImpl.java:45)
	at java.lang.reflect.Constructor.newInstance(Constructor.java:423)
	at com.mysql.cj.exceptions.ExceptionFactory.createException(ExceptionFactory.java:61)
	at com.mysql.cj.exceptions.ExceptionFactory.createException(ExceptionFactory.java:105)
	at com.mysql.cj.exceptions.ExceptionFactory.createException(ExceptionFactory.java:151)
	at com.mysql.cj.exceptions.ExceptionFactory.createCommunicationsException(ExceptionFactory.java:167)
	at com.mysql.cj.protocol.a.NativeProtocol.clearInputStream(NativeProtocol.java:807)
	at com.mysql.cj.protocol.a.NativeProtocol.sendCommand(NativeProtocol.java:622)
	at com.mysql.cj.protocol.a.NativeProtocol.sendCommand(NativeProtocol.java:128)
	at com.mysql.cj.NativeSession.sendCommand(NativeSession.java:311)
	at com.mysql.cj.NativeSession.queryServerVariable(NativeSession.java:1008)
	at com.mysql.cj.jdbc.ConnectionImpl.isReadOnly(ConnectionImpl.java:1406)
	... 9 common frames omitted
Caused by: java.io.IOException: Socket is closed
	at com.mysql.cj.protocol.AbstractSocketConnection.getMysqlInput(AbstractSocketConnection.java:72)
	at com.mysql.cj.protocol.a.NativeProtocol.clearInputStream(NativeProtocol.java:803)
	... 14 common frames omitted
00:58:28.667 [QuartzScheduler_RuoyiScheduler-LAPTOP-054BLB7L1675323381260_ClusterManager] ERROR c.a.d.f.s.StatFilter - [internalAfterStatementExecute,478] - slow sql 1227 millis. UPDATE QRTZ_SCHEDULER_STATE SET LAST_CHECKIN_TIME = ? WHERE SCHED_NAME = 'RuoyiScheduler' AND INSTANCE_NAME = ?[1675357107438,"LAPTOP-054BLB7L1675323381260"]
00:58:32.663 [RuoyiScheduler_QuartzSchedulerThread] ERROR c.a.d.f.s.StatFilter - [internalAfterStatementExecute,478] - slow sql 1290 millis. SELECT TRIGGER_NAME, TRIGGER_GROUP, NEXT_FIRE_TIME, PRIORITY FROM QRTZ_TRIGGERS WHERE SCHED_NAME = 'RuoyiScheduler' AND TRIGGER_STATE = ? AND NEXT_FIRE_TIME <= ? AND (MISFIRE_INSTR = -1 OR (MISFIRE_INSTR != -1 AND NEXT_FIRE_TIME >= ?)) ORDER BY NEXT_FIRE_TIME ASC, PRIORITY DESC["WAITING",1675357140682,1675357099372]
01:03:43.603 [QuartzScheduler_RuoyiScheduler-LAPTOP-054BLB7L1675323381260_MisfireHandler] ERROR c.a.d.f.s.StatFilter - [internalAfterStatementExecute,478] - slow sql 1049 millis. SELECT COUNT(TRIGGER_NAME) FROM QRTZ_TRIGGERS WHERE SCHED_NAME = 'RuoyiScheduler' AND NOT (MISFIRE_INSTR = -1) AND NEXT_FIRE_TIME < ? AND TRIGGER_STATE = ?[1675357410554,"WAITING"]
01:33:41.946 [QuartzScheduler_RuoyiScheduler-LAPTOP-054BLB7L1675323381260_ClusterManager] ERROR c.a.d.f.s.StatFilter - [internalAfterStatementExecute,478] - slow sql 1091 millis. UPDATE QRTZ_SCHEDULER_STATE SET LAST_CHECKIN_TIME = ? WHERE SCHED_NAME = 'RuoyiScheduler' AND INSTANCE_NAME = ?[1675359220854,"LAPTOP-054BLB7L1675323381260"]
01:33:47.961 [RuoyiScheduler_QuartzSchedulerThread] ERROR c.a.d.f.s.StatFilter - [internalAfterStatementExecute,478] - slow sql 1090 millis. SELECT TRIGGER_NAME, TRIGGER_GROUP, NEXT_FIRE_TIME, PRIORITY FROM QRTZ_TRIGGERS WHERE SCHED_NAME = 'RuoyiScheduler' AND TRIGGER_STATE = ? AND NEXT_FIRE_TIME <= ? AND (MISFIRE_INSTR = -1 OR (MISFIRE_INSTR != -1 AND NEXT_FIRE_TIME >= ?)) ORDER BY NEXT_FIRE_TIME ASC, PRIORITY DESC["WAITING",1675359255895,1675359214871]
01:38:43.447 [QuartzScheduler_RuoyiScheduler-LAPTOP-054BLB7L1675323381260_MisfireHandler] ERROR c.a.d.f.s.StatFilter - [internalAfterStatementExecute,478] - slow sql 1274 millis. SELECT COUNT(TRIGGER_NAME) FROM QRTZ_TRIGGERS WHERE SCHED_NAME = 'RuoyiScheduler' AND NOT (MISFIRE_INSTR = -1) AND NEXT_FIRE_TIME < ? AND TRIGGER_STATE = ?[1675359510180,"WAITING"]
01:38:46.042 [QuartzScheduler_RuoyiScheduler-LAPTOP-054BLB7L1675323381260_ClusterManager] ERROR c.a.d.f.s.StatFilter - [internalAfterStatementExecute,478] - slow sql 1251 millis. SELECT * FROM QRTZ_SCHEDULER_STATE WHERE SCHED_NAME = 'RuoyiScheduler'[]
01:38:49.757 [RuoyiScheduler_QuartzSchedulerThread] ERROR c.a.d.f.s.StatFilter - [internalAfterStatementExecute,478] - slow sql 1291 millis. SELECT TRIGGER_NAME, TRIGGER_GROUP, NEXT_FIRE_TIME, PRIORITY FROM QRTZ_TRIGGERS WHERE SCHED_NAME = 'RuoyiScheduler' AND TRIGGER_STATE = ? AND NEXT_FIRE_TIME <= ? AND (MISFIRE_INSTR = -1 OR (MISFIRE_INSTR != -1 AND NEXT_FIRE_TIME >= ?)) ORDER BY NEXT_FIRE_TIME ASC, PRIORITY DESC["WAITING",1675359553557,1675359516465]
01:38:55.787 [QuartzScheduler_RuoyiScheduler-LAPTOP-054BLB7L1675323381260_MisfireHandler] ERROR c.a.d.f.s.StatFilter - [internalAfterStatementExecute,478] - slow sql 1324 millis. SELECT COUNT(TRIGGER_NAME) FROM QRTZ_TRIGGERS WHERE SCHED_NAME = 'RuoyiScheduler' AND NOT (MISFIRE_INSTR = -1) AND NEXT_FIRE_TIME < ? AND TRIGGER_STATE = ?[1675359522463,"WAITING"]
02:08:57.771 [QuartzScheduler_RuoyiScheduler-LAPTOP-054BLB7L1675323381260_ClusterManager] ERROR c.a.d.f.s.StatFilter - [internalAfterStatementExecute,478] - slow sql 1072 millis. SELECT * FROM QRTZ_SCHEDULER_STATE WHERE SCHED_NAME = 'RuoyiScheduler'[]
02:08:58.822 [QuartzScheduler_RuoyiScheduler-LAPTOP-054BLB7L1675323381260_ClusterManager] ERROR c.a.d.f.s.StatFilter - [internalAfterStatementExecute,478] - slow sql 1050 millis. UPDATE QRTZ_SCHEDULER_STATE SET LAST_CHECKIN_TIME = ? WHERE SCHED_NAME = 'RuoyiScheduler' AND INSTANCE_NAME = ?[1675361337772,"LAPTOP-054BLB7L1675323381260"]
02:13:55.522 [RuoyiScheduler_QuartzSchedulerThread] ERROR c.a.d.f.s.StatFilter - [internalAfterStatementExecute,478] - slow sql 1299 millis. SELECT TRIGGER_NAME, TRIGGER_GROUP, NEXT_FIRE_TIME, PRIORITY FROM QRTZ_TRIGGERS WHERE SCHED_NAME = 'RuoyiScheduler' AND TRIGGER_STATE = ? AND NEXT_FIRE_TIME <= ? AND (MISFIRE_INSTR = -1 OR (MISFIRE_INSTR != -1 AND NEXT_FIRE_TIME >= ?)) ORDER BY NEXT_FIRE_TIME ASC, PRIORITY DESC["WAITING",1675361663978,1675361622222]
02:14:01.843 [QuartzScheduler_RuoyiScheduler-LAPTOP-054BLB7L1675323381260_ClusterManager] ERROR c.a.d.f.s.StatFilter - [internalAfterStatementExecute,478] - slow sql 1278 millis. SELECT * FROM QRTZ_SCHEDULER_STATE WHERE SCHED_NAME = 'RuoyiScheduler'[]
02:14:07.495 [QuartzScheduler_RuoyiScheduler-LAPTOP-054BLB7L1675323381260_MisfireHandler] ERROR c.a.d.f.s.StatFilter - [internalAfterStatementExecute,478] - slow sql 1253 millis. SELECT COUNT(TRIGGER_NAME) FROM QRTZ_TRIGGERS WHERE SCHED_NAME = 'RuoyiScheduler' AND NOT (MISFIRE_INSTR = -1) AND NEXT_FIRE_TIME < ? AND TRIGGER_STATE = ?[1675361634241,"WAITING"]
02:43:59.683 [QuartzScheduler_RuoyiScheduler-LAPTOP-054BLB7L1675323381260_ClusterManager] ERROR c.a.d.f.s.StatFilter - [internalAfterStatementExecute,478] - slow sql 1307 millis. SELECT * FROM QRTZ_SCHEDULER_STATE WHERE SCHED_NAME = 'RuoyiScheduler'[]
02:49:07.706 [QuartzScheduler_RuoyiScheduler-LAPTOP-054BLB7L1675323381260_MisfireHandler] ERROR c.a.d.f.s.StatFilter - [internalAfterStatementExecute,478] - slow sql 1120 millis. SELECT COUNT(TRIGGER_NAME) FROM QRTZ_TRIGGERS WHERE SCHED_NAME = 'RuoyiScheduler' AND NOT (MISFIRE_INSTR = -1) AND NEXT_FIRE_TIME < ? AND TRIGGER_STATE = ?[1675363734585,"WAITING"]
03:19:12.194 [RuoyiScheduler_QuartzSchedulerThread] ERROR c.a.d.f.s.StatFilter - [internalAfterStatementExecute,478] - slow sql 1160 millis. SELECT TRIGGER_NAME, TRIGGER_GROUP, NEXT_FIRE_TIME, PRIORITY FROM QRTZ_TRIGGERS WHERE SCHED_NAME = 'RuoyiScheduler' AND TRIGGER_STATE = ? AND NEXT_FIRE_TIME <= ? AND (MISFIRE_INSTR = -1 OR (MISFIRE_INSTR != -1 AND NEXT_FIRE_TIME >= ?)) ORDER BY NEXT_FIRE_TIME ASC, PRIORITY DESC["WAITING",1675365580228,1675365539033]
03:19:14.997 [QuartzScheduler_RuoyiScheduler-LAPTOP-054BLB7L1675323381260_ClusterManager] ERROR c.a.d.f.s.StatFilter - [internalAfterStatementExecute,478] - slow sql 1304 millis. SELECT * FROM QRTZ_SCHEDULER_STATE WHERE SCHED_NAME = 'RuoyiScheduler'[]
03:19:16.048 [QuartzScheduler_RuoyiScheduler-LAPTOP-054BLB7L1675323381260_ClusterManager] ERROR c.a.d.f.s.StatFilter - [internalAfterStatementExecute,478] - slow sql 1050 millis. UPDATE QRTZ_SCHEDULER_STATE SET LAST_CHECKIN_TIME = ? WHERE SCHED_NAME = 'RuoyiScheduler' AND INSTANCE_NAME = ?[1675365554997,"LAPTOP-054BLB7L1675323381260"]
03:19:20.579 [QuartzScheduler_RuoyiScheduler-LAPTOP-054BLB7L1675323381260_MisfireHandler] ERROR c.a.d.f.s.StatFilter - [internalAfterStatementExecute,478] - slow sql 1215 millis. SELECT COUNT(TRIGGER_NAME) FROM QRTZ_TRIGGERS WHERE SCHED_NAME = 'RuoyiScheduler' AND NOT (MISFIRE_INSTR = -1) AND NEXT_FIRE_TIME < ? AND TRIGGER_STATE = ?[1675365547364,"WAITING"]
03:24:18.759 [QuartzScheduler_RuoyiScheduler-LAPTOP-054BLB7L1675323381260_ClusterManager] ERROR c.a.d.f.s.StatFilter - [internalAfterStatementExecute,478] - slow sql 1220 millis. UPDATE QRTZ_SCHEDULER_STATE SET LAST_CHECKIN_TIME = ? WHERE SCHED_NAME = 'RuoyiScheduler' AND INSTANCE_NAME = ?[1675365857541,"LAPTOP-054BLB7L1675323381260"]
03:54:20.772 [QuartzScheduler_RuoyiScheduler-LAPTOP-054BLB7L1675323381260_MisfireHandler] ERROR c.a.d.f.s.StatFilter - [internalAfterStatementExecute,478] - slow sql 1291 millis. SELECT COUNT(TRIGGER_NAME) FROM QRTZ_TRIGGERS WHERE SCHED_NAME = 'RuoyiScheduler' AND NOT (MISFIRE_INSTR = -1) AND NEXT_FIRE_TIME < ? AND TRIGGER_STATE = ?[1675367647481,"WAITING"]
03:54:26.872 [RuoyiScheduler_QuartzSchedulerThread] ERROR c.a.d.f.s.StatFilter - [internalAfterStatementExecute,478] - slow sql 1084 millis. SELECT TRIGGER_NAME, TRIGGER_GROUP, NEXT_FIRE_TIME, PRIORITY FROM QRTZ_TRIGGERS WHERE SCHED_NAME = 'RuoyiScheduler' AND TRIGGER_STATE = ? AND NEXT_FIRE_TIME <= ? AND (MISFIRE_INSTR = -1 OR (MISFIRE_INSTR != -1 AND NEXT_FIRE_TIME >= ?)) ORDER BY NEXT_FIRE_TIME ASC, PRIORITY DESC["WAITING",1675367693617,1675367653787]
03:54:30.183 [QuartzScheduler_RuoyiScheduler-LAPTOP-054BLB7L1675323381260_ClusterManager] ERROR c.a.d.f.s.StatFilter - [internalAfterStatementExecute,478] - slow sql 1092 millis. SELECT * FROM QRTZ_SCHEDULER_STATE WHERE SCHED_NAME = 'RuoyiScheduler'[]
03:54:31.463 [QuartzScheduler_RuoyiScheduler-LAPTOP-054BLB7L1675323381260_ClusterManager] ERROR c.a.d.f.s.StatFilter - [internalAfterStatementExecute,478] - slow sql 1279 millis. UPDATE QRTZ_SCHEDULER_STATE SET LAST_CHECKIN_TIME = ? WHERE SCHED_NAME = 'RuoyiScheduler' AND INSTANCE_NAME = ?[1675367670183,"LAPTOP-054BLB7L1675323381260"]
03:59:32.167 [QuartzScheduler_RuoyiScheduler-LAPTOP-054BLB7L1675323381260_MisfireHandler] ERROR c.a.d.f.s.StatFilter - [internalAfterStatementExecute,478] - slow sql 1089 millis. SELECT COUNT(TRIGGER_NAME) FROM QRTZ_TRIGGERS WHERE SCHED_NAME = 'RuoyiScheduler' AND NOT (MISFIRE_INSTR = -1) AND NEXT_FIRE_TIME < ? AND TRIGGER_STATE = ?[1675367959088,"WAITING"]
04:29:30.548 [QuartzScheduler_RuoyiScheduler-LAPTOP-054BLB7L1675323381260_ClusterManager] ERROR c.a.d.f.s.StatFilter - [internalAfterStatementExecute,478] - slow sql 1266 millis. SELECT * FROM QRTZ_SCHEDULER_STATE WHERE SCHED_NAME = 'RuoyiScheduler'[]
04:34:33.197 [QuartzScheduler_RuoyiScheduler-LAPTOP-054BLB7L1675323381260_MisfireHandler] ERROR c.a.d.f.s.StatFilter - [internalAfterStatementExecute,478] - slow sql 1267 millis. SELECT COUNT(TRIGGER_NAME) FROM QRTZ_TRIGGERS WHERE SCHED_NAME = 'RuoyiScheduler' AND NOT (MISFIRE_INSTR = -1) AND NEXT_FIRE_TIME < ? AND TRIGGER_STATE = ?[1675370059943,"WAITING"]
04:34:35.798 [QuartzScheduler_RuoyiScheduler-LAPTOP-054BLB7L1675323381260_ClusterManager] ERROR c.a.d.f.s.StatFilter - [internalAfterStatementExecute,478] - slow sql 1286 millis. SELECT * FROM QRTZ_SCHEDULER_STATE WHERE SCHED_NAME = 'RuoyiScheduler'[]
04:34:40.967 [RuoyiScheduler_QuartzSchedulerThread] ERROR c.a.d.f.s.StatFilter - [internalAfterStatementExecute,478] - slow sql 1090 millis. SELECT TRIGGER_NAME, TRIGGER_GROUP, NEXT_FIRE_TIME, PRIORITY FROM QRTZ_TRIGGERS WHERE SCHED_NAME = 'RuoyiScheduler' AND TRIGGER_STATE = ? AND NEXT_FIRE_TIME <= ? AND (MISFIRE_INSTR = -1 OR (MISFIRE_INSTR != -1 AND NEXT_FIRE_TIME >= ?)) ORDER BY NEXT_FIRE_TIME ASC, PRIORITY DESC["WAITING",1675370109535,1675370067876]
04:34:44.246 [QuartzScheduler_RuoyiScheduler-LAPTOP-054BLB7L1675323381260_MisfireHandler] ERROR c.a.d.f.s.StatFilter - [internalAfterStatementExecute,478] - slow sql 1090 millis. SELECT COUNT(TRIGGER_NAME) FROM QRTZ_TRIGGERS WHERE SCHED_NAME = 'RuoyiScheduler' AND NOT (MISFIRE_INSTR = -1) AND NEXT_FIRE_TIME < ? AND TRIGGER_STATE = ?[1675370071156,"WAITING"]
05:04:42.485 [RuoyiScheduler_QuartzSchedulerThread] ERROR c.a.d.f.s.StatFilter - [internalAfterStatementExecute,478] - slow sql 1160 millis. SELECT TRIGGER_NAME, TRIGGER_GROUP, NEXT_FIRE_TIME, PRIORITY FROM QRTZ_TRIGGERS WHERE SCHED_NAME = 'RuoyiScheduler' AND TRIGGER_STATE = ? AND NEXT_FIRE_TIME <= ? AND (MISFIRE_INSTR = -1 OR (MISFIRE_INSTR != -1 AND NEXT_FIRE_TIME >= ?)) ORDER BY NEXT_FIRE_TIME ASC, PRIORITY DESC["WAITING",1675371910741,1675371869324]
05:04:44.964 [QuartzScheduler_RuoyiScheduler-LAPTOP-054BLB7L1675323381260_MisfireHandler] ERROR c.a.d.f.s.StatFilter - [internalAfterStatementExecute,478] - slow sql 1185 millis. SELECT COUNT(TRIGGER_NAME) FROM QRTZ_TRIGGERS WHERE SCHED_NAME = 'RuoyiScheduler' AND NOT (MISFIRE_INSTR = -1) AND NEXT_FIRE_TIME < ? AND TRIGGER_STATE = ?[1675371871778,"WAITING"]
05:04:48.493 [QuartzScheduler_RuoyiScheduler-LAPTOP-054BLB7L1675323381260_ClusterManager] ERROR c.a.d.f.s.StatFilter - [internalAfterStatementExecute,478] - slow sql 1053 millis. UPDATE QRTZ_SCHEDULER_STATE SET LAST_CHECKIN_TIME = ? WHERE SCHED_NAME = 'RuoyiScheduler' AND INSTANCE_NAME = ?[1675371887447,"LAPTOP-054BLB7L1675323381260"]
05:09:49.663 [RuoyiScheduler_QuartzSchedulerThread] ERROR c.a.d.f.s.StatFilter - [internalAfterStatementExecute,478] - slow sql 1304 millis. SELECT TRIGGER_NAME, TRIGGER_GROUP, NEXT_FIRE_TIME, PRIORITY FROM QRTZ_TRIGGERS WHERE SCHED_NAME = 'RuoyiScheduler' AND TRIGGER_STATE = ? AND NEXT_FIRE_TIME <= ? AND (MISFIRE_INSTR = -1 OR (MISFIRE_INSTR != -1 AND NEXT_FIRE_TIME >= ?)) ORDER BY NEXT_FIRE_TIME ASC, PRIORITY DESC["WAITING",1675372217209,1675372176359]
05:09:50.766 [QuartzScheduler_RuoyiScheduler-LAPTOP-054BLB7L1675323381260_ClusterManager] ERROR c.a.d.f.s.StatFilter - [internalAfterStatementExecute,478] - slow sql 1064 millis. UPDATE QRTZ_SCHEDULER_STATE SET LAST_CHECKIN_TIME = ? WHERE SCHED_NAME = 'RuoyiScheduler' AND INSTANCE_NAME = ?[1675372189702,"LAPTOP-054BLB7L1675323381260"]
05:39:47.347 [RuoyiScheduler_QuartzSchedulerThread] ERROR c.a.d.f.s.StatFilter - [internalAfterStatementExecute,478] - slow sql 1294 millis. SELECT TRIGGER_NAME, TRIGGER_GROUP, NEXT_FIRE_TIME, PRIORITY FROM QRTZ_TRIGGERS WHERE SCHED_NAME = 'RuoyiScheduler' AND TRIGGER_STATE = ? AND NEXT_FIRE_TIME <= ? AND (MISFIRE_INSTR = -1 OR (MISFIRE_INSTR != -1 AND NEXT_FIRE_TIME >= ?)) ORDER BY NEXT_FIRE_TIME ASC, PRIORITY DESC["WAITING",1675374016012,1675373974051]
05:39:57.343 [QuartzScheduler_RuoyiScheduler-LAPTOP-054BLB7L1675323381260_MisfireHandler] ERROR c.a.d.f.s.StatFilter - [internalAfterStatementExecute,478] - slow sql 1088 millis. SELECT COUNT(TRIGGER_NAME) FROM QRTZ_TRIGGERS WHERE SCHED_NAME = 'RuoyiScheduler' AND NOT (MISFIRE_INSTR = -1) AND NEXT_FIRE_TIME < ? AND TRIGGER_STATE = ?[1675373984254,"WAITING"]
05:40:01.864 [QuartzScheduler_RuoyiScheduler-LAPTOP-054BLB7L1675323381260_ClusterManager] ERROR c.a.d.f.s.StatFilter - [internalAfterStatementExecute,478] - slow sql 1252 millis. SELECT * FROM QRTZ_SCHEDULER_STATE WHERE SCHED_NAME = 'RuoyiScheduler'[]
05:45:04.937 [QuartzScheduler_RuoyiScheduler-LAPTOP-054BLB7L1675323381260_ClusterManager] ERROR c.a.d.f.s.StatFilter - [internalAfterStatementExecute,478] - slow sql 1052 millis. SELECT * FROM QRTZ_SCHEDULER_STATE WHERE SCHED_NAME = 'RuoyiScheduler'[]
06:15:03.127 [QuartzScheduler_RuoyiScheduler-LAPTOP-054BLB7L1675323381260_ClusterManager] ERROR c.a.d.f.s.StatFilter - [internalAfterStatementExecute,478] - slow sql 1116 millis. SELECT * FROM QRTZ_SCHEDULER_STATE WHERE SCHED_NAME = 'RuoyiScheduler'[]
06:15:09.168 [QuartzScheduler_RuoyiScheduler-LAPTOP-054BLB7L1675323381260_MisfireHandler] ERROR c.a.d.f.s.StatFilter - [internalAfterStatementExecute,478] - slow sql 1055 millis. SELECT COUNT(TRIGGER_NAME) FROM QRTZ_TRIGGERS WHERE SCHED_NAME = 'RuoyiScheduler' AND NOT (MISFIRE_INSTR = -1) AND NEXT_FIRE_TIME < ? AND TRIGGER_STATE = ?[1675376096113,"WAITING"]
06:20:07.273 [QuartzScheduler_RuoyiScheduler-LAPTOP-054BLB7L1675323381260_ClusterManager] ERROR c.a.d.f.s.StatFilter - [internalAfterStatementExecute,478] - slow sql 1258 millis. UPDATE QRTZ_SCHEDULER_STATE SET LAST_CHECKIN_TIME = ? WHERE SCHED_NAME = 'RuoyiScheduler' AND INSTANCE_NAME = ?[1675376406015,"LAPTOP-054BLB7L1675323381260"]
06:20:08.468 [RuoyiScheduler_QuartzSchedulerThread] ERROR c.a.d.f.s.StatFilter - [internalAfterStatementExecute,478] - slow sql 1155 millis. SELECT TRIGGER_NAME, TRIGGER_GROUP, NEXT_FIRE_TIME, PRIORITY FROM QRTZ_TRIGGERS WHERE SCHED_NAME = 'RuoyiScheduler' AND TRIGGER_STATE = ? AND NEXT_FIRE_TIME <= ? AND (MISFIRE_INSTR = -1 OR (MISFIRE_INSTR != -1 AND NEXT_FIRE_TIME >= ?)) ORDER BY NEXT_FIRE_TIME ASC, PRIORITY DESC["WAITING",1675376436449,1675376395312]
06:20:09.692 [QuartzScheduler_RuoyiScheduler-LAPTOP-054BLB7L1675323381260_MisfireHandler] ERROR c.a.d.f.s.StatFilter - [internalAfterStatementExecute,478] - slow sql 1187 millis. SELECT COUNT(TRIGGER_NAME) FROM QRTZ_TRIGGERS WHERE SCHED_NAME = 'RuoyiScheduler' AND NOT (MISFIRE_INSTR = -1) AND NEXT_FIRE_TIME < ? AND TRIGGER_STATE = ?[1675376396505,"WAITING"]
06:50:18.783 [QuartzScheduler_RuoyiScheduler-LAPTOP-054BLB7L1675323381260_ClusterManager] ERROR c.a.d.f.s.StatFilter - [internalAfterStatementExecute,478] - slow sql 1057 millis. SELECT * FROM QRTZ_SCHEDULER_STATE WHERE SCHED_NAME = 'RuoyiScheduler'[]
06:50:22.057 [QuartzScheduler_RuoyiScheduler-LAPTOP-054BLB7L1675323381260_MisfireHandler] ERROR c.a.d.f.s.StatFilter - [internalAfterStatementExecute,478] - slow sql 1051 millis. SELECT COUNT(TRIGGER_NAME) FROM QRTZ_TRIGGERS WHERE SCHED_NAME = 'RuoyiScheduler' AND NOT (MISFIRE_INSTR = -1) AND NEXT_FIRE_TIME < ? AND TRIGGER_STATE = ?[1675378209006,"WAITING"]
06:55:22.056 [QuartzScheduler_RuoyiScheduler-LAPTOP-054BLB7L1675323381260_MisfireHandler] ERROR c.a.d.f.s.StatFilter - [internalAfterStatementExecute,478] - slow sql 1092 millis. SELECT COUNT(TRIGGER_NAME) FROM QRTZ_TRIGGERS WHERE SCHED_NAME = 'RuoyiScheduler' AND NOT (MISFIRE_INSTR = -1) AND NEXT_FIRE_TIME < ? AND TRIGGER_STATE = ?[1675378508963,"WAITING"]
06:55:23.119 [QuartzScheduler_RuoyiScheduler-LAPTOP-054BLB7L1675323381260_ClusterManager] ERROR c.a.d.f.s.StatFilter - [internalAfterStatementExecute,478] - slow sql 1048 millis. UPDATE QRTZ_SCHEDULER_STATE SET LAST_CHECKIN_TIME = ? WHERE SCHED_NAME = 'RuoyiScheduler' AND INSTANCE_NAME = ?[1675378522056,"LAPTOP-054BLB7L1675323381260"]
07:25:19.824 [QuartzScheduler_RuoyiScheduler-LAPTOP-054BLB7L1675323381260_ClusterManager] ERROR c.a.d.f.s.StatFilter - [internalAfterStatementExecute,478] - slow sql 1269 millis. SELECT * FROM QRTZ_SCHEDULER_STATE WHERE SCHED_NAME = 'RuoyiScheduler'[]
07:25:22.421 [QuartzScheduler_RuoyiScheduler-LAPTOP-054BLB7L1675323381260_MisfireHandler] ERROR c.a.d.f.s.StatFilter - [internalAfterStatementExecute,478] - slow sql 1279 millis. SELECT COUNT(TRIGGER_NAME) FROM QRTZ_TRIGGERS WHERE SCHED_NAME = 'RuoyiScheduler' AND NOT (MISFIRE_INSTR = -1) AND NEXT_FIRE_TIME < ? AND TRIGGER_STATE = ?[1675380309134,"WAITING"]
07:30:28.820 [RuoyiScheduler_QuartzSchedulerThread] ERROR c.a.d.f.s.StatFilter - [internalAfterStatementExecute,478] - slow sql 1131 millis. SELECT TRIGGER_NAME, TRIGGER_GROUP, NEXT_FIRE_TIME, PRIORITY FROM QRTZ_TRIGGERS WHERE SCHED_NAME = 'RuoyiScheduler' AND TRIGGER_STATE = ? AND NEXT_FIRE_TIME <= ? AND (MISFIRE_INSTR = -1 OR (MISFIRE_INSTR != -1 AND NEXT_FIRE_TIME >= ?)) ORDER BY NEXT_FIRE_TIME ASC, PRIORITY DESC["WAITING",1675380656510,1675380615689]
07:30:33.908 [QuartzScheduler_RuoyiScheduler-LAPTOP-054BLB7L1675323381260_MisfireHandler] ERROR c.a.d.f.s.StatFilter - [internalAfterStatementExecute,478] - slow sql 1055 millis. SELECT COUNT(TRIGGER_NAME) FROM QRTZ_TRIGGERS WHERE SCHED_NAME = 'RuoyiScheduler' AND NOT (MISFIRE_INSTR = -1) AND NEXT_FIRE_TIME < ? AND TRIGGER_STATE = ?[1675380620852,"WAITING"]
07:30:38.691 [QuartzScheduler_RuoyiScheduler-LAPTOP-054BLB7L1675323381260_ClusterManager] ERROR c.a.d.f.s.StatFilter - [internalAfterStatementExecute,478] - slow sql 1169 millis. UPDATE QRTZ_SCHEDULER_STATE SET LAST_CHECKIN_TIME = ? WHERE SCHED_NAME = 'RuoyiScheduler' AND INSTANCE_NAME = ?[1675380637522,"LAPTOP-054BLB7L1675323381260"]
08:00:31.842 [RuoyiScheduler_QuartzSchedulerThread] ERROR c.a.d.f.s.StatFilter - [internalAfterStatementExecute,478] - slow sql 1299 millis. SELECT TRIGGER_NAME, TRIGGER_GROUP, NEXT_FIRE_TIME, PRIORITY FROM QRTZ_TRIGGERS WHERE SCHED_NAME = 'RuoyiScheduler' AND TRIGGER_STATE = ? AND NEXT_FIRE_TIME <= ? AND (MISFIRE_INSTR = -1 OR (MISFIRE_INSTR != -1 AND NEXT_FIRE_TIME >= ?)) ORDER BY NEXT_FIRE_TIME ASC, PRIORITY DESC["WAITING",1675382459666,1675382418543]
08:00:34.293 [QuartzScheduler_RuoyiScheduler-LAPTOP-054BLB7L1675323381260_MisfireHandler] ERROR c.a.d.f.s.StatFilter - [internalAfterStatementExecute,478] - slow sql 1095 millis. SELECT COUNT(TRIGGER_NAME) FROM QRTZ_TRIGGERS WHERE SCHED_NAME = 'RuoyiScheduler' AND NOT (MISFIRE_INSTR = -1) AND NEXT_FIRE_TIME < ? AND TRIGGER_STATE = ?[1675382421200,"WAITING"]
08:00:34.335 [QuartzScheduler_RuoyiScheduler-LAPTOP-054BLB7L1675323381260_ClusterManager] ERROR c.a.d.f.s.StatFilter - [internalAfterStatementExecute,478] - slow sql 1138 millis. SELECT * FROM QRTZ_SCHEDULER_STATE WHERE SCHED_NAME = 'RuoyiScheduler'[]
08:00:35.553 [QuartzScheduler_RuoyiScheduler-LAPTOP-054BLB7L1675323381260_ClusterManager] ERROR c.a.d.f.s.StatFilter - [internalAfterStatementExecute,478] - slow sql 1210 millis. UPDATE QRTZ_SCHEDULER_STATE SET LAST_CHECKIN_TIME = ? WHERE SCHED_NAME = 'RuoyiScheduler' AND INSTANCE_NAME = ?[1675382434335,"LAPTOP-054BLB7L1675323381260"]
08:35:46.877 [QuartzScheduler_RuoyiScheduler-LAPTOP-054BLB7L1675323381260_MisfireHandler] ERROR c.a.d.f.s.StatFilter - [internalAfterStatementExecute,478] - slow sql 1303 millis. SELECT COUNT(TRIGGER_NAME) FROM QRTZ_TRIGGERS WHERE SCHED_NAME = 'RuoyiScheduler' AND NOT (MISFIRE_INSTR = -1) AND NEXT_FIRE_TIME < ? AND TRIGGER_STATE = ?[1675384533572,"WAITING"]
08:35:49.090 [QuartzScheduler_RuoyiScheduler-LAPTOP-054BLB7L1675323381260_ClusterManager] ERROR c.a.d.f.s.StatFilter - [internalAfterStatementExecute,478] - slow sql 1049 millis. UPDATE QRTZ_SCHEDULER_STATE SET LAST_CHECKIN_TIME = ? WHERE SCHED_NAME = 'RuoyiScheduler' AND INSTANCE_NAME = ?[1675384548039,"LAPTOP-054BLB7L1675323381260"]
08:40:51.948 [QuartzScheduler_RuoyiScheduler-LAPTOP-054BLB7L1675323381260_ClusterManager] ERROR c.a.d.f.s.StatFilter - [internalAfterStatementExecute,478] - slow sql 1250 millis. UPDATE QRTZ_SCHEDULER_STATE SET LAST_CHECKIN_TIME = ? WHERE SCHED_NAME = 'RuoyiScheduler' AND INSTANCE_NAME = ?[1675384850697,"LAPTOP-054BLB7L1675323381260"]
09:11:01.987 [QuartzScheduler_RuoyiScheduler-LAPTOP-054BLB7L1675323381260_ClusterManager] ERROR c.a.d.f.s.StatFilter - [internalAfterStatementExecute,478] - slow sql 1017 millis. UPDATE QRTZ_SCHEDULER_STATE SET LAST_CHECKIN_TIME = ? WHERE SCHED_NAME = 'RuoyiScheduler' AND INSTANCE_NAME = ?[1675386660969,"LAPTOP-054BLB7L1675323381260"]
09:15:58.994 [QuartzScheduler_RuoyiScheduler-LAPTOP-054BLB7L1675323381260_MisfireHandler] ERROR c.a.d.f.s.StatFilter - [internalAfterStatementExecute,478] - slow sql 1324 millis. SELECT COUNT(TRIGGER_NAME) FROM QRTZ_TRIGGERS WHERE SCHED_NAME = 'RuoyiScheduler' AND NOT (MISFIRE_INSTR = -1) AND NEXT_FIRE_TIME < ? AND TRIGGER_STATE = ?[1675386945669,"WAITING"]
09:46:10.707 [QuartzScheduler_RuoyiScheduler-LAPTOP-054BLB7L1675323381260_MisfireHandler] ERROR c.a.d.f.s.StatFilter - [internalAfterStatementExecute,478] - slow sql 1092 millis. SELECT COUNT(TRIGGER_NAME) FROM QRTZ_TRIGGERS WHERE SCHED_NAME = 'RuoyiScheduler' AND NOT (MISFIRE_INSTR = -1) AND NEXT_FIRE_TIME < ? AND TRIGGER_STATE = ?[1675388757614,"WAITING"]
09:46:15.390 [QuartzScheduler_RuoyiScheduler-LAPTOP-054BLB7L1675323381260_ClusterManager] ERROR c.a.d.f.s.StatFilter - [internalAfterStatementExecute,478] - slow sql 1151 millis. SELECT * FROM QRTZ_SCHEDULER_STATE WHERE SCHED_NAME = 'RuoyiScheduler'[]
09:51:11.442 [RuoyiScheduler_QuartzSchedulerThread] ERROR c.a.d.f.s.StatFilter - [internalAfterStatementExecute,478] - slow sql 1280 millis. SELECT TRIGGER_NAME, TRIGGER_GROUP, NEXT_FIRE_TIME, PRIORITY FROM QRTZ_TRIGGERS WHERE SCHED_NAME = 'RuoyiScheduler' AND TRIGGER_STATE = ? AND NEXT_FIRE_TIME <= ? AND (MISFIRE_INSTR = -1 OR (MISFIRE_INSTR != -1 AND NEXT_FIRE_TIME >= ?)) ORDER BY NEXT_FIRE_TIME ASC, PRIORITY DESC["WAITING",1675389099575,1675389058162]
09:51:18.479 [QuartzScheduler_RuoyiScheduler-LAPTOP-054BLB7L1675323381260_ClusterManager] ERROR c.a.d.f.s.StatFilter - [internalAfterStatementExecute,478] - slow sql 1347 millis. SELECT * FROM QRTZ_SCHEDULER_STATE WHERE SCHED_NAME = 'RuoyiScheduler'[]
09:51:19.644 [QuartzScheduler_RuoyiScheduler-LAPTOP-054BLB7L1675323381260_ClusterManager] ERROR c.a.d.f.s.StatFilter - [internalAfterStatementExecute,478] - slow sql 1164 millis. UPDATE QRTZ_SCHEDULER_STATE SET LAST_CHECKIN_TIME = ? WHERE SCHED_NAME = 'RuoyiScheduler' AND INSTANCE_NAME = ?[1675389078479,"LAPTOP-054BLB7L1675323381260"]
10:21:10.514 [QuartzScheduler_RuoyiScheduler-LAPTOP-054BLB7L1675323381260_MisfireHandler] ERROR c.a.d.f.s.StatFilter - [internalAfterStatementExecute,478] - slow sql 1254 millis. SELECT COUNT(TRIGGER_NAME) FROM QRTZ_TRIGGERS WHERE SCHED_NAME = 'RuoyiScheduler' AND NOT (MISFIRE_INSTR = -1) AND NEXT_FIRE_TIME < ? AND TRIGGER_STATE = ?[1675390857259,"WAITING"]
10:21:15.560 [QuartzScheduler_RuoyiScheduler-LAPTOP-054BLB7L1675323381260_ClusterManager] ERROR c.a.d.f.s.StatFilter - [internalAfterStatementExecute,478] - slow sql 1216 millis. SELECT * FROM QRTZ_SCHEDULER_STATE WHERE SCHED_NAME = 'RuoyiScheduler'[]
10:26:19.555 [QuartzScheduler_RuoyiScheduler-LAPTOP-054BLB7L1675323381260_ClusterManager] ERROR c.a.d.f.s.StatFilter - [internalAfterStatementExecute,478] - slow sql 1125 millis. SELECT * FROM QRTZ_SCHEDULER_STATE WHERE SCHED_NAME = 'RuoyiScheduler'[]
10:56:27.928 [RuoyiScheduler_QuartzSchedulerThread] ERROR c.a.d.f.s.StatFilter - [internalAfterStatementExecute,478] - slow sql 1276 millis. SELECT TRIGGER_NAME, TRIGGER_GROUP, NEXT_FIRE_TIME, PRIORITY FROM QRTZ_TRIGGERS WHERE SCHED_NAME = 'RuoyiScheduler' AND TRIGGER_STATE = ? AND NEXT_FIRE_TIME <= ? AND (MISFIRE_INSTR = -1 OR (MISFIRE_INSTR != -1 AND NEXT_FIRE_TIME >= ?)) ORDER BY NEXT_FIRE_TIME ASC, PRIORITY DESC["WAITING",1675393016458,1675392974651]
10:56:31.205 [QuartzScheduler_RuoyiScheduler-LAPTOP-054BLB7L1675323381260_ClusterManager] ERROR c.a.d.f.s.StatFilter - [internalAfterStatementExecute,478] - slow sql 1058 millis. SELECT * FROM QRTZ_SCHEDULER_STATE WHERE SCHED_NAME = 'RuoyiScheduler'[]
11:01:34.408 [QuartzScheduler_RuoyiScheduler-LAPTOP-054BLB7L1675323381260_ClusterManager] ERROR c.a.d.f.s.StatFilter - [internalAfterStatementExecute,478] - slow sql 1051 millis. UPDATE QRTZ_SCHEDULER_STATE SET LAST_CHECKIN_TIME = ? WHERE SCHED_NAME = 'RuoyiScheduler' AND INSTANCE_NAME = ?[1675393293356,"LAPTOP-054BLB7L1675323381260"]
11:01:37.887 [QuartzScheduler_RuoyiScheduler-LAPTOP-054BLB7L1675323381260_MisfireHandler] ERROR c.a.d.f.s.StatFilter - [internalAfterStatementExecute,478] - slow sql 1305 millis. SELECT COUNT(TRIGGER_NAME) FROM QRTZ_TRIGGERS WHERE SCHED_NAME = 'RuoyiScheduler' AND NOT (MISFIRE_INSTR = -1) AND NEXT_FIRE_TIME < ? AND TRIGGER_STATE = ?[1675393284580,"WAITING"]
11:31:30.003 [QuartzScheduler_RuoyiScheduler-LAPTOP-054BLB7L1675323381260_ClusterManager] ERROR c.a.d.f.s.StatFilter - [internalAfterStatementExecute,478] - slow sql 1265 millis. SELECT * FROM QRTZ_SCHEDULER_STATE WHERE SCHED_NAME = 'RuoyiScheduler'[]
11:31:40.880 [RuoyiScheduler_QuartzSchedulerThread] ERROR c.a.d.f.s.StatFilter - [internalAfterStatementExecute,478] - slow sql 1055 millis. SELECT TRIGGER_NAME, TRIGGER_GROUP, NEXT_FIRE_TIME, PRIORITY FROM QRTZ_TRIGGERS WHERE SCHED_NAME = 'RuoyiScheduler' AND TRIGGER_STATE = ? AND NEXT_FIRE_TIME <= ? AND (MISFIRE_INSTR = -1 OR (MISFIRE_INSTR != -1 AND NEXT_FIRE_TIME >= ?)) ORDER BY NEXT_FIRE_TIME ASC, PRIORITY DESC["WAITING",1675395128901,1675395087824]
11:36:35.297 [QuartzScheduler_RuoyiScheduler-LAPTOP-054BLB7L1675323381260_MisfireHandler] ERROR c.a.d.f.s.StatFilter - [internalAfterStatementExecute,478] - slow sql 1266 millis. SELECT COUNT(TRIGGER_NAME) FROM QRTZ_TRIGGERS WHERE SCHED_NAME = 'RuoyiScheduler' AND NOT (MISFIRE_INSTR = -1) AND NEXT_FIRE_TIME < ? AND TRIGGER_STATE = ?[1675395382031,"WAITING"]
11:36:45.284 [RuoyiScheduler_QuartzSchedulerThread] ERROR c.a.d.f.s.StatFilter - [internalAfterStatementExecute,478] - slow sql 1061 millis. SELECT TRIGGER_NAME, TRIGGER_GROUP, NEXT_FIRE_TIME, PRIORITY FROM QRTZ_TRIGGERS WHERE SCHED_NAME = 'RuoyiScheduler' AND TRIGGER_STATE = ? AND NEXT_FIRE_TIME <= ? AND (MISFIRE_INSTR = -1 OR (MISFIRE_INSTR != -1 AND NEXT_FIRE_TIME >= ?)) ORDER BY NEXT_FIRE_TIME ASC, PRIORITY DESC["WAITING",1675395434184,1675395392222]
11:36:48.916 [QuartzScheduler_RuoyiScheduler-LAPTOP-054BLB7L1675323381260_ClusterManager] ERROR c.a.d.f.s.StatFilter - [internalAfterStatementExecute,478] - slow sql 1196 millis. SELECT * FROM QRTZ_SCHEDULER_STATE WHERE SCHED_NAME = 'RuoyiScheduler'[]
12:06:45.784 [QuartzScheduler_RuoyiScheduler-LAPTOP-054BLB7L1675323381260_ClusterManager] ERROR c.a.d.f.s.StatFilter - [internalAfterStatementExecute,478] - slow sql 1192 millis. UPDATE QRTZ_SCHEDULER_STATE SET LAST_CHECKIN_TIME = ? WHERE SCHED_NAME = 'RuoyiScheduler' AND INSTANCE_NAME = ?[1675397204591,"LAPTOP-054BLB7L1675323381260"]
12:11:47.327 [QuartzScheduler_RuoyiScheduler-LAPTOP-054BLB7L1675323381260_MisfireHandler] ERROR c.a.d.f.s.StatFilter - [internalAfterStatementExecute,478] - slow sql 1266 millis. SELECT COUNT(TRIGGER_NAME) FROM QRTZ_TRIGGERS WHERE SCHED_NAME = 'RuoyiScheduler' AND NOT (MISFIRE_INSTR = -1) AND NEXT_FIRE_TIME < ? AND TRIGGER_STATE = ?[1675397494061,"WAITING"]
12:11:49.809 [QuartzScheduler_RuoyiScheduler-LAPTOP-054BLB7L1675323381260_ClusterManager] ERROR c.a.d.f.s.StatFilter - [internalAfterStatementExecute,478] - slow sql 1118 millis. UPDATE QRTZ_SCHEDULER_STATE SET LAST_CHECKIN_TIME = ? WHERE SCHED_NAME = 'RuoyiScheduler' AND INSTANCE_NAME = ?[1675397508690,"LAPTOP-054BLB7L1675323381260"]
12:11:52.155 [Druid-ConnectionPool-Create-1671065038] ERROR c.a.d.p.DruidDataSource - [put,2486] - create connection holder error
com.mysql.cj.jdbc.exceptions.CommunicationsException: Communications link failure

The last packet successfully received from the server was 1,001 milliseconds ago. The last packet sent successfully to the server was 1,001 milliseconds ago.
	at com.mysql.cj.jdbc.exceptions.SQLError.createCommunicationsException(SQLError.java:174)
	at com.mysql.cj.jdbc.exceptions.SQLExceptionsMapping.translateException(SQLExceptionsMapping.java:64)
	at com.mysql.cj.jdbc.ConnectionImpl.isReadOnly(ConnectionImpl.java:1414)
	at com.mysql.cj.jdbc.ConnectionImpl.isReadOnly(ConnectionImpl.java:1399)
	at com.alibaba.druid.filter.FilterChainImpl.connection_isReadOnly(FilterChainImpl.java:463)
	at com.alibaba.druid.filter.FilterAdapter.connection_isReadOnly(FilterAdapter.java:894)
	at com.alibaba.druid.filter.FilterChainImpl.connection_isReadOnly(FilterChainImpl.java:459)
	at com.alibaba.druid.proxy.jdbc.ConnectionProxyImpl.isReadOnly(ConnectionProxyImpl.java:291)
	at com.alibaba.druid.pool.DruidConnectionHolder.<init>(DruidConnectionHolder.java:140)
	at com.alibaba.druid.pool.DruidConnectionHolder.<init>(DruidConnectionHolder.java:79)
	at com.alibaba.druid.pool.DruidDataSource.put(DruidDataSource.java:2476)
	at com.alibaba.druid.pool.DruidDataSource$CreateConnectionThread.run(DruidDataSource.java:2821)
Caused by: com.mysql.cj.exceptions.CJCommunicationsException: Communications link failure

The last packet successfully received from the server was 1,001 milliseconds ago. The last packet sent successfully to the server was 1,001 milliseconds ago.
	at sun.reflect.NativeConstructorAccessorImpl.newInstance0(Native Method)
	at sun.reflect.NativeConstructorAccessorImpl.newInstance(NativeConstructorAccessorImpl.java:62)
	at sun.reflect.DelegatingConstructorAccessorImpl.newInstance(DelegatingConstructorAccessorImpl.java:45)
	at java.lang.reflect.Constructor.newInstance(Constructor.java:423)
	at com.mysql.cj.exceptions.ExceptionFactory.createException(ExceptionFactory.java:61)
	at com.mysql.cj.exceptions.ExceptionFactory.createException(ExceptionFactory.java:105)
	at com.mysql.cj.exceptions.ExceptionFactory.createException(ExceptionFactory.java:151)
	at com.mysql.cj.exceptions.ExceptionFactory.createCommunicationsException(ExceptionFactory.java:167)
	at com.mysql.cj.protocol.a.NativeProtocol.clearInputStream(NativeProtocol.java:807)
	at com.mysql.cj.protocol.a.NativeProtocol.sendCommand(NativeProtocol.java:622)
	at com.mysql.cj.protocol.a.NativeProtocol.sendCommand(NativeProtocol.java:128)
	at com.mysql.cj.NativeSession.sendCommand(NativeSession.java:311)
	at com.mysql.cj.NativeSession.queryServerVariable(NativeSession.java:1008)
	at com.mysql.cj.jdbc.ConnectionImpl.isReadOnly(ConnectionImpl.java:1406)
	... 9 common frames omitted
Caused by: java.io.IOException: Socket is closed
	at com.mysql.cj.protocol.AbstractSocketConnection.getMysqlInput(AbstractSocketConnection.java:72)
	at com.mysql.cj.protocol.a.NativeProtocol.clearInputStream(NativeProtocol.java:803)
	... 14 common frames omitted
12:42:01.304 [QuartzScheduler_RuoyiScheduler-LAPTOP-054BLB7L1675323381260_ClusterManager] ERROR c.a.d.f.s.StatFilter - [internalAfterStatementExecute,478] - slow sql 1049 millis. UPDATE QRTZ_SCHEDULER_STATE SET LAST_CHECKIN_TIME = ? WHERE SCHED_NAME = 'RuoyiScheduler' AND INSTANCE_NAME = ?[1675399320255,"LAPTOP-054BLB7L1675323381260"]
12:46:59.456 [QuartzScheduler_RuoyiScheduler-LAPTOP-054BLB7L1675323381260_MisfireHandler] ERROR c.a.d.f.s.StatFilter - [internalAfterStatementExecute,478] - slow sql 1323 millis. SELECT COUNT(TRIGGER_NAME) FROM QRTZ_TRIGGERS WHERE SCHED_NAME = 'RuoyiScheduler' AND NOT (MISFIRE_INSTR = -1) AND NEXT_FIRE_TIME < ? AND TRIGGER_STATE = ?[1675399606132,"WAITING"]
12:47:04.369 [QuartzScheduler_RuoyiScheduler-LAPTOP-054BLB7L1675323381260_ClusterManager] ERROR c.a.d.f.s.StatFilter - [internalAfterStatementExecute,478] - slow sql 1238 millis. UPDATE QRTZ_SCHEDULER_STATE SET LAST_CHECKIN_TIME = ? WHERE SCHED_NAME = 'RuoyiScheduler' AND INSTANCE_NAME = ?[1675399623130,"LAPTOP-054BLB7L1675323381260"]
12:47:11.292 [QuartzScheduler_RuoyiScheduler-LAPTOP-054BLB7L1675323381260_MisfireHandler] ERROR c.a.d.f.s.StatFilter - [internalAfterStatementExecute,478] - slow sql 1167 millis. SELECT COUNT(TRIGGER_NAME) FROM QRTZ_TRIGGERS WHERE SCHED_NAME = 'RuoyiScheduler' AND NOT (MISFIRE_INSTR = -1) AND NEXT_FIRE_TIME < ? AND TRIGGER_STATE = ?[1675399618125,"WAITING"]
13:17:14.105 [QuartzScheduler_RuoyiScheduler-LAPTOP-054BLB7L1675323381260_ClusterManager] ERROR c.a.d.f.s.StatFilter - [internalAfterStatementExecute,478] - slow sql 1136 millis. UPDATE QRTZ_SCHEDULER_STATE SET LAST_CHECKIN_TIME = ? WHERE SCHED_NAME = 'RuoyiScheduler' AND INSTANCE_NAME = ?[1675401432968,"LAPTOP-054BLB7L1675323381260"]
13:22:09.833 [QuartzScheduler_RuoyiScheduler-LAPTOP-054BLB7L1675323381260_MisfireHandler] ERROR c.a.d.f.s.StatFilter - [internalAfterStatementExecute,478] - slow sql 1150 millis. SELECT COUNT(TRIGGER_NAME) FROM QRTZ_TRIGGERS WHERE SCHED_NAME = 'RuoyiScheduler' AND NOT (MISFIRE_INSTR = -1) AND NEXT_FIRE_TIME < ? AND TRIGGER_STATE = ?[1675401716683,"WAITING"]
13:22:13.578 [RuoyiScheduler_QuartzSchedulerThread] ERROR c.a.d.f.s.StatFilter - [internalAfterStatementExecute,478] - slow sql 1075 millis. SELECT TRIGGER_NAME, TRIGGER_GROUP, NEXT_FIRE_TIME, PRIORITY FROM QRTZ_TRIGGERS WHERE SCHED_NAME = 'RuoyiScheduler' AND TRIGGER_STATE = ? AND NEXT_FIRE_TIME <= ? AND (MISFIRE_INSTR = -1 OR (MISFIRE_INSTR != -1 AND NEXT_FIRE_TIME >= ?)) ORDER BY NEXT_FIRE_TIME ASC, PRIORITY DESC["WAITING",1675401762464,1675401720502]
13:22:15.752 [QuartzScheduler_RuoyiScheduler-LAPTOP-054BLB7L1675323381260_ClusterManager] ERROR c.a.d.f.s.StatFilter - [internalAfterStatementExecute,478] - slow sql 1079 millis. SELECT * FROM QRTZ_SCHEDULER_STATE WHERE SCHED_NAME = 'RuoyiScheduler'[]
13:57:15.681 [QuartzScheduler_RuoyiScheduler-LAPTOP-054BLB7L1675323381260_ClusterManager] ERROR c.a.d.f.s.StatFilter - [internalAfterStatementExecute,478] - slow sql 1260 millis. UPDATE QRTZ_SCHEDULER_STATE SET LAST_CHECKIN_TIME = ? WHERE SCHED_NAME = 'RuoyiScheduler' AND INSTANCE_NAME = ?[1675403834420,"LAPTOP-054BLB7L1675323381260"]
13:57:22.138 [QuartzScheduler_RuoyiScheduler-LAPTOP-054BLB7L1675323381260_MisfireHandler] ERROR c.a.d.f.s.StatFilter - [internalAfterStatementExecute,478] - slow sql 1080 millis. SELECT COUNT(TRIGGER_NAME) FROM QRTZ_TRIGGERS WHERE SCHED_NAME = 'RuoyiScheduler' AND NOT (MISFIRE_INSTR = -1) AND NEXT_FIRE_TIME < ? AND TRIGGER_STATE = ?[1675403829058,"WAITING"]
14:27:22.441 [QuartzScheduler_RuoyiScheduler-LAPTOP-054BLB7L1675323381260_MisfireHandler] ERROR c.a.d.f.s.StatFilter - [internalAfterStatementExecute,478] - slow sql 1263 millis. SELECT COUNT(TRIGGER_NAME) FROM QRTZ_TRIGGERS WHERE SCHED_NAME = 'RuoyiScheduler' AND NOT (MISFIRE_INSTR = -1) AND NEXT_FIRE_TIME < ? AND TRIGGER_STATE = ?[1675405629178,"WAITING"]
14:27:27.442 [QuartzScheduler_RuoyiScheduler-LAPTOP-054BLB7L1675323381260_ClusterManager] ERROR c.a.d.f.s.StatFilter - [internalAfterStatementExecute,478] - slow sql 1280 millis. SELECT * FROM QRTZ_SCHEDULER_STATE WHERE SCHED_NAME = 'RuoyiScheduler'[]
14:27:30.746 [RuoyiScheduler_QuartzSchedulerThread] ERROR c.a.d.f.s.StatFilter - [internalAfterStatementExecute,478] - slow sql 1088 millis. SELECT TRIGGER_NAME, TRIGGER_GROUP, NEXT_FIRE_TIME, PRIORITY FROM QRTZ_TRIGGERS WHERE SCHED_NAME = 'RuoyiScheduler' AND TRIGGER_STATE = ? AND NEXT_FIRE_TIME <= ? AND (MISFIRE_INSTR = -1 OR (MISFIRE_INSTR != -1 AND NEXT_FIRE_TIME >= ?)) ORDER BY NEXT_FIRE_TIME ASC, PRIORITY DESC["WAITING",1675405679322,1675405637658]
14:27:34.402 [QuartzScheduler_RuoyiScheduler-LAPTOP-054BLB7L1675323381260_MisfireHandler] ERROR c.a.d.f.s.StatFilter - [internalAfterStatementExecute,478] - slow sql 1212 millis. SELECT COUNT(TRIGGER_NAME) FROM QRTZ_TRIGGERS WHERE SCHED_NAME = 'RuoyiScheduler' AND NOT (MISFIRE_INSTR = -1) AND NEXT_FIRE_TIME < ? AND TRIGGER_STATE = ?[1675405641189,"WAITING"]
14:32:26.367 [RuoyiScheduler_QuartzSchedulerThread] ERROR c.a.d.f.s.StatFilter - [internalAfterStatementExecute,478] - slow sql 1239 millis. SELECT TRIGGER_NAME, TRIGGER_GROUP, NEXT_FIRE_TIME, PRIORITY FROM QRTZ_TRIGGERS WHERE SCHED_NAME = 'RuoyiScheduler' AND TRIGGER_STATE = ? AND NEXT_FIRE_TIME <= ? AND (MISFIRE_INSTR = -1 OR (MISFIRE_INSTR != -1 AND NEXT_FIRE_TIME >= ?)) ORDER BY NEXT_FIRE_TIME ASC, PRIORITY DESC["WAITING",1675405974997,1675405933128]
14:32:30.366 [QuartzScheduler_RuoyiScheduler-LAPTOP-054BLB7L1675323381260_ClusterManager] ERROR c.a.d.f.s.StatFilter - [internalAfterStatementExecute,478] - slow sql 1318 millis. SELECT * FROM QRTZ_SCHEDULER_STATE WHERE SCHED_NAME = 'RuoyiScheduler'[]
14:32:31.635 [QuartzScheduler_RuoyiScheduler-LAPTOP-054BLB7L1675323381260_ClusterManager] ERROR c.a.d.f.s.StatFilter - [internalAfterStatementExecute,478] - slow sql 1267 millis. UPDATE QRTZ_SCHEDULER_STATE SET LAST_CHECKIN_TIME = ? WHERE SCHED_NAME = 'RuoyiScheduler' AND INSTANCE_NAME = ?[1675405950366,"LAPTOP-054BLB7L1675323381260"]
15:02:34.731 [QuartzScheduler_RuoyiScheduler-LAPTOP-054BLB7L1675323381260_MisfireHandler] ERROR c.a.d.f.s.StatFilter - [internalAfterStatementExecute,478] - slow sql 1188 millis. SELECT COUNT(TRIGGER_NAME) FROM QRTZ_TRIGGERS WHERE SCHED_NAME = 'RuoyiScheduler' AND NOT (MISFIRE_INSTR = -1) AND NEXT_FIRE_TIME < ? AND TRIGGER_STATE = ?[1675407741542,"WAITING"]
15:02:42.943 [QuartzScheduler_RuoyiScheduler-LAPTOP-054BLB7L1675323381260_ClusterManager] ERROR c.a.d.f.s.StatFilter - [internalAfterStatementExecute,478] - slow sql 1134 millis. UPDATE QRTZ_SCHEDULER_STATE SET LAST_CHECKIN_TIME = ? WHERE SCHED_NAME = 'RuoyiScheduler' AND INSTANCE_NAME = ?[1675407761809,"LAPTOP-054BLB7L1675323381260"]
15:07:34.918 [QuartzScheduler_RuoyiScheduler-LAPTOP-054BLB7L1675323381260_MisfireHandler] ERROR c.a.d.f.s.StatFilter - [internalAfterStatementExecute,478] - slow sql 1267 millis. SELECT COUNT(TRIGGER_NAME) FROM QRTZ_TRIGGERS WHERE SCHED_NAME = 'RuoyiScheduler' AND NOT (MISFIRE_INSTR = -1) AND NEXT_FIRE_TIME < ? AND TRIGGER_STATE = ?[1675408041646,"WAITING"]
15:07:43.973 [RuoyiScheduler_QuartzSchedulerThread] ERROR c.a.d.f.s.StatFilter - [internalAfterStatementExecute,478] - slow sql 1056 millis. SELECT TRIGGER_NAME, TRIGGER_GROUP, NEXT_FIRE_TIME, PRIORITY FROM QRTZ_TRIGGERS WHERE SCHED_NAME = 'RuoyiScheduler' AND TRIGGER_STATE = ? AND NEXT_FIRE_TIME <= ? AND (MISFIRE_INSTR = -1 OR (MISFIRE_INSTR != -1 AND NEXT_FIRE_TIME >= ?)) ORDER BY NEXT_FIRE_TIME ASC, PRIORITY DESC["WAITING",1675408092478,1675408050917]
15:07:46.426 [QuartzScheduler_RuoyiScheduler-LAPTOP-054BLB7L1675323381260_ClusterManager] ERROR c.a.d.f.s.StatFilter - [internalAfterStatementExecute,478] - slow sql 1208 millis. SELECT * FROM QRTZ_SCHEDULER_STATE WHERE SCHED_NAME = 'RuoyiScheduler'[]
15:07:46.475 [QuartzScheduler_RuoyiScheduler-LAPTOP-054BLB7L1675323381260_MisfireHandler] ERROR c.a.d.f.s.StatFilter - [internalAfterStatementExecute,478] - slow sql 1208 millis. SELECT COUNT(TRIGGER_NAME) FROM QRTZ_TRIGGERS WHERE SCHED_NAME = 'RuoyiScheduler' AND NOT (MISFIRE_INSTR = -1) AND NEXT_FIRE_TIME < ? AND TRIGGER_STATE = ?[1675408053267,"WAITING"]
15:37:43.617 [QuartzScheduler_RuoyiScheduler-LAPTOP-054BLB7L1675323381260_ClusterManager] ERROR c.a.d.f.s.StatFilter - [internalAfterStatementExecute,478] - slow sql 1249 millis. UPDATE QRTZ_SCHEDULER_STATE SET LAST_CHECKIN_TIME = ? WHERE SCHED_NAME = 'RuoyiScheduler' AND INSTANCE_NAME = ?[1675409862367,"LAPTOP-054BLB7L1675323381260"]
15:37:46.025 [QuartzScheduler_RuoyiScheduler-LAPTOP-054BLB7L1675323381260_MisfireHandler] ERROR c.a.d.f.s.StatFilter - [internalAfterStatementExecute,478] - slow sql 1057 millis. SELECT COUNT(TRIGGER_NAME) FROM QRTZ_TRIGGERS WHERE SCHED_NAME = 'RuoyiScheduler' AND NOT (MISFIRE_INSTR = -1) AND NEXT_FIRE_TIME < ? AND TRIGGER_STATE = ?[1675409852968,"WAITING"]
15:42:44.888 [RuoyiScheduler_QuartzSchedulerThread] ERROR c.a.d.f.s.StatFilter - [internalAfterStatementExecute,478] - slow sql 1296 millis. SELECT TRIGGER_NAME, TRIGGER_GROUP, NEXT_FIRE_TIME, PRIORITY FROM QRTZ_TRIGGERS WHERE SCHED_NAME = 'RuoyiScheduler' AND TRIGGER_STATE = ? AND NEXT_FIRE_TIME <= ? AND (MISFIRE_INSTR = -1 OR (MISFIRE_INSTR != -1 AND NEXT_FIRE_TIME >= ?)) ORDER BY NEXT_FIRE_TIME ASC, PRIORITY DESC["WAITING",1675410192994,1675410151590]
15:42:47.330 [QuartzScheduler_RuoyiScheduler-LAPTOP-054BLB7L1675323381260_ClusterManager] ERROR c.a.d.f.s.StatFilter - [internalAfterStatementExecute,478] - slow sql 1113 millis. UPDATE QRTZ_SCHEDULER_STATE SET LAST_CHECKIN_TIME = ? WHERE SCHED_NAME = 'RuoyiScheduler' AND INSTANCE_NAME = ?[1675410166216,"LAPTOP-054BLB7L1675323381260"]
15:42:48.587 [QuartzScheduler_RuoyiScheduler-LAPTOP-054BLB7L1675323381260_MisfireHandler] ERROR c.a.d.f.s.StatFilter - [internalAfterStatementExecute,478] - slow sql 1257 millis. SELECT COUNT(TRIGGER_NAME) FROM QRTZ_TRIGGERS WHERE SCHED_NAME = 'RuoyiScheduler' AND NOT (MISFIRE_INSTR = -1) AND NEXT_FIRE_TIME < ? AND TRIGGER_STATE = ?[1675410155328,"WAITING"]
16:12:57.784 [QuartzScheduler_RuoyiScheduler-LAPTOP-054BLB7L1675323381260_ClusterManager] ERROR c.a.d.f.s.StatFilter - [internalAfterStatementExecute,478] - slow sql 1044 millis. SELECT * FROM QRTZ_SCHEDULER_STATE WHERE SCHED_NAME = 'RuoyiScheduler'[]
16:13:02.555 [RuoyiScheduler_QuartzSchedulerThread] ERROR c.a.d.f.s.StatFilter - [internalAfterStatementExecute,478] - slow sql 1180 millis. SELECT TRIGGER_NAME, TRIGGER_GROUP, NEXT_FIRE_TIME, PRIORITY FROM QRTZ_TRIGGERS WHERE SCHED_NAME = 'RuoyiScheduler' AND TRIGGER_STATE = ? AND NEXT_FIRE_TIME <= ? AND (MISFIRE_INSTR = -1 OR (MISFIRE_INSTR != -1 AND NEXT_FIRE_TIME >= ?)) ORDER BY NEXT_FIRE_TIME ASC, PRIORITY DESC["WAITING",1675412011208,1675411969374]
16:18:00.687 [QuartzScheduler_RuoyiScheduler-LAPTOP-054BLB7L1675323381260_ClusterManager] ERROR c.a.d.f.s.StatFilter - [internalAfterStatementExecute,478] - slow sql 1263 millis. SELECT * FROM QRTZ_SCHEDULER_STATE WHERE SCHED_NAME = 'RuoyiScheduler'[]
16:18:05.268 [RuoyiScheduler_QuartzSchedulerThread] ERROR c.a.d.f.s.StatFilter - [internalAfterStatementExecute,478] - slow sql 1082 millis. SELECT TRIGGER_NAME, TRIGGER_GROUP, NEXT_FIRE_TIME, PRIORITY FROM QRTZ_TRIGGERS WHERE SCHED_NAME = 'RuoyiScheduler' AND TRIGGER_STATE = ? AND NEXT_FIRE_TIME <= ? AND (MISFIRE_INSTR = -1 OR (MISFIRE_INSTR != -1 AND NEXT_FIRE_TIME >= ?)) ORDER BY NEXT_FIRE_TIME ASC, PRIORITY DESC["WAITING",1675412314148,1675412272186]
17:23:10.193 [QuartzScheduler_RuoyiScheduler-LAPTOP-054BLB7L1675323381260_MisfireHandler] ERROR c.a.d.f.s.StatFilter - [internalAfterStatementExecute,478] - slow sql 1149 millis. SELECT COUNT(TRIGGER_NAME) FROM QRTZ_TRIGGERS WHERE SCHED_NAME = 'RuoyiScheduler' AND NOT (MISFIRE_INSTR = -1) AND NEXT_FIRE_TIME < ? AND TRIGGER_STATE = ?[1675416177043,"WAITING"]
17:23:11.415 [QuartzScheduler_RuoyiScheduler-LAPTOP-054BLB7L1675323381260_ClusterManager] ERROR c.a.d.f.s.StatFilter - [internalAfterStatementExecute,478] - slow sql 1246 millis. SELECT * FROM QRTZ_SCHEDULER_STATE WHERE SCHED_NAME = 'RuoyiScheduler'[]
17:23:12.573 [QuartzScheduler_RuoyiScheduler-LAPTOP-054BLB7L1675323381260_ClusterManager] ERROR c.a.d.f.s.StatFilter - [internalAfterStatementExecute,478] - slow sql 1149 millis. UPDATE QRTZ_SCHEDULER_STATE SET LAST_CHECKIN_TIME = ? WHERE SCHED_NAME = 'RuoyiScheduler' AND INSTANCE_NAME = ?[1675416191415,"LAPTOP-054BLB7L1675323381260"]
17:28:15.389 [QuartzScheduler_RuoyiScheduler-LAPTOP-054BLB7L1675323381260_ClusterManager] ERROR c.a.d.f.s.StatFilter - [internalAfterStatementExecute,478] - slow sql 1259 millis. UPDATE QRTZ_SCHEDULER_STATE SET LAST_CHECKIN_TIME = ? WHERE SCHED_NAME = 'RuoyiScheduler' AND INSTANCE_NAME = ?[1675416494130,"LAPTOP-054BLB7L1675323381260"]
17:28:17.850 [RuoyiScheduler_QuartzSchedulerThread] ERROR c.a.d.f.s.StatFilter - [internalAfterStatementExecute,478] - slow sql 1129 millis. SELECT TRIGGER_NAME, TRIGGER_GROUP, NEXT_FIRE_TIME, PRIORITY FROM QRTZ_TRIGGERS WHERE SCHED_NAME = 'RuoyiScheduler' AND TRIGGER_STATE = ? AND NEXT_FIRE_TIME <= ? AND (MISFIRE_INSTR = -1 OR (MISFIRE_INSTR != -1 AND NEXT_FIRE_TIME >= ?)) ORDER BY NEXT_FIRE_TIME ASC, PRIORITY DESC["WAITING",1675416526018,1675416484720]
17:28:22.771 [QuartzScheduler_RuoyiScheduler-LAPTOP-054BLB7L1675323381260_MisfireHandler] ERROR c.a.d.f.s.StatFilter - [internalAfterStatementExecute,478] - slow sql 1061 millis. SELECT COUNT(TRIGGER_NAME) FROM QRTZ_TRIGGERS WHERE SCHED_NAME = 'RuoyiScheduler' AND NOT (MISFIRE_INSTR = -1) AND NEXT_FIRE_TIME < ? AND TRIGGER_STATE = ?[1675416489709,"WAITING"]
17:58:22.545 [QuartzScheduler_RuoyiScheduler-LAPTOP-054BLB7L1675323381260_MisfireHandler] ERROR c.a.d.f.s.StatFilter - [internalAfterStatementExecute,478] - slow sql 1259 millis. SELECT COUNT(TRIGGER_NAME) FROM QRTZ_TRIGGERS WHERE SCHED_NAME = 'RuoyiScheduler' AND NOT (MISFIRE_INSTR = -1) AND NEXT_FIRE_TIME < ? AND TRIGGER_STATE = ?[1675418289285,"WAITING"]
17:58:26.251 [QuartzScheduler_RuoyiScheduler-LAPTOP-054BLB7L1675323381260_ClusterManager] ERROR c.a.d.f.s.StatFilter - [internalAfterStatementExecute,478] - slow sql 1020 millis. UPDATE QRTZ_SCHEDULER_STATE SET LAST_CHECKIN_TIME = ? WHERE SCHED_NAME = 'RuoyiScheduler' AND INSTANCE_NAME = ?[1675418305232,"LAPTOP-054BLB7L1675323381260"]
18:03:22.496 [QuartzScheduler_RuoyiScheduler-LAPTOP-054BLB7L1675323381260_MisfireHandler] ERROR c.a.d.f.s.StatFilter - [internalAfterStatementExecute,478] - slow sql 1258 millis. SELECT COUNT(TRIGGER_NAME) FROM QRTZ_TRIGGERS WHERE SCHED_NAME = 'RuoyiScheduler' AND NOT (MISFIRE_INSTR = -1) AND NEXT_FIRE_TIME < ? AND TRIGGER_STATE = ?[1675418589238,"WAITING"]
18:03:28.811 [QuartzScheduler_RuoyiScheduler-LAPTOP-054BLB7L1675323381260_ClusterManager] ERROR c.a.d.f.s.StatFilter - [internalAfterStatementExecute,478] - slow sql 1189 millis. UPDATE QRTZ_SCHEDULER_STATE SET LAST_CHECKIN_TIME = ? WHERE SCHED_NAME = 'RuoyiScheduler' AND INSTANCE_NAME = ?[1675418607621,"LAPTOP-054BLB7L1675323381260"]
18:03:34.743 [QuartzScheduler_RuoyiScheduler-LAPTOP-054BLB7L1675323381260_MisfireHandler] ERROR c.a.d.f.s.StatFilter - [internalAfterStatementExecute,478] - slow sql 1089 millis. SELECT COUNT(TRIGGER_NAME) FROM QRTZ_TRIGGERS WHERE SCHED_NAME = 'RuoyiScheduler' AND NOT (MISFIRE_INSTR = -1) AND NEXT_FIRE_TIME < ? AND TRIGGER_STATE = ?[1675418601653,"WAITING"]
18:33:33.234 [RuoyiScheduler_QuartzSchedulerThread] ERROR c.a.d.f.s.StatFilter - [internalAfterStatementExecute,478] - slow sql 1159 millis. SELECT TRIGGER_NAME, TRIGGER_GROUP, NEXT_FIRE_TIME, PRIORITY FROM QRTZ_TRIGGERS WHERE SCHED_NAME = 'RuoyiScheduler' AND TRIGGER_STATE = ? AND NEXT_FIRE_TIME <= ? AND (MISFIRE_INSTR = -1 OR (MISFIRE_INSTR != -1 AND NEXT_FIRE_TIME >= ?)) ORDER BY NEXT_FIRE_TIME ASC, PRIORITY DESC["WAITING",1675420441028,1675420400074]
18:33:34.853 [QuartzScheduler_RuoyiScheduler-LAPTOP-054BLB7L1675323381260_MisfireHandler] ERROR c.a.d.f.s.StatFilter - [internalAfterStatementExecute,478] - slow sql 1259 millis. SELECT COUNT(TRIGGER_NAME) FROM QRTZ_TRIGGERS WHERE SCHED_NAME = 'RuoyiScheduler' AND NOT (MISFIRE_INSTR = -1) AND NEXT_FIRE_TIME < ? AND TRIGGER_STATE = ?[1675420401593,"WAITING"]
18:33:39.577 [QuartzScheduler_RuoyiScheduler-LAPTOP-054BLB7L1675323381260_ClusterManager] ERROR c.a.d.f.s.StatFilter - [internalAfterStatementExecute,478] - slow sql 1321 millis. SELECT * FROM QRTZ_SCHEDULER_STATE WHERE SCHED_NAME = 'RuoyiScheduler'[]
18:38:42.501 [QuartzScheduler_RuoyiScheduler-LAPTOP-054BLB7L1675323381260_ClusterManager] ERROR c.a.d.f.s.StatFilter - [internalAfterStatementExecute,478] - slow sql 1021 millis. UPDATE QRTZ_SCHEDULER_STATE SET LAST_CHECKIN_TIME = ? WHERE SCHED_NAME = 'RuoyiScheduler' AND INSTANCE_NAME = ?[1675420721478,"LAPTOP-054BLB7L1675323381260"]
19:08:39.050 [QuartzScheduler_RuoyiScheduler-LAPTOP-054BLB7L1675323381260_ClusterManager] ERROR c.a.d.f.s.StatFilter - [internalAfterStatementExecute,478] - slow sql 1237 millis. UPDATE QRTZ_SCHEDULER_STATE SET LAST_CHECKIN_TIME = ? WHERE SCHED_NAME = 'RuoyiScheduler' AND INSTANCE_NAME = ?[1675422517813,"LAPTOP-054BLB7L1675323381260"]
19:08:42.845 [RuoyiScheduler_QuartzSchedulerThread] ERROR c.a.d.f.s.StatFilter - [internalAfterStatementExecute,478] - slow sql 1132 millis. SELECT TRIGGER_NAME, TRIGGER_GROUP, NEXT_FIRE_TIME, PRIORITY FROM QRTZ_TRIGGERS WHERE SCHED_NAME = 'RuoyiScheduler' AND TRIGGER_STATE = ? AND NEXT_FIRE_TIME <= ? AND (MISFIRE_INSTR = -1 OR (MISFIRE_INSTR != -1 AND NEXT_FIRE_TIME >= ?)) ORDER BY NEXT_FIRE_TIME ASC, PRIORITY DESC["WAITING",1675422551363,1675422509712]
19:08:47.807 [QuartzScheduler_RuoyiScheduler-LAPTOP-054BLB7L1675323381260_MisfireHandler] ERROR c.a.d.f.s.StatFilter - [internalAfterStatementExecute,478] - slow sql 1088 millis. SELECT COUNT(TRIGGER_NAME) FROM QRTZ_TRIGGERS WHERE SCHED_NAME = 'RuoyiScheduler' AND NOT (MISFIRE_INSTR = -1) AND NEXT_FIRE_TIME < ? AND TRIGGER_STATE = ?[1675422514717,"WAITING"]
19:13:48.189 [RuoyiScheduler_QuartzSchedulerThread] ERROR c.a.d.f.s.StatFilter - [internalAfterStatementExecute,478] - slow sql 1129 millis. SELECT TRIGGER_NAME, TRIGGER_GROUP, NEXT_FIRE_TIME, PRIORITY FROM QRTZ_TRIGGERS WHERE SCHED_NAME = 'RuoyiScheduler' AND TRIGGER_STATE = ? AND NEXT_FIRE_TIME <= ? AND (MISFIRE_INSTR = -1 OR (MISFIRE_INSTR != -1 AND NEXT_FIRE_TIME >= ?)) ORDER BY NEXT_FIRE_TIME ASC, PRIORITY DESC["WAITING",1675422856441,1675422815060]
19:13:56.880 [QuartzScheduler_RuoyiScheduler-LAPTOP-054BLB7L1675323381260_ClusterManager] ERROR c.a.d.f.s.StatFilter - [internalAfterStatementExecute,478] - slow sql 1173 millis. SELECT * FROM QRTZ_SCHEDULER_STATE WHERE SCHED_NAME = 'RuoyiScheduler'[]
19:43:51.099 [RuoyiScheduler_QuartzSchedulerThread] ERROR c.a.d.f.s.StatFilter - [internalAfterStatementExecute,478] - slow sql 1242 millis. SELECT TRIGGER_NAME, TRIGGER_GROUP, NEXT_FIRE_TIME, PRIORITY FROM QRTZ_TRIGGERS WHERE SCHED_NAME = 'RuoyiScheduler' AND TRIGGER_STATE = ? AND NEXT_FIRE_TIME <= ? AND (MISFIRE_INSTR = -1 OR (MISFIRE_INSTR != -1 AND NEXT_FIRE_TIME >= ?)) ORDER BY NEXT_FIRE_TIME ASC, PRIORITY DESC["WAITING",1675424658926,1675424617857]
19:43:53.628 [QuartzScheduler_RuoyiScheduler-LAPTOP-054BLB7L1675323381260_ClusterManager] ERROR c.a.d.f.s.StatFilter - [internalAfterStatementExecute,478] - slow sql 1148 millis. SELECT * FROM QRTZ_SCHEDULER_STATE WHERE SCHED_NAME = 'RuoyiScheduler'[]
19:48:57.740 [QuartzScheduler_RuoyiScheduler-LAPTOP-054BLB7L1675323381260_ClusterManager] ERROR c.a.d.f.s.StatFilter - [internalAfterStatementExecute,478] - slow sql 1324 millis. SELECT * FROM QRTZ_SCHEDULER_STATE WHERE SCHED_NAME = 'RuoyiScheduler'[]
19:48:58.875 [QuartzScheduler_RuoyiScheduler-LAPTOP-054BLB7L1675323381260_MisfireHandler] ERROR c.a.d.f.s.StatFilter - [internalAfterStatementExecute,478] - slow sql 1090 millis. SELECT COUNT(TRIGGER_NAME) FROM QRTZ_TRIGGERS WHERE SCHED_NAME = 'RuoyiScheduler' AND NOT (MISFIRE_INSTR = -1) AND NEXT_FIRE_TIME < ? AND TRIGGER_STATE = ?[1675424925784,"WAITING"]
20:02:51.455 [Druid-ConnectionPool-Create-1671065038] ERROR c.a.d.p.DruidDataSource - [run,2781] - create connection SQLException, url: jdbc:mysql://8.130.41.252:3306/blockchain?useUnicode=true&characterEncoding=utf8&zeroDateTimeBehavior=convertToNull&useSSL=true&serverTimezone=GMT%2B8, errorCode 0, state 08S01
com.mysql.cj.jdbc.exceptions.CommunicationsException: Communications link failure

The last packet sent successfully to the server was 0 milliseconds ago. The driver has not received any packets from the server.
	at com.mysql.cj.jdbc.exceptions.SQLError.createCommunicationsException(SQLError.java:174)
	at com.mysql.cj.jdbc.exceptions.SQLExceptionsMapping.translateException(SQLExceptionsMapping.java:64)
	at com.mysql.cj.jdbc.ConnectionImpl.createNewIO(ConnectionImpl.java:836)
	at com.mysql.cj.jdbc.ConnectionImpl.<init>(ConnectionImpl.java:456)
	at com.mysql.cj.jdbc.ConnectionImpl.getInstance(ConnectionImpl.java:246)
	at com.mysql.cj.jdbc.NonRegisteringDriver.connect(NonRegisteringDriver.java:197)
	at com.alibaba.druid.filter.FilterChainImpl.connection_connect(FilterChainImpl.java:156)
	at com.alibaba.druid.filter.stat.StatFilter.connection_connect(StatFilter.java:218)
	at com.alibaba.druid.filter.FilterChainImpl.connection_connect(FilterChainImpl.java:150)
	at com.alibaba.druid.pool.DruidAbstractDataSource.createPhysicalConnection(DruidAbstractDataSource.java:1646)
	at com.alibaba.druid.pool.DruidAbstractDataSource.createPhysicalConnection(DruidAbstractDataSource.java:1710)
	at com.alibaba.druid.pool.DruidDataSource$CreateConnectionThread.run(DruidDataSource.java:2779)
Caused by: com.mysql.cj.exceptions.CJCommunicationsException: Communications link failure

The last packet sent successfully to the server was 0 milliseconds ago. The driver has not received any packets from the server.
	at sun.reflect.NativeConstructorAccessorImpl.newInstance0(Native Method)
	at sun.reflect.NativeConstructorAccessorImpl.newInstance(NativeConstructorAccessorImpl.java:62)
	at sun.reflect.DelegatingConstructorAccessorImpl.newInstance(DelegatingConstructorAccessorImpl.java:45)
	at java.lang.reflect.Constructor.newInstance(Constructor.java:423)
	at com.mysql.cj.exceptions.ExceptionFactory.createException(ExceptionFactory.java:61)
	at com.mysql.cj.exceptions.ExceptionFactory.createException(ExceptionFactory.java:105)
	at com.mysql.cj.exceptions.ExceptionFactory.createException(ExceptionFactory.java:151)
	at com.mysql.cj.exceptions.ExceptionFactory.createCommunicationsException(ExceptionFactory.java:167)
	at com.mysql.cj.protocol.a.NativeSocketConnection.connect(NativeSocketConnection.java:91)
	at com.mysql.cj.NativeSession.connect(NativeSession.java:144)
	at com.mysql.cj.jdbc.ConnectionImpl.connectOneTryOnly(ConnectionImpl.java:956)
	at com.mysql.cj.jdbc.ConnectionImpl.createNewIO(ConnectionImpl.java:826)
	... 9 common frames omitted
Caused by: java.net.NoRouteToHostException: No route to host: connect
	at java.net.DualStackPlainSocketImpl.connect0(Native Method)
	at java.net.DualStackPlainSocketImpl.socketConnect(DualStackPlainSocketImpl.java:75)
	at java.net.AbstractPlainSocketImpl.doConnect(AbstractPlainSocketImpl.java:476)
	at java.net.AbstractPlainSocketImpl.connectToAddress(AbstractPlainSocketImpl.java:218)
	at java.net.AbstractPlainSocketImpl.connect(AbstractPlainSocketImpl.java:200)
	at java.net.PlainSocketImpl.connect(PlainSocketImpl.java:162)
	at java.net.SocksSocketImpl.connect(SocksSocketImpl.java:394)
	at java.net.Socket.connect(Socket.java:606)
	at com.mysql.cj.protocol.StandardSocketFactory.connect(StandardSocketFactory.java:155)
	at com.mysql.cj.protocol.a.NativeSocketConnection.connect(NativeSocketConnection.java:65)
	... 12 common frames omitted
20:02:51.462 [Druid-ConnectionPool-Create-1671065038] ERROR c.a.d.p.DruidDataSource - [run,2781] - create connection SQLException, url: jdbc:mysql://8.130.41.252:3306/blockchain?useUnicode=true&characterEncoding=utf8&zeroDateTimeBehavior=convertToNull&useSSL=true&serverTimezone=GMT%2B8, errorCode 0, state 08S01
com.mysql.cj.jdbc.exceptions.CommunicationsException: Communications link failure

The last packet sent successfully to the server was 0 milliseconds ago. The driver has not received any packets from the server.
	at com.mysql.cj.jdbc.exceptions.SQLError.createCommunicationsException(SQLError.java:174)
	at com.mysql.cj.jdbc.exceptions.SQLExceptionsMapping.translateException(SQLExceptionsMapping.java:64)
	at com.mysql.cj.jdbc.ConnectionImpl.createNewIO(ConnectionImpl.java:836)
	at com.mysql.cj.jdbc.ConnectionImpl.<init>(ConnectionImpl.java:456)
	at com.mysql.cj.jdbc.ConnectionImpl.getInstance(ConnectionImpl.java:246)
	at com.mysql.cj.jdbc.NonRegisteringDriver.connect(NonRegisteringDriver.java:197)
	at com.alibaba.druid.filter.FilterChainImpl.connection_connect(FilterChainImpl.java:156)
	at com.alibaba.druid.filter.stat.StatFilter.connection_connect(StatFilter.java:218)
	at com.alibaba.druid.filter.FilterChainImpl.connection_connect(FilterChainImpl.java:150)
	at com.alibaba.druid.pool.DruidAbstractDataSource.createPhysicalConnection(DruidAbstractDataSource.java:1646)
	at com.alibaba.druid.pool.DruidAbstractDataSource.createPhysicalConnection(DruidAbstractDataSource.java:1710)
	at com.alibaba.druid.pool.DruidDataSource$CreateConnectionThread.run(DruidDataSource.java:2779)
Caused by: com.mysql.cj.exceptions.CJCommunicationsException: Communications link failure

The last packet sent successfully to the server was 0 milliseconds ago. The driver has not received any packets from the server.
	at sun.reflect.GeneratedConstructorAccessor114.newInstance(Unknown Source)
	at sun.reflect.DelegatingConstructorAccessorImpl.newInstance(DelegatingConstructorAccessorImpl.java:45)
	at java.lang.reflect.Constructor.newInstance(Constructor.java:423)
	at com.mysql.cj.exceptions.ExceptionFactory.createException(ExceptionFactory.java:61)
	at com.mysql.cj.exceptions.ExceptionFactory.createException(ExceptionFactory.java:105)
	at com.mysql.cj.exceptions.ExceptionFactory.createException(ExceptionFactory.java:151)
	at com.mysql.cj.exceptions.ExceptionFactory.createCommunicationsException(ExceptionFactory.java:167)
	at com.mysql.cj.protocol.a.NativeSocketConnection.connect(NativeSocketConnection.java:91)
	at com.mysql.cj.NativeSession.connect(NativeSession.java:144)
	at com.mysql.cj.jdbc.ConnectionImpl.connectOneTryOnly(ConnectionImpl.java:956)
	at com.mysql.cj.jdbc.ConnectionImpl.createNewIO(ConnectionImpl.java:826)
	... 9 common frames omitted
Caused by: java.net.NoRouteToHostException: No route to host: connect
	at java.net.DualStackPlainSocketImpl.connect0(Native Method)
	at java.net.DualStackPlainSocketImpl.socketConnect(DualStackPlainSocketImpl.java:75)
	at java.net.AbstractPlainSocketImpl.doConnect(AbstractPlainSocketImpl.java:476)
	at java.net.AbstractPlainSocketImpl.connectToAddress(AbstractPlainSocketImpl.java:218)
	at java.net.AbstractPlainSocketImpl.connect(AbstractPlainSocketImpl.java:200)
	at java.net.PlainSocketImpl.connect(PlainSocketImpl.java:162)
	at java.net.SocksSocketImpl.connect(SocksSocketImpl.java:394)
	at java.net.Socket.connect(Socket.java:606)
	at com.mysql.cj.protocol.StandardSocketFactory.connect(StandardSocketFactory.java:155)
	at com.mysql.cj.protocol.a.NativeSocketConnection.connect(NativeSocketConnection.java:65)
	... 12 common frames omitted
21:59:20.720 [QuartzScheduler_RuoyiScheduler-LAPTOP-054BLB7L1675323381260_ClusterManager] ERROR c.a.d.f.s.StatFilter - [internalAfterStatementExecute,478] - slow sql 72230 millis. SELECT * FROM QRTZ_SCHEDULER_STATE WHERE SCHED_NAME = 'RuoyiScheduler'[]
22:03:47.709 [QuartzScheduler_RuoyiScheduler-LAPTOP-054BLB7L1675323381260_MisfireHandler] ERROR c.a.d.f.s.StatFilter - [internalAfterStatementExecute,478] - slow sql 2398 millis. SELECT COUNT(TRIGGER_NAME) FROM QRTZ_TRIGGERS WHERE SCHED_NAME = 'RuoyiScheduler' AND NOT (MISFIRE_INSTR = -1) AND NEXT_FIRE_TIME < ? AND TRIGGER_STATE = ?[1675433013310,"WAITING"]
22:33:47.432 [QuartzScheduler_RuoyiScheduler-LAPTOP-054BLB7L1675323381260_MisfireHandler] ERROR c.a.d.f.s.StatFilter - [internalAfterStatementExecute,478] - slow sql 1306 millis. SELECT COUNT(TRIGGER_NAME) FROM QRTZ_TRIGGERS WHERE SCHED_NAME = 'RuoyiScheduler' AND NOT (MISFIRE_INSTR = -1) AND NEXT_FIRE_TIME < ? AND TRIGGER_STATE = ?[1675434814125,"WAITING"]
22:33:51.172 [QuartzScheduler_RuoyiScheduler-LAPTOP-054BLB7L1675323381260_ClusterManager] ERROR c.a.d.f.s.StatFilter - [internalAfterStatementExecute,478] - slow sql 1117 millis. UPDATE QRTZ_SCHEDULER_STATE SET LAST_CHECKIN_TIME = ? WHERE SCHED_NAME = 'RuoyiScheduler' AND INSTANCE_NAME = ?[1675434830053,"LAPTOP-054BLB7L1675323381260"]
22:38:53.994 [QuartzScheduler_RuoyiScheduler-LAPTOP-054BLB7L1675323381260_ClusterManager] ERROR c.a.d.f.s.StatFilter - [internalAfterStatementExecute,478] - slow sql 1230 millis. UPDATE QRTZ_SCHEDULER_STATE SET LAST_CHECKIN_TIME = ? WHERE SCHED_NAME = 'RuoyiScheduler' AND INSTANCE_NAME = ?[1675435132763,"LAPTOP-054BLB7L1675323381260"]
23:08:59.686 [QuartzScheduler_RuoyiScheduler-LAPTOP-054BLB7L1675323381260_MisfireHandler] ERROR c.a.d.f.s.StatFilter - [internalAfterStatementExecute,478] - slow sql 1300 millis. SELECT COUNT(TRIGGER_NAME) FROM QRTZ_TRIGGERS WHERE SCHED_NAME = 'RuoyiScheduler' AND NOT (MISFIRE_INSTR = -1) AND NEXT_FIRE_TIME < ? AND TRIGGER_STATE = ?[1675436926385,"WAITING"]
23:09:05.752 [QuartzScheduler_RuoyiScheduler-LAPTOP-054BLB7L1675323381260_ClusterManager] ERROR c.a.d.f.s.StatFilter - [internalAfterStatementExecute,478] - slow sql 1050 millis. SELECT * FROM QRTZ_SCHEDULER_STATE WHERE SCHED_NAME = 'RuoyiScheduler'[]
23:14:10.034 [QuartzScheduler_RuoyiScheduler-LAPTOP-054BLB7L1675323381260_ClusterManager] ERROR c.a.d.f.s.StatFilter - [internalAfterStatementExecute,478] - slow sql 1238 millis. UPDATE QRTZ_SCHEDULER_STATE SET LAST_CHECKIN_TIME = ? WHERE SCHED_NAME = 'RuoyiScheduler' AND INSTANCE_NAME = ?[1675437248796,"LAPTOP-054BLB7L1675323381260"]
23:44:11.674 [QuartzScheduler_RuoyiScheduler-LAPTOP-054BLB7L1675323381260_MisfireHandler] ERROR c.a.d.f.s.StatFilter - [internalAfterStatementExecute,478] - slow sql 1119 millis. SELECT COUNT(TRIGGER_NAME) FROM QRTZ_TRIGGERS WHERE SCHED_NAME = 'RuoyiScheduler' AND NOT (MISFIRE_INSTR = -1) AND NEXT_FIRE_TIME < ? AND TRIGGER_STATE = ?[1675439038555,"WAITING"]
23:44:17.734 [RuoyiScheduler_QuartzSchedulerThread] ERROR c.a.d.f.s.StatFilter - [internalAfterStatementExecute,478] - slow sql 1059 millis. SELECT TRIGGER_NAME, TRIGGER_GROUP, NEXT_FIRE_TIME, PRIORITY FROM QRTZ_TRIGGERS WHERE SCHED_NAME = 'RuoyiScheduler' AND TRIGGER_STATE = ? AND NEXT_FIRE_TIME <= ? AND (MISFIRE_INSTR = -1 OR (MISFIRE_INSTR != -1 AND NEXT_FIRE_TIME >= ?)) ORDER BY NEXT_FIRE_TIME ASC, PRIORITY DESC["WAITING",1675439085759,1675439044675]
23:44:21.495 [QuartzScheduler_RuoyiScheduler-LAPTOP-054BLB7L1675323381260_ClusterManager] ERROR c.a.d.f.s.StatFilter - [internalAfterStatementExecute,478] - slow sql 1212 millis. SELECT * FROM QRTZ_SCHEDULER_STATE WHERE SCHED_NAME = 'RuoyiScheduler'[]
23:49:17.015 [RuoyiScheduler_QuartzSchedulerThread] ERROR c.a.d.f.s.StatFilter - [internalAfterStatementExecute,478] - slow sql 1160 millis. SELECT TRIGGER_NAME, TRIGGER_GROUP, NEXT_FIRE_TIME, PRIORITY FROM QRTZ_TRIGGERS WHERE SCHED_NAME = 'RuoyiScheduler' AND TRIGGER_STATE = ? AND NEXT_FIRE_TIME <= ? AND (MISFIRE_INSTR = -1 OR (MISFIRE_INSTR != -1 AND NEXT_FIRE_TIME >= ?)) ORDER BY NEXT_FIRE_TIME ASC, PRIORITY DESC["WAITING",1675439385334,1675439343855]
23:49:23.059 [QuartzScheduler_RuoyiScheduler-LAPTOP-054BLB7L1675323381260_MisfireHandler] ERROR c.a.d.f.s.StatFilter - [internalAfterStatementExecute,478] - slow sql 1095 millis. SELECT COUNT(TRIGGER_NAME) FROM QRTZ_TRIGGERS WHERE SCHED_NAME = 'RuoyiScheduler' AND NOT (MISFIRE_INSTR = -1) AND NEXT_FIRE_TIME < ? AND TRIGGER_STATE = ?[1675439349963,"WAITING"]
23:49:26.537 [QuartzScheduler_RuoyiScheduler-LAPTOP-054BLB7L1675323381260_ClusterManager] ERROR c.a.d.f.s.StatFilter - [internalAfterStatementExecute,478] - slow sql 1291 millis. UPDATE QRTZ_SCHEDULER_STATE SET LAST_CHECKIN_TIME = ? WHERE SCHED_NAME = 'RuoyiScheduler' AND INSTANCE_NAME = ?[1675439365246,"LAPTOP-054BLB7L1675323381260"]
23:58:10.191 [Druid-ConnectionPool-Create-1671065038] ERROR c.a.d.p.DruidDataSource - [run,2781] - create connection SQLException, url: jdbc:mysql://8.130.41.252:3306/blockchain?useUnicode=true&characterEncoding=utf8&zeroDateTimeBehavior=convertToNull&useSSL=true&serverTimezone=GMT%2B8, errorCode 0, state 08S01
com.mysql.cj.jdbc.exceptions.CommunicationsException: Communications link failure

The last packet sent successfully to the server was 0 milliseconds ago. The driver has not received any packets from the server.
	at com.mysql.cj.jdbc.exceptions.SQLError.createCommunicationsException(SQLError.java:174)
	at com.mysql.cj.jdbc.exceptions.SQLExceptionsMapping.translateException(SQLExceptionsMapping.java:64)
	at com.mysql.cj.jdbc.ConnectionImpl.createNewIO(ConnectionImpl.java:836)
	at com.mysql.cj.jdbc.ConnectionImpl.<init>(ConnectionImpl.java:456)
	at com.mysql.cj.jdbc.ConnectionImpl.getInstance(ConnectionImpl.java:246)
	at com.mysql.cj.jdbc.NonRegisteringDriver.connect(NonRegisteringDriver.java:197)
	at com.alibaba.druid.filter.FilterChainImpl.connection_connect(FilterChainImpl.java:156)
	at com.alibaba.druid.filter.stat.StatFilter.connection_connect(StatFilter.java:218)
	at com.alibaba.druid.filter.FilterChainImpl.connection_connect(FilterChainImpl.java:150)
	at com.alibaba.druid.pool.DruidAbstractDataSource.createPhysicalConnection(DruidAbstractDataSource.java:1646)
	at com.alibaba.druid.pool.DruidAbstractDataSource.createPhysicalConnection(DruidAbstractDataSource.java:1710)
	at com.alibaba.druid.pool.DruidDataSource$CreateConnectionThread.run(DruidDataSource.java:2779)
Caused by: com.mysql.cj.exceptions.CJCommunicationsException: Communications link failure

The last packet sent successfully to the server was 0 milliseconds ago. The driver has not received any packets from the server.
	at sun.reflect.GeneratedConstructorAccessor114.newInstance(Unknown Source)
	at sun.reflect.DelegatingConstructorAccessorImpl.newInstance(DelegatingConstructorAccessorImpl.java:45)
	at java.lang.reflect.Constructor.newInstance(Constructor.java:423)
	at com.mysql.cj.exceptions.ExceptionFactory.createException(ExceptionFactory.java:61)
	at com.mysql.cj.exceptions.ExceptionFactory.createException(ExceptionFactory.java:105)
	at com.mysql.cj.exceptions.ExceptionFactory.createException(ExceptionFactory.java:151)
	at com.mysql.cj.exceptions.ExceptionFactory.createCommunicationsException(ExceptionFactory.java:167)
	at com.mysql.cj.protocol.a.NativeProtocol.readMessage(NativeProtocol.java:538)
	at com.mysql.cj.protocol.a.NativeProtocol.readServerCapabilities(NativeProtocol.java:490)
	at com.mysql.cj.protocol.a.NativeProtocol.beforeHandshake(NativeProtocol.java:377)
	at com.mysql.cj.protocol.a.NativeProtocol.connect(NativeProtocol.java:1340)
	at com.mysql.cj.NativeSession.connect(NativeSession.java:157)
	at com.mysql.cj.jdbc.ConnectionImpl.connectOneTryOnly(ConnectionImpl.java:956)
	at com.mysql.cj.jdbc.ConnectionImpl.createNewIO(ConnectionImpl.java:826)
	... 9 common frames omitted
Caused by: java.net.SocketException: Connection reset
	at java.net.SocketInputStream.read(SocketInputStream.java:210)
	at java.net.SocketInputStream.read(SocketInputStream.java:141)
	at com.mysql.cj.protocol.ReadAheadInputStream.fill(ReadAheadInputStream.java:107)
	at com.mysql.cj.protocol.ReadAheadInputStream.readFromUnderlyingStreamIfNecessary(ReadAheadInputStream.java:150)
	at com.mysql.cj.protocol.ReadAheadInputStream.read(ReadAheadInputStream.java:180)
	at java.io.FilterInputStream.read(FilterInputStream.java:133)
	at com.mysql.cj.protocol.FullReadInputStream.readFully(FullReadInputStream.java:64)
	at com.mysql.cj.protocol.a.SimplePacketReader.readHeader(SimplePacketReader.java:63)
	at com.mysql.cj.protocol.a.SimplePacketReader.readHeader(SimplePacketReader.java:45)
	at com.mysql.cj.protocol.a.NativeProtocol.readMessage(NativeProtocol.java:532)
	... 15 common frames omitted
