13:49:54.576 [restartedMain] INFO  c.r.RuoYiApplication - [logStarting,50] - Starting RuoYiApplication on LAPTOP-054BLB7L with PID 4996 (E:\food\Blockchain-APTrace-Fabric\blockchain-trace-basic-data\ruoyi-admin\target\classes started by 冯银发 in E:\food\Blockchain-APTrace-Fabric\blockchain-trace-basic-data)
13:49:54.581 [restartedMain] INFO  c.r.RuoYiApplication - [logStartupProfileInfo,652] - The following profiles are active: druid
13:49:59.177 [restartedMain] INFO  o.a.c.h.Http11NioProtocol - [log,173] - Initializing ProtocolHandler ["http-nio-8080"]
13:49:59.186 [restartedMain] INFO  o.a.c.c.StandardService - [log,173] - Starting service [Tomcat]
13:49:59.186 [restartedMain] INFO  o.a.c.c.StandardEngine - [log,173] - Starting Servlet engine: [Apache Tomcat/9.0.38]
13:49:59.296 [restartedMain] INFO  o.a.c.c.C.[.[.[/] - [log,173] - Initializing Spring embedded WebApplicationContext
13:50:04.197 [restartedMain] INFO  c.a.d.p.DruidDataSource - [init,994] - {dataSource-1} inited
13:50:04.512 [restartedMain] INFO  i.l.c.EpollProvider - [<clinit>,68] - Starting without optional epoll library
13:50:04.517 [restartedMain] INFO  i.l.c.KqueueProvider - [<clinit>,70] - Starting without optional kqueue library
13:50:07.462 [restartedMain] INFO  o.q.i.StdSchedulerFactory - [instantiate,1220] - Using default implementation for ThreadExecutor
13:50:07.477 [restartedMain] INFO  o.q.c.SchedulerSignalerImpl - [<init>,61] - Initialized Scheduler Signaller of type: class org.quartz.core.SchedulerSignalerImpl
13:50:07.477 [restartedMain] INFO  o.q.c.QuartzScheduler - [<init>,229] - Quartz Scheduler v.2.3.2 created.
13:50:07.482 [restartedMain] INFO  o.q.c.QuartzScheduler - [initialize,294] - Scheduler meta-data: Quartz Scheduler (v2.3.2) 'RuoyiScheduler' with instanceId 'LAPTOP-054BLB7L1712555407467'
  Scheduler class: 'org.quartz.core.QuartzScheduler' - running locally.
  NOT STARTED.
  Currently in standby mode.
  Number of jobs executed: 0
  Using thread pool 'org.quartz.simpl.SimpleThreadPool' - with 20 threads.
  Using job-store 'org.springframework.scheduling.quartz.LocalDataSourceJobStore' - which supports persistence. and is clustered.

13:50:07.482 [restartedMain] INFO  o.q.i.StdSchedulerFactory - [instantiate,1374] - Quartz scheduler 'RuoyiScheduler' initialized from an externally provided properties instance.
13:50:07.482 [restartedMain] INFO  o.q.i.StdSchedulerFactory - [instantiate,1378] - Quartz scheduler version: 2.3.2
13:50:07.487 [restartedMain] INFO  o.q.c.QuartzScheduler - [setJobFactory,2293] - JobFactory set to: org.springframework.scheduling.quartz.AdaptableJobFactory@36d99775
13:50:11.627 [restartedMain] INFO  s.d.s.w.PropertySourcedRequestMappingHandlerMapping - [initHandlerMethods,69] - Mapped URL path [/v2/api-docs] onto method [public org.springframework.http.ResponseEntity<springfox.documentation.spring.web.json.Json> springfox.documentation.swagger2.web.Swagger2Controller.getDocumentation(java.lang.String,javax.servlet.http.HttpServletRequest)]
13:50:12.907 [restartedMain] INFO  s.d.s.w.p.DocumentationPluginsBootstrapper - [start,160] - Context refreshed
13:50:12.917 [restartedMain] INFO  s.d.s.w.p.DocumentationPluginsBootstrapper - [start,163] - Found 1 custom documentation plugin(s)
13:50:12.967 [restartedMain] INFO  s.d.s.w.s.ApiListingReferenceScanner - [scan,41] - Scanning for api listing references
13:50:13.117 [restartedMain] INFO  o.a.c.h.Http11NioProtocol - [log,173] - Starting ProtocolHandler ["http-nio-8080"]
13:50:13.147 [restartedMain] INFO  c.r.RuoYiApplication - [logStarted,59] - Started RuoYiApplication in 18.971 seconds (JVM running for 21.295)
13:50:14.617 [Quartz Scheduler [RuoyiScheduler]] INFO  o.q.c.QuartzScheduler - [start,547] - Scheduler RuoyiScheduler_$_LAPTOP-054BLB7L1712555407467 started.
13:50:34.967 [http-nio-8080-exec-2] INFO  o.a.c.c.C.[.[.[/] - [log,173] - Initializing Spring DispatcherServlet 'dispatcherServlet'
13:57:41.883 [schedule-pool-1] INFO  sys-user - [run,54] - [127.0.0.1]内网IP[lijie][Success][登录成功]
15:35:23.945 [schedule-pool-1] INFO  sys-user - [run,54] - [127.0.0.1]内网IP[admin][Success][登录成功]
15:35:59.039 [schedule-pool-2] INFO  sys-user - [run,54] - [127.0.0.1]内网IP[admin][Logout][退出成功]
15:36:16.118 [schedule-pool-1] INFO  sys-user - [run,54] - [127.0.0.1]内网IP[admin][Success][登录成功]
16:09:45.577 [Druid-ConnectionPool-Create-179910374] INFO  c.a.d.p.DruidDataSource - [run,2824] - put physical connection to pool failed.
